Using pre-set license
Built from 'HEAD' branch; Version is '2021.3.12f1c2 (ffeb050254a0) revision 16771845'; Using compiler version '192829333'; Build Type 'Release'
OS: 'Windows 10  (10.0.19044) 64bit Professional' Language: 'zh' Physical Memory: 15787 MB
BatchMode: 1, IsHumanControllingUs: 0, StartBugReporterOnCrash: 0, Is64bit: 1, IsPro: 1

COMMAND LINE ARGUMENTS:
D:\UnityHub_Install_Location\2021.3.12f1c2\Editor\Unity.exe
-adb2
-batchMode
-noUpm
-name
AssetImportWorker2
-projectPath
D:/vrProject/My project
-logFile
Logs/AssetImportWorker2.log
-srvPort
65317
Successfully changed project path to: D:/vrProject/My project
D:/vrProject/My project
[UnityMemory] Configuration Parameters - Can be set up in boot.config
    "memorysetup-bucket-allocator-granularity=16"
    "memorysetup-bucket-allocator-bucket-count=8"
    "memorysetup-bucket-allocator-block-size=33554432"
    "memorysetup-bucket-allocator-block-count=8"
    "memorysetup-main-allocator-block-size=16777216"
    "memorysetup-thread-allocator-block-size=16777216"
    "memorysetup-gfx-main-allocator-block-size=16777216"
    "memorysetup-gfx-thread-allocator-block-size=16777216"
    "memorysetup-cache-allocator-block-size=4194304"
    "memorysetup-typetree-allocator-block-size=2097152"
    "memorysetup-profiler-bucket-allocator-granularity=16"
    "memorysetup-profiler-bucket-allocator-bucket-count=8"
    "memorysetup-profiler-bucket-allocator-block-size=33554432"
    "memorysetup-profiler-bucket-allocator-block-count=8"
    "memorysetup-profiler-allocator-block-size=16777216"
    "memorysetup-profiler-editor-allocator-block-size=1048576"
    "memorysetup-temp-allocator-size-main=16777216"
    "memorysetup-job-temp-allocator-block-size=2097152"
    "memorysetup-job-temp-allocator-block-size-background=1048576"
    "memorysetup-job-temp-allocator-reduction-small-platforms=262144"
    "memorysetup-temp-allocator-size-background-worker=32768"
    "memorysetup-temp-allocator-size-job-worker=262144"
    "memorysetup-temp-allocator-size-preload-manager=33554432"
    "memorysetup-temp-allocator-size-nav-mesh-worker=65536"
    "memorysetup-temp-allocator-size-audio-worker=65536"
    "memorysetup-temp-allocator-size-cloud-worker=32768"
    "memorysetup-temp-allocator-size-gi-baking-worker=262144"
    "memorysetup-temp-allocator-size-gfx=262144"
AS: AutoStreaming module initializing.
Refreshing native plugins compatible for Editor in 102.83 ms, found 12 plugins.
Preloading 1 native plugins for Editor in 0.85 ms.
Initialize engine version: 2021.3.12f1c2 (ffeb050254a0)
[Subsystems] Discovering subsystems at path D:/UnityHub_Install_Location/2021.3.12f1c2/Editor/Data/Resources/UnitySubsystems
[Subsystems] Discovering subsystems at path D:/vrProject/My project/Assets
GfxDevice: creating device client; threaded=0; jobified=0
Direct3D:
    Version:  Direct3D 11.0 [level 11.1]
    Renderer: NVIDIA GeForce GTX 1650 (ID=0x1f99)
    Vendor:   NVIDIA
    VRAM:     3962 MB
    Driver:   31.0.15.2225
Initialize mono
Mono path[0] = 'D:/UnityHub_Install_Location/2021.3.12f1c2/Editor/Data/Managed'
Mono path[1] = 'D:/UnityHub_Install_Location/2021.3.12f1c2/Editor/Data/MonoBleedingEdge/lib/mono/unityjit-win32'
Mono config path = 'D:/UnityHub_Install_Location/2021.3.12f1c2/Editor/Data/MonoBleedingEdge/etc'
Using monoOptions --debugger-agent=transport=dt_socket,embedding=1,server=y,suspend=n,address=127.0.0.1:56432
Begin MonoManager ReloadAssembly
Registering precompiled unity dll's ...
Register platform support module: D:/UnityHub_Install_Location/2021.3.12f1c2/Editor/Data/PlaybackEngines/AndroidPlayer/UnityEditor.Android.Extensions.dll
Register platform support module: D:/UnityHub_Install_Location/2021.3.12f1c2/Editor/Data/PlaybackEngines/WindowsStandaloneSupport/UnityEditor.WindowsStandalone.Extensions.dll
Registered in 0.004000 seconds.
Native extension for WindowsStandalone target not found
Native extension for Android target not found
Refreshing native plugins compatible for Editor in 90.03 ms, found 12 plugins.
Preloading 1 native plugins for Editor in 0.10 ms.
Mono: successfully reloaded assembly
- Completed reload, in  0.612 seconds
Domain Reload Profiling:
	ReloadAssembly (612ms)
		BeginReloadAssembly (68ms)
			ExecutionOrderSort (0ms)
			DisableScriptedObjects (0ms)
			BackupInstance (0ms)
			ReleaseScriptingObjects (0ms)
			CreateAndSetChildDomain (1ms)
		EndReloadAssembly (438ms)
			LoadAssemblies (65ms)
			RebuildTransferFunctionScriptingTraits (0ms)
			SetupTypeCache (96ms)
			ReleaseScriptCaches (0ms)
			RebuildScriptCaches (23ms)
			SetupLoadedEditorAssemblies (272ms)
				LogAssemblyErrors (0ms)
				InitializePlatformSupportModulesInManaged (51ms)
				SetLoadedEditorAssemblies (0ms)
				RefreshPlugins (90ms)
				BeforeProcessingInitializeOnLoad (1ms)
				ProcessInitializeOnLoadAttributes (88ms)
				ProcessInitializeOnLoadMethodAttributes (42ms)
				AfterProcessingInitializeOnLoad (0ms)
				EditorAssembliesLoaded (0ms)
			ExecutionOrderSort2 (0ms)
			AwakeInstancesAfterBackupRestoration (0ms)
Platform modules already initialized, skipping
Registering precompiled user dll's ...
Registered in 0.015439 seconds.
Begin MonoManager ReloadAssembly
Symbol file LoadedFromMemory doesn't match image D:\vrProject\My project\Library\PackageCache\com.unity.visualscripting@1.7.8\Editor\VisualScripting.Core\Dependencies\DotNetZip\Unity.VisualScripting.IonicZip.dll
Symbol file LoadedFromMemory doesn't match image D:\vrProject\My project\Library\PackageCache\com.unity.visualscripting@1.7.8\Editor\VisualScripting.Core\Dependencies\YamlDotNet\Unity.VisualScripting.YamlDotNet.dll
Native extension for WindowsStandalone target not found
Native extension for Android target not found
Refreshing native plugins compatible for Editor in 90.40 ms, found 12 plugins.
Preloading 1 native plugins for Editor in 0.12 ms.
Package Manager log level set to [2]
System.Reflection.TargetInvocationException: Exception has been thrown by the target of an invocation. ---> System.NullReferenceException: Object reference not set to an instance of an object
  at Unity.XR.Oculus.OculusLoader.AssetPathToAbsolutePath (System.String assetPath) [0x0003d] in D:\vrProject\My project\Library\PackageCache\com.unity.xr.oculus@3.0.2\Runtime\OculusLoader.cs:271 
  at Unity.XR.Oculus.OculusLoader.EditorLoadOVRPlugin () [0x0007b] in D:\vrProject\My project\Library\PackageCache\com.unity.xr.oculus@3.0.2\Runtime\OculusLoader.cs:256 
  at (wrapper managed-to-native) System.Reflection.RuntimeMethodInfo.InternalInvoke(System.Reflection.RuntimeMethodInfo,object,object[],System.Exception&)
  at System.Reflection.RuntimeMethodInfo.Invoke (System.Object obj, System.Reflection.BindingFlags invokeAttr, System.Reflection.Binder binder, System.Object[] parameters, System.Globalization.CultureInfo culture) [0x0006a] in <c9d3ffd4b98649ee9989e1908eaca019>:0 
   --- End of inner exception stack trace ---
  at System.Reflection.RuntimeMethodInfo.Invoke (System.Object obj, System.Reflection.BindingFlags invokeAttr, System.Reflection.Binder binder, System.Object[] parameters, System.Globalization.CultureInfo culture) [0x00083] in <c9d3ffd4b98649ee9989e1908eaca019>:0 
  at System.Reflection.MethodBase.Invoke (System.Object obj, System.Object[] parameters) [0x00000] in <c9d3ffd4b98649ee9989e1908eaca019>:0 
  at UnityEditor.EditorAssemblies.ProcessInitializeOnLoadMethodAttributes () [0x000a5] in <ff644ad2afd246129ad2e1e8da5c9aed>:0 
UnityEngine.StackTraceUtility:ExtractStackTrace ()
UnityEngine.DebugLogHandler:LogFormat (UnityEngine.LogType,UnityEngine.Object,string,object[])
UnityEngine.Logger:Log (UnityEngine.LogType,object)
UnityEngine.Debug:LogError (object)
UnityEditor.EditorAssemblies:ProcessInitializeOnLoadMethodAttributes ()

Mono: successfully reloaded assembly
- Completed reload, in  1.272 seconds
Domain Reload Profiling:
	ReloadAssembly (1273ms)
		BeginReloadAssembly (215ms)
			ExecutionOrderSort (0ms)
			DisableScriptedObjects (5ms)
			BackupInstance (0ms)
			ReleaseScriptingObjects (0ms)
			CreateAndSetChildDomain (133ms)
		EndReloadAssembly (948ms)
			LoadAssemblies (83ms)
			RebuildTransferFunctionScriptingTraits (0ms)
			SetupTypeCache (267ms)
			ReleaseScriptCaches (1ms)
			RebuildScriptCaches (53ms)
			SetupLoadedEditorAssemblies (495ms)
				LogAssemblyErrors (0ms)
				InitializePlatformSupportModulesInManaged (12ms)
				SetLoadedEditorAssemblies (0ms)
				RefreshPlugins (91ms)
				BeforeProcessingInitializeOnLoad (88ms)
				ProcessInitializeOnLoadAttributes (264ms)
				ProcessInitializeOnLoadMethodAttributes (33ms)
				AfterProcessingInitializeOnLoad (8ms)
				EditorAssembliesLoaded (0ms)
			ExecutionOrderSort2 (0ms)
			AwakeInstancesAfterBackupRestoration (6ms)
Platform modules already initialized, skipping
========================================================================
Worker process is ready to serve import requests
Launched and connected shader compiler UnityShaderCompiler.exe after 0.06 seconds
Refreshing native plugins compatible for Editor in 1.13 ms, found 12 plugins.
Preloading 1 native plugins for Editor in 0.16 ms.
Unloading 4143 Unused Serialized files (Serialized files now loaded: 0)
Unloading 53 unused Assets / (89.5 KB). Loaded Objects now: 4606.
Memory consumption went from 169.8 MB to 169.7 MB.
Total: 3.675400 ms (FindLiveObjects: 0.334700 ms CreateObjectMapping: 0.107600 ms MarkObjects: 3.093200 ms  DeleteObjects: 0.138300 ms)

AssetImportParameters requested are different than current active one (requested -> active):
  custom:video-decoder-ogg-theora: a1e56fd34408186e4bbccfd4996cb3dc -> 
  custom:container-muxer-webm: aa71ff27fc2769a1b78a27578f13a17b -> 
  custom:container-demuxer-webm: 4f35f7cbe854078d1ac9338744f61a02 -> 
  custom:video-encoder-webm-vp8: eb34c28f22e8b96e1ab97ce403110664 -> 
  custom:audio-encoder-webm-vorbis: bf7c407c2cedff20999df2af8eb42d56 -> 
  custom:framework-win-MediaFoundation: 216162199b28c13a410421893ffa2e32 -> 
  custom:container-demuxer-ogg: 62fdf1f143b41e24485cea50d1cbac27 -> 
  custom:video-decoder-webm-vp8: 9c59270c3fd7afecdb556c50c9e8de78 -> 
  custom:audio-decoder-ogg-vorbis: bf7c407c2cedff20999df2af8eb42d56 -> 
========================================================================
Received Import Request.
  Time since last request: 496782.584579 seconds.
  path: Assets/Store_Assets/HDRPFurniturePack/Artek
  artifactKey: Guid(617aaf8873f4c4e47852882cbcdbb606) Importer(815301076,1909f56bfc062723c751e8b465ee728b)
Start importing Assets/Store_Assets/HDRPFurniturePack/Artek using Guid(617aaf8873f4c4e47852882cbcdbb606) Importer(815301076,1909f56bfc062723c751e8b465ee728b)  -> (artifact id: '8edbe70a16ebd495dbdd4c100de012f2') in 0.008263 seconds 
========================================================================
Received Import Request.
  Time since last request: 0.944473 seconds.
  path: Assets/Store_Assets/HDRPFurniturePack/Artek/Floor_Light_A810_Artek
  artifactKey: Guid(b8fc2899703628240ad3883b3841b1c1) Importer(815301076,1909f56bfc062723c751e8b465ee728b)
Start importing Assets/Store_Assets/HDRPFurniturePack/Artek/Floor_Light_A810_Artek using Guid(b8fc2899703628240ad3883b3841b1c1) Importer(815301076,1909f56bfc062723c751e8b465ee728b)  -> (artifact id: '209d83b5229ac31eaa296c6b36e49011') in 0.001918 seconds 
========================================================================
Received Import Request.
  Time since last request: 0.039252 seconds.
  path: Assets/Store_Assets/HDRPFurniturePack/Artek/Floor_Light_A810_Artek/Floor_Light_A810_Artek.prefab
  artifactKey: Guid(96f554849a71e424fa1152c9accc330f) Importer(815301076,1909f56bfc062723c751e8b465ee728b)
Start importing Assets/Store_Assets/HDRPFurniturePack/Artek/Floor_Light_A810_Artek/Floor_Light_A810_Artek.prefab using Guid(96f554849a71e424fa1152c9accc330f) Importer(815301076,1909f56bfc062723c751e8b465ee728b)  -> (artifact id: '05cd48632da518ee269a64b5d1dc64ea') in 0.105754 seconds 
========================================================================
Received Import Request.
  Time since last request: 1.336753 seconds.
  path: Assets/Store_Assets/HDRPFurniturePack/Artek/Floor_Light_A810_Artek/Textures
  artifactKey: Guid(c19b7b4e80089ae40a7571b2fd0ff42b) Importer(815301076,1909f56bfc062723c751e8b465ee728b)
Start importing Assets/Store_Assets/HDRPFurniturePack/Artek/Floor_Light_A810_Artek/Textures using Guid(c19b7b4e80089ae40a7571b2fd0ff42b) Importer(815301076,1909f56bfc062723c751e8b465ee728b)  -> (artifact id: '59752dd8570c7928f540a3e801bfa0ba') in 0.001719 seconds 
========================================================================
Received Import Request.
  Time since last request: 0.083108 seconds.
  path: Assets/Store_Assets/HDRPFurniturePack/Artek/Floor_Light_A810_Artek/Textures/A810_Artek_Leather_Black_DetailMap.png
  artifactKey: Guid(bb8ffa2f6084c31409692843147ffe2a) Importer(815301076,1909f56bfc062723c751e8b465ee728b)
Start importing Assets/Store_Assets/HDRPFurniturePack/Artek/Floor_Light_A810_Artek/Textures/A810_Artek_Leather_Black_DetailMap.png using Guid(bb8ffa2f6084c31409692843147ffe2a) Importer(815301076,1909f56bfc062723c751e8b465ee728b)  -> (artifact id: '3d7cbeef8906981d68761d1c762e3fcc') in 0.019294 seconds 
========================================================================
Received Import Request.
  Time since last request: 2.579721 seconds.
  path: Assets/Store_Assets/HDRPFurniturePack/Wall_Decoration_Art_Zebra
  artifactKey: Guid(295a131897f00b845a71df59fc5d8ec2) Importer(815301076,1909f56bfc062723c751e8b465ee728b)
Start importing Assets/Store_Assets/HDRPFurniturePack/Wall_Decoration_Art_Zebra using Guid(295a131897f00b845a71df59fc5d8ec2) Importer(815301076,1909f56bfc062723c751e8b465ee728b)  -> (artifact id: '328ebea7ce169a58dd7b7fe502c97c69') in 0.001850 seconds 
========================================================================
Received Import Request.
  Time since last request: 0.067395 seconds.
  path: Assets/Store_Assets/HDRPFurniturePack/Wall_Decoration_Art_Zebra/Wall_Decoration_Art_Zebra.prefab
  artifactKey: Guid(b48178a9d56ed1f4ab29676f35def8e1) Importer(815301076,1909f56bfc062723c751e8b465ee728b)
Start importing Assets/Store_Assets/HDRPFurniturePack/Wall_Decoration_Art_Zebra/Wall_Decoration_Art_Zebra.prefab using Guid(b48178a9d56ed1f4ab29676f35def8e1) Importer(815301076,1909f56bfc062723c751e8b465ee728b)  -> (artifact id: '5499a4bd3afdd53d3fc028a1447ec814') in 0.011060 seconds 
========================================================================
Received Import Request.
  Time since last request: 1.437674 seconds.
  path: Assets/Store_Assets/HDRPFurniturePack/Wall_Decoration_Art_Zebra/Models
  artifactKey: Guid(eebaecabe589987498db551199909902) Importer(815301076,1909f56bfc062723c751e8b465ee728b)
Start importing Assets/Store_Assets/HDRPFurniturePack/Wall_Decoration_Art_Zebra/Models using Guid(eebaecabe589987498db551199909902) Importer(815301076,1909f56bfc062723c751e8b465ee728b)  -> (artifact id: '626926edf5fd7770bbac62290d73a410') in 0.001796 seconds 
========================================================================
Received Import Request.
  Time since last request: 0.043625 seconds.
  path: Assets/Store_Assets/HDRPFurniturePack/Wall_Decoration_Art_Zebra/Models/Wall_Decoration_Art_Zebra.fbx
  artifactKey: Guid(1d5e245361b886f45bb9b9642b693bf1) Importer(815301076,1909f56bfc062723c751e8b465ee728b)
Start importing Assets/Store_Assets/HDRPFurniturePack/Wall_Decoration_Art_Zebra/Models/Wall_Decoration_Art_Zebra.fbx using Guid(1d5e245361b886f45bb9b9642b693bf1) Importer(815301076,1909f56bfc062723c751e8b465ee728b)  -> (artifact id: 'cc82aa765a345bdd5f35c9641a9b18bb') in 0.044909 seconds 
========================================================================
Received Import Request.
  Time since last request: 2.639863 seconds.
  path: Assets/Store_Assets/HDRPFurniturePack/Rug_Woven_Wool_Natural
  artifactKey: Guid(7a08e0e26d85d89409408e7b91cba638) Importer(815301076,1909f56bfc062723c751e8b465ee728b)
Start importing Assets/Store_Assets/HDRPFurniturePack/Rug_Woven_Wool_Natural using Guid(7a08e0e26d85d89409408e7b91cba638) Importer(815301076,1909f56bfc062723c751e8b465ee728b)  -> (artifact id: '3b43cd32345451e3548481b3b745e468') in 0.002060 seconds 
========================================================================
Received Import Request.
  Time since last request: 0.066318 seconds.
  path: Assets/Store_Assets/HDRPFurniturePack/Rug_Woven_Wool_Natural/Rug Woven Wool Natural.prefab
  artifactKey: Guid(f3ba52664f9a27b48b0361c800895514) Importer(815301076,1909f56bfc062723c751e8b465ee728b)
Start importing Assets/Store_Assets/HDRPFurniturePack/Rug_Woven_Wool_Natural/Rug Woven Wool Natural.prefab using Guid(f3ba52664f9a27b48b0361c800895514) Importer(815301076,1909f56bfc062723c751e8b465ee728b)  -> (artifact id: '219e996ff6cd6d0f2accd9e599d26d59') in 0.010294 seconds 
========================================================================
Received Import Request.
  Time since last request: 3.410216 seconds.
  path: Assets/Store_Assets/HDRPFurniturePack/Rug_Woven_Wool_Natural/Textures
  artifactKey: Guid(a143cbb5d318e494a8d7b0b2bca0fbbf) Importer(815301076,1909f56bfc062723c751e8b465ee728b)
Start importing Assets/Store_Assets/HDRPFurniturePack/Rug_Woven_Wool_Natural/Textures using Guid(a143cbb5d318e494a8d7b0b2bca0fbbf) Importer(815301076,1909f56bfc062723c751e8b465ee728b)  -> (artifact id: 'cd734adc42ee8f9b632d5c346b6b103f') in 0.001892 seconds 
========================================================================
Received Import Request.
  Time since last request: 0.110991 seconds.
  path: Assets/Store_Assets/HDRPFurniturePack/Rug_Woven_Wool_Natural/Textures/Rug_Woven_Wool_Natural.png
  artifactKey: Guid(654408e17b79fb74da9c4565d2d74ecf) Importer(815301076,1909f56bfc062723c751e8b465ee728b)
Start importing Assets/Store_Assets/HDRPFurniturePack/Rug_Woven_Wool_Natural/Textures/Rug_Woven_Wool_Natural.png using Guid(654408e17b79fb74da9c4565d2d74ecf) Importer(815301076,1909f56bfc062723c751e8b465ee728b)  -> (artifact id: '89843acadde5e0de15d5be09e6af9ed3') in 0.011835 seconds 
========================================================================
Received Import Request.
  Time since last request: 2.919421 seconds.
  path: Assets/Store_Assets/HDRPFurniturePack/Rug_Woven_Wool_Natural/Models
  artifactKey: Guid(c9d0b8436402ebb4c91558f7de6c026b) Importer(815301076,1909f56bfc062723c751e8b465ee728b)
Start importing Assets/Store_Assets/HDRPFurniturePack/Rug_Woven_Wool_Natural/Models using Guid(c9d0b8436402ebb4c91558f7de6c026b) Importer(815301076,1909f56bfc062723c751e8b465ee728b)  -> (artifact id: 'ecb4f981674e0d907b909e32ecb51180') in 0.001818 seconds 
========================================================================
Received Import Request.
  Time since last request: 0.076403 seconds.
  path: Assets/Store_Assets/HDRPFurniturePack/Rug_Woven_Wool_Natural/Models/Rug_140x200cm.fbx
  artifactKey: Guid(efb2679043028084482e10399ab6d4ee) Importer(815301076,1909f56bfc062723c751e8b465ee728b)
Start importing Assets/Store_Assets/HDRPFurniturePack/Rug_Woven_Wool_Natural/Models/Rug_140x200cm.fbx using Guid(efb2679043028084482e10399ab6d4ee) Importer(815301076,1909f56bfc062723c751e8b465ee728b)  -> (artifact id: 'f32fdfdf1bc5ff4d264d5cc856607724') in 0.010717 seconds 
========================================================================
Received Import Request.
  Time since last request: 3.347356 seconds.
  path: Assets/Store_Assets/HDRPFurniturePack/Rug_Woven_Wool_Natural/Materials
  artifactKey: Guid(de0af1f7406def64880b35b8dd41b78c) Importer(815301076,1909f56bfc062723c751e8b465ee728b)
Start importing Assets/Store_Assets/HDRPFurniturePack/Rug_Woven_Wool_Natural/Materials using Guid(de0af1f7406def64880b35b8dd41b78c) Importer(815301076,1909f56bfc062723c751e8b465ee728b)  -> (artifact id: 'b2c845bb014af3d5fd1bf7e46035d7da') in 0.001945 seconds 
========================================================================
Received Import Request.
  Time since last request: 0.037456 seconds.
  path: Assets/Store_Assets/HDRPFurniturePack/Rug_Woven_Wool_Natural/Materials/New Material.mat
  artifactKey: Guid(e1f8746c8f3366740aa6340c315656f5) Importer(815301076,1909f56bfc062723c751e8b465ee728b)
Start importing Assets/Store_Assets/HDRPFurniturePack/Rug_Woven_Wool_Natural/Materials/New Material.mat using Guid(e1f8746c8f3366740aa6340c315656f5) Importer(815301076,1909f56bfc062723c751e8b465ee728b)  -> (artifact id: 'a51f2179510a196e7bb402b89a22a3dc') in 0.040409 seconds 
========================================================================
Received Import Request.
  Time since last request: 10.220281 seconds.
  path: Assets/Store_Assets/HDRPFurniturePack/Sofa_SL03_Allemuir_Stirling
  artifactKey: Guid(51a8fde25ec5ab144a34b57185818fb0) Importer(815301076,1909f56bfc062723c751e8b465ee728b)
Start importing Assets/Store_Assets/HDRPFurniturePack/Sofa_SL03_Allemuir_Stirling using Guid(51a8fde25ec5ab144a34b57185818fb0) Importer(815301076,1909f56bfc062723c751e8b465ee728b)  -> (artifact id: '3c9ad2c3b6673400143850044bfe54ea') in 0.001804 seconds 
========================================================================
Received Import Request.
  Time since last request: 0.857647 seconds.
  path: Assets/Store_Assets/HDRPFurniturePack/Sofa_SL03_Allemuir_Stirling/Sofa_SL03_Allemuir_Stirling.prefab
  artifactKey: Guid(2fb839915aaece74fbd0f24eb1d61b94) Importer(815301076,1909f56bfc062723c751e8b465ee728b)
Start importing Assets/Store_Assets/HDRPFurniturePack/Sofa_SL03_Allemuir_Stirling/Sofa_SL03_Allemuir_Stirling.prefab using Guid(2fb839915aaece74fbd0f24eb1d61b94) Importer(815301076,1909f56bfc062723c751e8b465ee728b)  -> (artifact id: '9218305fed66fecde48780c2f6be5dae') in 0.014087 seconds 
========================================================================
Received Import Request.
  Time since last request: 1.144729 seconds.
  path: Assets/Store_Assets/HDRPFurniturePack/Sofa_SL03_Allemuir_Stirling/Models
  artifactKey: Guid(96cb948fe195e0a4b892a9a6b51e57bf) Importer(815301076,1909f56bfc062723c751e8b465ee728b)
Start importing Assets/Store_Assets/HDRPFurniturePack/Sofa_SL03_Allemuir_Stirling/Models using Guid(96cb948fe195e0a4b892a9a6b51e57bf) Importer(815301076,1909f56bfc062723c751e8b465ee728b)  -> (artifact id: 'ccfb6226b559d2e6ab68c1bcb5d44082') in 0.001589 seconds 
========================================================================
Received Import Request.
  Time since last request: 0.042736 seconds.
  path: Assets/Store_Assets/HDRPFurniturePack/Sofa_SL03_Allemuir_Stirling/Models/Sofa_SL03_Allemuir_Stirling.fbx
  artifactKey: Guid(d665ab0e54676a44b836ae17a3cd4318) Importer(815301076,1909f56bfc062723c751e8b465ee728b)
Start importing Assets/Store_Assets/HDRPFurniturePack/Sofa_SL03_Allemuir_Stirling/Models/Sofa_SL03_Allemuir_Stirling.fbx using Guid(d665ab0e54676a44b836ae17a3cd4318) Importer(815301076,1909f56bfc062723c751e8b465ee728b)  -> (artifact id: 'df00dc9d0f3d8cc741dc078d5b7af6bb') in 0.026633 seconds 
========================================================================
Received Import Request.
  Time since last request: 51.313211 seconds.
  path: Assets/Resources/Sofa_SL03_Allemuir_Stirling.fbx
  artifactKey: Guid(48b1d48c9e9966e44a73fe594d4f2da6) Importer(815301076,1909f56bfc062723c751e8b465ee728b)
Start importing Assets/Resources/Sofa_SL03_Allemuir_Stirling.fbx using Guid(48b1d48c9e9966e44a73fe594d4f2da6) Importer(815301076,1909f56bfc062723c751e8b465ee728b)  -> (artifact id: '1d36f9f5ba1b3de63c6d19af16c871fa') in 0.046548 seconds 
========================================================================
Received Import Request.
  Time since last request: 3.018814 seconds.
  path: Assets/Store_Assets/HDRPFurniturePack/Artek/Table_97_Artek/Table_97_Artek.prefab
  artifactKey: Guid(e358ad231a68cf7499c4cf12bd33677b) Importer(815301076,1909f56bfc062723c751e8b465ee728b)
Start importing Assets/Store_Assets/HDRPFurniturePack/Artek/Table_97_Artek/Table_97_Artek.prefab using Guid(e358ad231a68cf7499c4cf12bd33677b) Importer(815301076,1909f56bfc062723c751e8b465ee728b)  -> (artifact id: '84e8dde9ec2d4e4641248aa209363c6e') in 0.009926 seconds 
========================================================================
Received Import Request.
  Time since last request: 13.026000 seconds.
  path: Assets/Store_Assets/HDRPFurniturePack/Artek/Floor_Light_A810_Artek/Models
  artifactKey: Guid(23598e15018332043b8caae34927a3f7) Importer(815301076,1909f56bfc062723c751e8b465ee728b)
Start importing Assets/Store_Assets/HDRPFurniturePack/Artek/Floor_Light_A810_Artek/Models using Guid(23598e15018332043b8caae34927a3f7) Importer(815301076,1909f56bfc062723c751e8b465ee728b)  -> (artifact id: '3e8becd0a00f5a913f5513752f006204') in 0.001665 seconds 
========================================================================
Received Import Request.
  Time since last request: 0.071325 seconds.
  path: Assets/Store_Assets/HDRPFurniturePack/Artek/Floor_Light_A810_Artek/Models/Floor_Light_A810_Artek.fbx
  artifactKey: Guid(c1aea7952634caf4496e08850c55c2df) Importer(815301076,1909f56bfc062723c751e8b465ee728b)
Start importing Assets/Store_Assets/HDRPFurniturePack/Artek/Floor_Light_A810_Artek/Models/Floor_Light_A810_Artek.fbx using Guid(c1aea7952634caf4496e08850c55c2df) Importer(815301076,1909f56bfc062723c751e8b465ee728b)  -> (artifact id: '8daa9ad0919d610abed5eec5438a56ca') in 0.032026 seconds 
========================================================================
Received Import Request.
  Time since last request: 6.158560 seconds.
  path: Assets/Resources/Floor_Light_A810_Artek.fbx
  artifactKey: Guid(28170012209a93d48b0d4a280eb89b26) Importer(815301076,1909f56bfc062723c751e8b465ee728b)
Start importing Assets/Resources/Floor_Light_A810_Artek.fbx using Guid(28170012209a93d48b0d4a280eb89b26) Importer(815301076,1909f56bfc062723c751e8b465ee728b)  -> (artifact id: '5b7be6c2e21914cd005cdd4695d93dc2') in 0.061364 seconds 
========================================================================
Received Import Request.
  Time since last request: 6.615971 seconds.
  path: Assets/Store_Assets/HDRPFurniturePack/Artek/Table_97_Artek/Models
  artifactKey: Guid(8a27109ab1d92a445b7b94fcacbedded) Importer(815301076,1909f56bfc062723c751e8b465ee728b)
Start importing Assets/Store_Assets/HDRPFurniturePack/Artek/Table_97_Artek/Models using Guid(8a27109ab1d92a445b7b94fcacbedded) Importer(815301076,1909f56bfc062723c751e8b465ee728b)  -> (artifact id: '8d5a82fd68ba45715bff3e793a103b81') in 0.001813 seconds 
========================================================================
Received Import Request.
  Time since last request: 0.112043 seconds.
  path: Assets/Store_Assets/HDRPFurniturePack/Artek/Table_97_Artek/Models/Table_97_Artek.fbx
  artifactKey: Guid(9eb54f3e8326b794aac2ed2c7b7c33c4) Importer(815301076,1909f56bfc062723c751e8b465ee728b)
Start importing Assets/Store_Assets/HDRPFurniturePack/Artek/Table_97_Artek/Models/Table_97_Artek.fbx using Guid(9eb54f3e8326b794aac2ed2c7b7c33c4) Importer(815301076,1909f56bfc062723c751e8b465ee728b)  -> (artifact id: '16f2ce098043a9c13037985e3d9dc9d8') in 0.023715 seconds 
========================================================================
Received Import Request.
  Time since last request: 6.875256 seconds.
  path: Assets/Resources/Table_97_Artek.fbx
  artifactKey: Guid(086c5e63dc2c3f948b84d3a0e001cf2e) Importer(815301076,1909f56bfc062723c751e8b465ee728b)
Start importing Assets/Resources/Table_97_Artek.fbx using Guid(086c5e63dc2c3f948b84d3a0e001cf2e) Importer(815301076,1909f56bfc062723c751e8b465ee728b)  -> (artifact id: '9918844dee95b31dae52ddd1b379288b') in 0.042682 seconds 
========================================================================
Received Import Request.
  Time since last request: 4.272604 seconds.
  path: Assets/Store_Assets/HDRPFurniturePack/Artek/Stool 60 Artek/Stool 60 Artek.prefab
  artifactKey: Guid(6236b6fc42f362d47946e045efef3244) Importer(815301076,1909f56bfc062723c751e8b465ee728b)
Start importing Assets/Store_Assets/HDRPFurniturePack/Artek/Stool 60 Artek/Stool 60 Artek.prefab using Guid(6236b6fc42f362d47946e045efef3244) Importer(815301076,1909f56bfc062723c751e8b465ee728b)  -> (artifact id: '1ccc2aad452951b63f0af5083b971c7c') in 0.008939 seconds 
========================================================================
Received Import Request.
  Time since last request: 1.607983 seconds.
  path: Assets/Store_Assets/HDRPFurniturePack/Artek/Stool 60 Artek/Models
  artifactKey: Guid(c3c333d97b04a834a81c5bc7dab165fc) Importer(815301076,1909f56bfc062723c751e8b465ee728b)
Start importing Assets/Store_Assets/HDRPFurniturePack/Artek/Stool 60 Artek/Models using Guid(c3c333d97b04a834a81c5bc7dab165fc) Importer(815301076,1909f56bfc062723c751e8b465ee728b)  -> (artifact id: '173c270f192823e0e65985c009f9026d') in 0.001694 seconds 
========================================================================
Received Import Request.
  Time since last request: 0.031185 seconds.
  path: Assets/Store_Assets/HDRPFurniturePack/Artek/Stool 60 Artek/Models/Stool_60_Artek.fbx
  artifactKey: Guid(47e3879a5c01fd649b7039d86361d29a) Importer(815301076,1909f56bfc062723c751e8b465ee728b)
Start importing Assets/Store_Assets/HDRPFurniturePack/Artek/Stool 60 Artek/Models/Stool_60_Artek.fbx using Guid(47e3879a5c01fd649b7039d86361d29a) Importer(815301076,1909f56bfc062723c751e8b465ee728b)  -> (artifact id: 'e0ea68b7c708258b803cf198e12ae0ef') in 0.011025 seconds 
========================================================================
Received Import Request.
  Time since last request: 4.666091 seconds.
  path: Assets/Resources/Stool_60_Artek.fbx
  artifactKey: Guid(a6614ef402bf59d4cac66afddc3f18a4) Importer(815301076,1909f56bfc062723c751e8b465ee728b)
Start importing Assets/Resources/Stool_60_Artek.fbx using Guid(a6614ef402bf59d4cac66afddc3f18a4) Importer(815301076,1909f56bfc062723c751e8b465ee728b)  -> (artifact id: '19fb8c1b2a8ed40825e44c49e64f95e2') in 0.010545 seconds 
========================================================================
Received Import Request.
  Time since last request: 8.265418 seconds.
  path: Assets/Store_Assets/HDRPFurniturePack/Artek/Stool 60 Artek/Materials/Stool_60_Artek_Wood_natural.mat
  artifactKey: Guid(7df19a8e9e2759e40a0802a13f2d4380) Importer(815301076,1909f56bfc062723c751e8b465ee728b)
Start importing Assets/Store_Assets/HDRPFurniturePack/Artek/Stool 60 Artek/Materials/Stool_60_Artek_Wood_natural.mat using Guid(7df19a8e9e2759e40a0802a13f2d4380) Importer(815301076,1909f56bfc062723c751e8b465ee728b)  -> (artifact id: 'c80f249ec7e853dd780440f36cbb2b26') in 0.009923 seconds 
========================================================================
Received Import Request.
  Time since last request: 1.272250 seconds.
  path: Assets/Store_Assets/HDRPFurniturePack/Artek/Stool 60 Artek/Textures/Stool_60_Artek_AO.png
  artifactKey: Guid(1d54327f5ec8bd74da47149f8cb4a67c) Importer(815301076,1909f56bfc062723c751e8b465ee728b)
Start importing Assets/Store_Assets/HDRPFurniturePack/Artek/Stool 60 Artek/Textures/Stool_60_Artek_AO.png using Guid(1d54327f5ec8bd74da47149f8cb4a67c) Importer(815301076,1909f56bfc062723c751e8b465ee728b)  -> (artifact id: '01ac18e417f986fdfc35808f72289d7e') in 0.007866 seconds 
========================================================================
Received Import Request.
  Time since last request: 4.752234 seconds.
  path: Assets/Store_Assets/HDRPFurniturePack/Artek/Floor_Light_A810_Artek/Materials/A810_Artek_Leather_Black.mat
  artifactKey: Guid(abf212755ee13604f90d97f1a8bc088c) Importer(815301076,1909f56bfc062723c751e8b465ee728b)
Start importing Assets/Store_Assets/HDRPFurniturePack/Artek/Floor_Light_A810_Artek/Materials/A810_Artek_Leather_Black.mat using Guid(abf212755ee13604f90d97f1a8bc088c) Importer(815301076,1909f56bfc062723c751e8b465ee728b)  -> (artifact id: '47362e48210c9364755d391f47c2f436') in 0.009012 seconds 
========================================================================
Received Import Request.
  Time since last request: 0.000024 seconds.
  path: Assets/Store_Assets/HDRPFurniturePack/Artek/Floor_Light_A810_Artek/Materials/A810_Artek_Metal_steel_painted_silver.mat
  artifactKey: Guid(881e23cf9bb090e4faac8b1862deca6d) Importer(815301076,1909f56bfc062723c751e8b465ee728b)
Start importing Assets/Store_Assets/HDRPFurniturePack/Artek/Floor_Light_A810_Artek/Materials/A810_Artek_Metal_steel_painted_silver.mat using Guid(881e23cf9bb090e4faac8b1862deca6d) Importer(815301076,1909f56bfc062723c751e8b465ee728b)  -> (artifact id: 'b5562f250629df78f942fc7076a2f6f5') in 0.008659 seconds 
========================================================================
Received Import Request.
  Time since last request: 8.176548 seconds.
  path: Assets/Store_Assets/HDRPFurniturePack/Artek/Armchair_406_Artek/Models/Armchair_406_Artek.fbx
  artifactKey: Guid(258987b8edaa24b40b1b3168608f92b5) Importer(815301076,1909f56bfc062723c751e8b465ee728b)
Start importing Assets/Store_Assets/HDRPFurniturePack/Artek/Armchair_406_Artek/Models/Armchair_406_Artek.fbx using Guid(258987b8edaa24b40b1b3168608f92b5) Importer(815301076,1909f56bfc062723c751e8b465ee728b)  -> (artifact id: '926c66258a2a2f776312c0fc77b914c1') in 0.024150 seconds 
========================================================================
Received Import Request.
  Time since last request: 9.809138 seconds.
  path: Assets/Resources/Armchair_406_Artek.fbx
  artifactKey: Guid(e03a024fe89711147b400fa5d1943e9a) Importer(815301076,1909f56bfc062723c751e8b465ee728b)
Start importing Assets/Resources/Armchair_406_Artek.fbx using Guid(e03a024fe89711147b400fa5d1943e9a) Importer(815301076,1909f56bfc062723c751e8b465ee728b)  -> (artifact id: '01f1b61b59fa113ab4353dc98ef89339') in 0.043821 seconds 
========================================================================
Received Import Request.
  Time since last request: 6.815736 seconds.
  path: Assets/Store_Assets/HDRPFurniturePack/Artek/Coffee_Table_90D_Artek/Models/Coffee_Table_90D_Artek.fbx
  artifactKey: Guid(564d5009621483e4fbad0919c3896b80) Importer(815301076,1909f56bfc062723c751e8b465ee728b)
Start importing Assets/Store_Assets/HDRPFurniturePack/Artek/Coffee_Table_90D_Artek/Models/Coffee_Table_90D_Artek.fbx using Guid(564d5009621483e4fbad0919c3896b80) Importer(815301076,1909f56bfc062723c751e8b465ee728b)  -> (artifact id: '9bbe9f9ec08b2cc8c07c138d8ffb1336') in 0.022475 seconds 
========================================================================
Received Import Request.
  Time since last request: 9.173986 seconds.
  path: Assets/Store_Assets/HDRPFurniturePack/Coffee_Table_Books/Models/Coffee_Table_Books.fbx
  artifactKey: Guid(5bb3f8a9fa8f5fc4c984867835a018b6) Importer(815301076,1909f56bfc062723c751e8b465ee728b)
Start importing Assets/Store_Assets/HDRPFurniturePack/Coffee_Table_Books/Models/Coffee_Table_Books.fbx using Guid(5bb3f8a9fa8f5fc4c984867835a018b6) Importer(815301076,1909f56bfc062723c751e8b465ee728b)  -> (artifact id: '4a99bdc57b2791c0eb32dc20e163e8b4') in 0.013479 seconds 
========================================================================
Received Import Request.
  Time since last request: 4.788992 seconds.
  path: Assets/Store_Assets/HDRPFurniturePack/Curtain/Models/Curtain_240x140.fbx
  artifactKey: Guid(b9ad5a30f6ddfb04ead4a475b2911054) Importer(815301076,1909f56bfc062723c751e8b465ee728b)
Start importing Assets/Store_Assets/HDRPFurniturePack/Curtain/Models/Curtain_240x140.fbx using Guid(b9ad5a30f6ddfb04ead4a475b2911054) Importer(815301076,1909f56bfc062723c751e8b465ee728b)  -> (artifact id: 'ac0dec6a0a89fb338232bb93484a538d') in 0.010837 seconds 
========================================================================
Received Import Request.
  Time since last request: 9.658361 seconds.
  path: Assets/Store_Assets/HDRPFurniturePack/Decorative_Throw_Pillows/Models/Decorative_Throw_Pillow.fbx
  artifactKey: Guid(18e8f2e1faf424e45b447fbb9f657077) Importer(815301076,1909f56bfc062723c751e8b465ee728b)
Start importing Assets/Store_Assets/HDRPFurniturePack/Decorative_Throw_Pillows/Models/Decorative_Throw_Pillow.fbx using Guid(18e8f2e1faf424e45b447fbb9f657077) Importer(815301076,1909f56bfc062723c751e8b465ee728b)  -> (artifact id: '22adce11c4e4a39430f221a120d94bd1') in 0.011002 seconds 
========================================================================
Received Import Request.
  Time since last request: 3.459475 seconds.
  path: Assets/Store_Assets/HDRPFurniturePack/Demo_Scene/Light.mat
  artifactKey: Guid(9c3657daaf0c80e43b482cc33dd63596) Importer(815301076,1909f56bfc062723c751e8b465ee728b)
Start importing Assets/Store_Assets/HDRPFurniturePack/Demo_Scene/Light.mat using Guid(9c3657daaf0c80e43b482cc33dd63596) Importer(815301076,1909f56bfc062723c751e8b465ee728b)  -> (artifact id: 'b75c3dd912ed62863dd2bc04222d7dbd') in 0.008639 seconds 
========================================================================
Received Import Request.
  Time since last request: 0.000021 seconds.
  path: Assets/Store_Assets/HDRPFurniturePack/Demo_Scene/PlaneMaterial.mat
  artifactKey: Guid(ba9c303c70436134194281afd1853b64) Importer(815301076,1909f56bfc062723c751e8b465ee728b)
Start importing Assets/Store_Assets/HDRPFurniturePack/Demo_Scene/PlaneMaterial.mat using Guid(ba9c303c70436134194281afd1853b64) Importer(815301076,1909f56bfc062723c751e8b465ee728b)  -> (artifact id: '2523cb99fb7d1b0c2cbd8616f409f01e') in 0.008533 seconds 
========================================================================
Received Import Request.
  Time since last request: 1.905453 seconds.
  path: Assets/Store_Assets/HDRPFurniturePack/Dining_Chair/Models/Dining_Chair.fbx
  artifactKey: Guid(70d3659c52536984f9434c6003369ba0) Importer(815301076,1909f56bfc062723c751e8b465ee728b)
Start importing Assets/Store_Assets/HDRPFurniturePack/Dining_Chair/Models/Dining_Chair.fbx using Guid(70d3659c52536984f9434c6003369ba0) Importer(815301076,1909f56bfc062723c751e8b465ee728b)  -> (artifact id: '116567a7f37dfc5c704dcafb6a8438f2') in 0.043824 seconds 
========================================================================
Received Import Request.
  Time since last request: 4.909374 seconds.
  path: Assets/Store_Assets/HDRPFurniturePack/Dining_Chair/Dining_Chair.prefab
  artifactKey: Guid(3ffb42c9597b9b44da7cdfb5743e88c2) Importer(815301076,1909f56bfc062723c751e8b465ee728b)
Start importing Assets/Store_Assets/HDRPFurniturePack/Dining_Chair/Dining_Chair.prefab using Guid(3ffb42c9597b9b44da7cdfb5743e88c2) Importer(815301076,1909f56bfc062723c751e8b465ee728b)  -> (artifact id: '4d90801827890839f3748d8c50c7d260') in 0.012175 seconds 
========================================================================
Received Import Request.
  Time since last request: 2.492985 seconds.
  path: Assets/Store_Assets/HDRPFurniturePack/Plant_Potted_Monstera_Deliciosa/Models/Plant_Potted_Monstera_Deliciosa.fbx
  artifactKey: Guid(e0bf51c05a4e17e47b94306301d09d5e) Importer(815301076,1909f56bfc062723c751e8b465ee728b)
Start importing Assets/Store_Assets/HDRPFurniturePack/Plant_Potted_Monstera_Deliciosa/Models/Plant_Potted_Monstera_Deliciosa.fbx using Guid(e0bf51c05a4e17e47b94306301d09d5e) Importer(815301076,1909f56bfc062723c751e8b465ee728b)  -> (artifact id: '580b06c11db70a831568800d270a2a29') in 0.030664 seconds 
========================================================================
Received Import Request.
  Time since last request: 9.868670 seconds.
  path: Assets/Resources/Plant_Potted_Monstera_Deliciosa.fbx
  artifactKey: Guid(78cc94566c5a6584983da08d4c113a05) Importer(815301076,1909f56bfc062723c751e8b465ee728b)
Start importing Assets/Resources/Plant_Potted_Monstera_Deliciosa.fbx using Guid(78cc94566c5a6584983da08d4c113a05) Importer(815301076,1909f56bfc062723c751e8b465ee728b)  -> (artifact id: '94208fb9a056ae8be20f9b49821a810f') in 0.047204 seconds 
========================================================================
Received Import Request.
  Time since last request: 2.933851 seconds.
  path: Assets/Store_Assets/HDRPFurniturePack/Plant_Potted_Monstera_Deliciosa/Plant_Potted_Monstera_Deliciosa.prefab
  artifactKey: Guid(da7afa674a6fd354a93985d54347752f) Importer(815301076,1909f56bfc062723c751e8b465ee728b)
Start importing Assets/Store_Assets/HDRPFurniturePack/Plant_Potted_Monstera_Deliciosa/Plant_Potted_Monstera_Deliciosa.prefab using Guid(da7afa674a6fd354a93985d54347752f) Importer(815301076,1909f56bfc062723c751e8b465ee728b)  -> (artifact id: 'af3a5e245c4290078c0bafecabc355a7') in 0.013804 seconds 
========================================================================
Received Import Request.
  Time since last request: 2.301856 seconds.
  path: Assets/Store_Assets/HDRPFurniturePack/Rug_High_Pile_Grey/Models/Rug_High_Pile_Grey.fbx
  artifactKey: Guid(e7515f9a36529004d8f62f358821932c) Importer(815301076,1909f56bfc062723c751e8b465ee728b)
Start importing Assets/Store_Assets/HDRPFurniturePack/Rug_High_Pile_Grey/Models/Rug_High_Pile_Grey.fbx using Guid(e7515f9a36529004d8f62f358821932c) Importer(815301076,1909f56bfc062723c751e8b465ee728b)  -> (artifact id: '708a9d1806c3a4ccd82577834b18dc4b') in 0.012800 seconds 
========================================================================
Received Import Request.
  Time since last request: 7.979431 seconds.
  path: Assets/Store_Assets/HDRPFurniturePack/Succulent_Planter/Models/Succulent_Planter_Ceramic.fbx
  artifactKey: Guid(3bdea860a477bd143b38a234a5d4b2c9) Importer(815301076,1909f56bfc062723c751e8b465ee728b)
Start importing Assets/Store_Assets/HDRPFurniturePack/Succulent_Planter/Models/Succulent_Planter_Ceramic.fbx using Guid(3bdea860a477bd143b38a234a5d4b2c9) Importer(815301076,1909f56bfc062723c751e8b465ee728b)  -> (artifact id: '735eff90c7e86d6ea568d9c9c13c9768') in 0.019965 seconds 
========================================================================
Received Import Request.
  Time since last request: 7.218588 seconds.
  path: Assets/Resources/Succulent_Planter_Ceramic.fbx
  artifactKey: Guid(2e2436892b7df864c9c34912fd28d5e2) Importer(815301076,1909f56bfc062723c751e8b465ee728b)
Start importing Assets/Resources/Succulent_Planter_Ceramic.fbx using Guid(2e2436892b7df864c9c34912fd28d5e2) Importer(815301076,1909f56bfc062723c751e8b465ee728b)  -> (artifact id: '5aff81af4a4a02ba063f1b9174ab2849') in 0.043382 seconds 
========================================================================
Received Import Request.
  Time since last request: 2.913573 seconds.
  path: Assets/Store_Assets/HDRPFurniturePack/Taper_Candle_Holders/Taper_Candle_Holders.prefab
  artifactKey: Guid(44fbd8a82aed1fd45a7304e33cf91f0d) Importer(815301076,1909f56bfc062723c751e8b465ee728b)
Start importing Assets/Store_Assets/HDRPFurniturePack/Taper_Candle_Holders/Taper_Candle_Holders.prefab using Guid(44fbd8a82aed1fd45a7304e33cf91f0d) Importer(815301076,1909f56bfc062723c751e8b465ee728b)  -> (artifact id: '7048b589a64f50f02364bedf836badce') in 0.010759 seconds 
========================================================================
Received Import Request.
  Time since last request: 1.998072 seconds.
  path: Assets/Store_Assets/HDRPFurniturePack/Taper_Candle_Holders/Models/Taper_Candle_Holders.fbx
  artifactKey: Guid(71abf9071e1652b4f882aa617741725f) Importer(815301076,1909f56bfc062723c751e8b465ee728b)
Start importing Assets/Store_Assets/HDRPFurniturePack/Taper_Candle_Holders/Models/Taper_Candle_Holders.fbx using Guid(71abf9071e1652b4f882aa617741725f) Importer(815301076,1909f56bfc062723c751e8b465ee728b)  -> (artifact id: '1037f42278ca224d3c89b8b8d939d9b1') in 0.020734 seconds 
========================================================================
Received Import Request.
  Time since last request: 11.188916 seconds.
  path: Assets/Store_Assets/HDRPFurniturePack/Succulent_Planter/Textures/Succulent_Leaves.png
  artifactKey: Guid(5cedb6d56891d0249baa20c1efc374f1) Importer(815301076,1909f56bfc062723c751e8b465ee728b)
Start importing Assets/Store_Assets/HDRPFurniturePack/Succulent_Planter/Textures/Succulent_Leaves.png using Guid(5cedb6d56891d0249baa20c1efc374f1) Importer(815301076,1909f56bfc062723c751e8b465ee728b)  -> (artifact id: '65bda4c6d72611a4f3ce1fe48c31ccb1') in 0.009903 seconds 
========================================================================
Received Import Request.
  Time since last request: 0.000024 seconds.
  path: Assets/Store_Assets/HDRPFurniturePack/Succulent_Planter/Textures/Succulent_Planter_Ceramic_Plants_DetailMap.png
  artifactKey: Guid(cb5e07a296c015c40b288bdc3f644322) Importer(815301076,1909f56bfc062723c751e8b465ee728b)
Start importing Assets/Store_Assets/HDRPFurniturePack/Succulent_Planter/Textures/Succulent_Planter_Ceramic_Plants_DetailMap.png using Guid(cb5e07a296c015c40b288bdc3f644322) Importer(815301076,1909f56bfc062723c751e8b465ee728b)  -> (artifact id: '28d04b533e6065b8cecb2cd95b8f215f') in 0.010822 seconds 
========================================================================
Received Import Request.
  Time since last request: 7.243493 seconds.
  path: Assets/Store_Assets/HDRPFurniturePack/Wall_Decoration_Art_Zebra/Textures/Painting_Zebra.png
  artifactKey: Guid(ef52fc011b6577747a9b68227f94cb73) Importer(815301076,1909f56bfc062723c751e8b465ee728b)
Start importing Assets/Store_Assets/HDRPFurniturePack/Wall_Decoration_Art_Zebra/Textures/Painting_Zebra.png using Guid(ef52fc011b6577747a9b68227f94cb73) Importer(815301076,1909f56bfc062723c751e8b465ee728b)  -> (artifact id: '2edec4e0de674660607bfaca21507beb') in 0.010236 seconds 
========================================================================
Received Import Request.
  Time since last request: 0.000026 seconds.
  path: Assets/Store_Assets/HDRPFurniturePack/Wall_Decoration_Art_Zebra/Textures/Wall_Decoration_Art_Zebra_MaskMap.png
  artifactKey: Guid(88f2d6e436ae05d43b6136c45f7162f0) Importer(815301076,1909f56bfc062723c751e8b465ee728b)
Start importing Assets/Store_Assets/HDRPFurniturePack/Wall_Decoration_Art_Zebra/Textures/Wall_Decoration_Art_Zebra_MaskMap.png using Guid(88f2d6e436ae05d43b6136c45f7162f0) Importer(815301076,1909f56bfc062723c751e8b465ee728b)  -> (artifact id: '1e26e2acd4ee1e3186b2f8f57786d487') in 0.009943 seconds 
========================================================================
Received Import Request.
  Time since last request: 704.790032 seconds.
  path: Assets/Store_Assets/AlchemyLabProps
  artifactKey: Guid(11aec48d859ccac4f8eb217c5b42ec10) Importer(815301076,1909f56bfc062723c751e8b465ee728b)
Start importing Assets/Store_Assets/AlchemyLabProps using Guid(11aec48d859ccac4f8eb217c5b42ec10) Importer(815301076,1909f56bfc062723c751e8b465ee728b)  -> (artifact id: '52c2acb8f0a820099b296d71b3ac5dd4') in 0.002061 seconds 
========================================================================
Received Import Request.
  Time since last request: 2.680195 seconds.
  path: Assets/Store_Assets/AlchemyLabProps/AlchemyLabProps_URP_2019.4.unitypackage
  artifactKey: Guid(da0a4e5283e10414d9f364bcbd5c45c9) Importer(815301076,1909f56bfc062723c751e8b465ee728b)
Start importing Assets/Store_Assets/AlchemyLabProps/AlchemyLabProps_URP_2019.4.unitypackage using Guid(da0a4e5283e10414d9f364bcbd5c45c9) Importer(815301076,1909f56bfc062723c751e8b465ee728b)  -> (artifact id: '1e48bfd4396895df6051051180abdc59') in 0.004649 seconds 
========================================================================
Received Import Request.
  Time since last request: 3.386017 seconds.
  path: Assets/Store_Assets/AlchemyLabProps/Readme.txt
  artifactKey: Guid(1dc72cf1bf9ab4343b5b92ae99c53e68) Importer(815301076,1909f56bfc062723c751e8b465ee728b)
Start importing Assets/Store_Assets/AlchemyLabProps/Readme.txt using Guid(1dc72cf1bf9ab4343b5b92ae99c53e68) Importer(815301076,1909f56bfc062723c751e8b465ee728b)  -> (artifact id: '0a0b544cb3565f7697e48174c7f3038a') in 0.011834 seconds 
========================================================================
Received Import Request.
  Time since last request: 34.321690 seconds.
  path: Assets/Store_Assets/AlchemyLabProps/AlchemyLabProps_HDRP_2019.4.unitypackage
  artifactKey: Guid(e99b4ad7a6c36cc4c9619de2ede11e20) Importer(815301076,1909f56bfc062723c751e8b465ee728b)
Start importing Assets/Store_Assets/AlchemyLabProps/AlchemyLabProps_HDRP_2019.4.unitypackage using Guid(e99b4ad7a6c36cc4c9619de2ede11e20) Importer(815301076,1909f56bfc062723c751e8b465ee728b)  -> (artifact id: '360137c67cfd74e7c6874bf280a8d369') in 0.002335 seconds 
========================================================================
Received Import Request.
  Time since last request: 3.388519 seconds.
  path: Assets/Store_Assets/AlchemyLabProps/AlchemyLabProps_Built-in_Linear_2018.4.unitypackage
  artifactKey: Guid(0467b0c4eb9077344b94d8d7950e1974) Importer(815301076,1909f56bfc062723c751e8b465ee728b)
Start importing Assets/Store_Assets/AlchemyLabProps/AlchemyLabProps_Built-in_Linear_2018.4.unitypackage using Guid(0467b0c4eb9077344b94d8d7950e1974) Importer(815301076,1909f56bfc062723c751e8b465ee728b)  -> (artifact id: '09a74561b8c0825a1840a8340fb799f9') in 0.002352 seconds 
========================================================================
Received Import Request.
  Time since last request: 1.774908 seconds.
  path: Assets/Store_Assets/AlchemyLabProps/AlchemyLabProps_Built-in_Gamma_2018.4.unitypackage
  artifactKey: Guid(9e54fbba0fbbf2a44a514a1121a29316) Importer(815301076,1909f56bfc062723c751e8b465ee728b)
Start importing Assets/Store_Assets/AlchemyLabProps/AlchemyLabProps_Built-in_Gamma_2018.4.unitypackage using Guid(9e54fbba0fbbf2a44a514a1121a29316) Importer(815301076,1909f56bfc062723c751e8b465ee728b)  -> (artifact id: '10761fcfdb2c9886920a9f542506a434') in 0.002277 seconds 
========================================================================
Received Import Request.
  Time since last request: 109.454838 seconds.
  path: Assets/Store_Assets/Multistory Dungeons 2/Prefabs
  artifactKey: Guid(ce34a5b6c20cd8b4198595eb5a710cd4) Importer(815301076,1909f56bfc062723c751e8b465ee728b)
Start importing Assets/Store_Assets/Multistory Dungeons 2/Prefabs using Guid(ce34a5b6c20cd8b4198595eb5a710cd4) Importer(815301076,1909f56bfc062723c751e8b465ee728b)  -> (artifact id: '64e5a266760ec3dec80cc368756bd0d5') in 0.001886 seconds 
========================================================================
Received Import Request.
  Time since last request: 1.031508 seconds.
  path: Assets/Store_Assets/Multistory Dungeons 2/Prefabs/Props
  artifactKey: Guid(f5514ea705d840568e3ae694276919c9) Importer(815301076,1909f56bfc062723c751e8b465ee728b)
Start importing Assets/Store_Assets/Multistory Dungeons 2/Prefabs/Props using Guid(f5514ea705d840568e3ae694276919c9) Importer(815301076,1909f56bfc062723c751e8b465ee728b)  -> (artifact id: 'cc1448b817ce8c93a94c98a07cd4cd27') in 0.001928 seconds 
========================================================================
Received Import Request.
  Time since last request: 0.051107 seconds.
  path: Assets/Store_Assets/Multistory Dungeons 2/Prefabs/Props/Barrel_01.prefab
  artifactKey: Guid(6b5fd7cab1f845b289850db8ab502261) Importer(815301076,1909f56bfc062723c751e8b465ee728b)
Start importing Assets/Store_Assets/Multistory Dungeons 2/Prefabs/Props/Barrel_01.prefab using Guid(6b5fd7cab1f845b289850db8ab502261) Importer(815301076,1909f56bfc062723c751e8b465ee728b)  -> (artifact id: '3072bf3ad6e4089eb535a71fe521f5a8') in 0.005431 seconds 
========================================================================
Received Import Request.
  Time since last request: 0.009242 seconds.
  path: Assets/Store_Assets/Multistory Dungeons 2/Prefabs/Props/Barrels_Preset_03.prefab
  artifactKey: Guid(1de99f1c9e134fa8b97f4d761833de57) Importer(815301076,1909f56bfc062723c751e8b465ee728b)
Start importing Assets/Store_Assets/Multistory Dungeons 2/Prefabs/Props/Barrels_Preset_03.prefab using Guid(1de99f1c9e134fa8b97f4d761833de57) Importer(815301076,1909f56bfc062723c751e8b465ee728b)  -> (artifact id: '143de3d6d090e6c66d9fbc9f09d2f228') in 0.004986 seconds 
========================================================================
Received Import Request.
  Time since last request: 0.008142 seconds.
  path: Assets/Store_Assets/Multistory Dungeons 2/Prefabs/Props/Bucket_01.prefab
  artifactKey: Guid(8f91923b9a9c4dd2a622b3b1c3231268) Importer(815301076,1909f56bfc062723c751e8b465ee728b)
Start importing Assets/Store_Assets/Multistory Dungeons 2/Prefabs/Props/Bucket_01.prefab using Guid(8f91923b9a9c4dd2a622b3b1c3231268) Importer(815301076,1909f56bfc062723c751e8b465ee728b)  -> (artifact id: 'b69ffc4cbe3265aef3652aee214f60db') in 0.004382 seconds 
========================================================================
Received Import Request.
  Time since last request: 0.000027 seconds.
  path: Assets/Store_Assets/Multistory Dungeons 2/Prefabs/Props/Candlestick_Floor_02_Lit.prefab
  artifactKey: Guid(aebf24aa57894961bfe5b60492dd5bdd) Importer(815301076,1909f56bfc062723c751e8b465ee728b)
Start importing Assets/Store_Assets/Multistory Dungeons 2/Prefabs/Props/Candlestick_Floor_02_Lit.prefab using Guid(aebf24aa57894961bfe5b60492dd5bdd) Importer(815301076,1909f56bfc062723c751e8b465ee728b)  -> (artifact id: '9690636a53abd2817fbcc9f1f5bbb38d') in 0.013028 seconds 
========================================================================
Received Import Request.
  Time since last request: 0.000026 seconds.
  path: Assets/Store_Assets/Multistory Dungeons 2/Prefabs/Props/Jugs_Preset_01.prefab
  artifactKey: Guid(3c48fffcc1564b28b55bbdf60e5b9a8d) Importer(815301076,1909f56bfc062723c751e8b465ee728b)
Start importing Assets/Store_Assets/Multistory Dungeons 2/Prefabs/Props/Jugs_Preset_01.prefab using Guid(3c48fffcc1564b28b55bbdf60e5b9a8d) Importer(815301076,1909f56bfc062723c751e8b465ee728b)  -> (artifact id: '3591b06e52fa0020f47bd9b53134de84') in 0.004312 seconds 
========================================================================
Received Import Request.
  Time since last request: 0.000027 seconds.
  path: Assets/Store_Assets/Multistory Dungeons 2/Prefabs/Props/Candlestick_01.prefab
  artifactKey: Guid(ba33a658c88349bb9fd179f37638e904) Importer(815301076,1909f56bfc062723c751e8b465ee728b)
Start importing Assets/Store_Assets/Multistory Dungeons 2/Prefabs/Props/Candlestick_01.prefab using Guid(ba33a658c88349bb9fd179f37638e904) Importer(815301076,1909f56bfc062723c751e8b465ee728b)  -> (artifact id: '50eda01ec8582d278027827b6943d1e1') in 0.011103 seconds 
========================================================================
Received Import Request.
  Time since last request: 0.000034 seconds.
  path: Assets/Store_Assets/Multistory Dungeons 2/Prefabs/Props/Lantern_01.prefab
  artifactKey: Guid(17167dc6dc844dad8cef726ac45a016a) Importer(815301076,1909f56bfc062723c751e8b465ee728b)
Start importing Assets/Store_Assets/Multistory Dungeons 2/Prefabs/Props/Lantern_01.prefab using Guid(17167dc6dc844dad8cef726ac45a016a) Importer(815301076,1909f56bfc062723c751e8b465ee728b)  -> (artifact id: 'c9d1d847fe15ce8093343ea88560823e') in 0.009476 seconds 
========================================================================
Received Import Request.
  Time since last request: 0.000033 seconds.
  path: Assets/Store_Assets/Multistory Dungeons 2/Prefabs/Props/Candlestick_Floor_01_Lit.prefab
  artifactKey: Guid(aa299f61244143f084a68a37435cb7c4) Importer(815301076,1909f56bfc062723c751e8b465ee728b)
Start importing Assets/Store_Assets/Multistory Dungeons 2/Prefabs/Props/Candlestick_Floor_01_Lit.prefab using Guid(aa299f61244143f084a68a37435cb7c4) Importer(815301076,1909f56bfc062723c751e8b465ee728b)  -> (artifact id: 'b55c3e703afe21ea4e2498789c729704') in 0.011120 seconds 
========================================================================
Received Import Request.
  Time since last request: 0.000024 seconds.
  path: Assets/Store_Assets/Multistory Dungeons 2/Prefabs/Props/Candles_01.prefab
  artifactKey: Guid(b83d1fb4a7e14defb6ab7dd86e0ff3af) Importer(815301076,1909f56bfc062723c751e8b465ee728b)
Start importing Assets/Store_Assets/Multistory Dungeons 2/Prefabs/Props/Candles_01.prefab using Guid(b83d1fb4a7e14defb6ab7dd86e0ff3af) Importer(815301076,1909f56bfc062723c751e8b465ee728b)  -> (artifact id: 'b604697119a05b8bc6f1637af6df0612') in 0.013203 seconds 
========================================================================
Received Import Request.
  Time since last request: 0.000028 seconds.
  path: Assets/Store_Assets/Multistory Dungeons 2/Prefabs/Props/Candle_02.prefab
  artifactKey: Guid(374b0997db81407ca6f741e55d078c80) Importer(815301076,1909f56bfc062723c751e8b465ee728b)
Start importing Assets/Store_Assets/Multistory Dungeons 2/Prefabs/Props/Candle_02.prefab using Guid(374b0997db81407ca6f741e55d078c80) Importer(815301076,1909f56bfc062723c751e8b465ee728b)  -> (artifact id: 'a059074053cfaa884f6cf22a62227061') in 0.011131 seconds 
========================================================================
Received Import Request.
  Time since last request: 0.000024 seconds.
  path: Assets/Store_Assets/Multistory Dungeons 2/Prefabs/Props/Jugs_Preset_02.prefab
  artifactKey: Guid(f59e02d325704d6e9f804b133aa7b6f1) Importer(815301076,1909f56bfc062723c751e8b465ee728b)
Start importing Assets/Store_Assets/Multistory Dungeons 2/Prefabs/Props/Jugs_Preset_02.prefab using Guid(f59e02d325704d6e9f804b133aa7b6f1) Importer(815301076,1909f56bfc062723c751e8b465ee728b)  -> (artifact id: 'd3220ac523220989f259a0624bba178c') in 0.004319 seconds 
========================================================================
Received Import Request.
  Time since last request: 0.000027 seconds.
  path: Assets/Store_Assets/Multistory Dungeons 2/Prefabs/Props/Barrels_Preset_01.prefab
  artifactKey: Guid(15fd5903be7b4cd68505a9c33fb0cd77) Importer(815301076,1909f56bfc062723c751e8b465ee728b)
Start importing Assets/Store_Assets/Multistory Dungeons 2/Prefabs/Props/Barrels_Preset_01.prefab using Guid(15fd5903be7b4cd68505a9c33fb0cd77) Importer(815301076,1909f56bfc062723c751e8b465ee728b)  -> (artifact id: 'aad2b04cd27d6dff51d83ddeac070f94') in 0.004002 seconds 
========================================================================
Received Import Request.
  Time since last request: 0.000037 seconds.
  path: Assets/Store_Assets/Multistory Dungeons 2/Prefabs/Props/Jug_02.prefab
  artifactKey: Guid(39b63f09de6a49acb8aac784141edeaa) Importer(815301076,1909f56bfc062723c751e8b465ee728b)
Start importing Assets/Store_Assets/Multistory Dungeons 2/Prefabs/Props/Jug_02.prefab using Guid(39b63f09de6a49acb8aac784141edeaa) Importer(815301076,1909f56bfc062723c751e8b465ee728b)  -> (artifact id: '2d50f1e9eb38b303c93a8bf8e6cd420f') in 0.003962 seconds 
========================================================================
Received Import Request.
  Time since last request: 0.000037 seconds.
  path: Assets/Store_Assets/Multistory Dungeons 2/Prefabs/Props/Candle_03.prefab
  artifactKey: Guid(bd3e98b7af3649949b2bbab0ea7fe8aa) Importer(815301076,1909f56bfc062723c751e8b465ee728b)
Start importing Assets/Store_Assets/Multistory Dungeons 2/Prefabs/Props/Candle_03.prefab using Guid(bd3e98b7af3649949b2bbab0ea7fe8aa) Importer(815301076,1909f56bfc062723c751e8b465ee728b)  -> (artifact id: 'b02dbf39b0b879bc55f13579dde50027') in 0.010938 seconds 
========================================================================
Received Import Request.
  Time since last request: 0.000045 seconds.
  path: Assets/Store_Assets/Multistory Dungeons 2/Prefabs/Props/Lamp_01.prefab
  artifactKey: Guid(dfbde792590a4220a339d2b776e63f3b) Importer(815301076,1909f56bfc062723c751e8b465ee728b)
Start importing Assets/Store_Assets/Multistory Dungeons 2/Prefabs/Props/Lamp_01.prefab using Guid(dfbde792590a4220a339d2b776e63f3b) Importer(815301076,1909f56bfc062723c751e8b465ee728b)  -> (artifact id: '0e58b532eabb20885d70469402232758') in 0.004078 seconds 
========================================================================
Received Import Request.
  Time since last request: 2.642814 seconds.
  path: Assets/Store_Assets/Multistory Dungeons 2/Prefabs/Props/Torch_Handheld_01.prefab
  artifactKey: Guid(28bbda36f51a405f8e8a661d2246404a) Importer(815301076,1909f56bfc062723c751e8b465ee728b)
Start importing Assets/Store_Assets/Multistory Dungeons 2/Prefabs/Props/Torch_Handheld_01.prefab using Guid(28bbda36f51a405f8e8a661d2246404a) Importer(815301076,1909f56bfc062723c751e8b465ee728b)  -> (artifact id: 'f55fe4a2c48bef8fcf3f7ab3d5954e63') in 0.010291 seconds 
========================================================================
Received Import Request.
  Time since last request: 4.855629 seconds.
  path: Assets/Store_Assets/Multistory Dungeons 2/Prefabs/VFX/Torch_Fire_FX_01.prefab
  artifactKey: Guid(af9b294539a3daf4bbbd8852a4fd2632) Importer(815301076,1909f56bfc062723c751e8b465ee728b)
Start importing Assets/Store_Assets/Multistory Dungeons 2/Prefabs/VFX/Torch_Fire_FX_01.prefab using Guid(af9b294539a3daf4bbbd8852a4fd2632) Importer(815301076,1909f56bfc062723c751e8b465ee728b)  -> (artifact id: '47452c5ca4a3d7d4ba2c4b05065912a6') in 0.009449 seconds 
========================================================================
Received Import Request.
  Time since last request: 10.835233 seconds.
  path: Assets/Store_Assets/Multistory Dungeons 2/Prefabs/Props/Furniture/Bench_Wooden_01.prefab
  artifactKey: Guid(b8f3e8c6f9dc4b0cb6f7ee0bec988dcb) Importer(815301076,1909f56bfc062723c751e8b465ee728b)
Start importing Assets/Store_Assets/Multistory Dungeons 2/Prefabs/Props/Furniture/Bench_Wooden_01.prefab using Guid(b8f3e8c6f9dc4b0cb6f7ee0bec988dcb) Importer(815301076,1909f56bfc062723c751e8b465ee728b)  -> (artifact id: 'd4f3b5a4b8c5212528f4121b7d807788') in 0.004517 seconds 
========================================================================
Received Import Request.
  Time since last request: 0.000027 seconds.
  path: Assets/Store_Assets/Multistory Dungeons 2/Prefabs/Props/Furniture/Cupboard_03.prefab
  artifactKey: Guid(dbd2951b893941f1821fa65212a274cd) Importer(815301076,1909f56bfc062723c751e8b465ee728b)
Start importing Assets/Store_Assets/Multistory Dungeons 2/Prefabs/Props/Furniture/Cupboard_03.prefab using Guid(dbd2951b893941f1821fa65212a274cd) Importer(815301076,1909f56bfc062723c751e8b465ee728b)  -> (artifact id: 'b05473ec078e81f3b4fa9412dbafa077') in 0.004382 seconds 
========================================================================
Received Import Request.
  Time since last request: 0.000026 seconds.
  path: Assets/Store_Assets/Multistory Dungeons 2/Prefabs/Props/Furniture/Shelf_Preset_03.prefab
  artifactKey: Guid(b8606597093e47dbb476bdb09448f37f) Importer(815301076,1909f56bfc062723c751e8b465ee728b)
Start importing Assets/Store_Assets/Multistory Dungeons 2/Prefabs/Props/Furniture/Shelf_Preset_03.prefab using Guid(b8606597093e47dbb476bdb09448f37f) Importer(815301076,1909f56bfc062723c751e8b465ee728b)  -> (artifact id: 'e42a0199ad46e35f607df30724cb415a') in 0.004549 seconds 
========================================================================
Received Import Request.
  Time since last request: 0.000031 seconds.
  path: Assets/Store_Assets/Multistory Dungeons 2/Prefabs/Props/Furniture/Drawer_Preset_01.prefab
  artifactKey: Guid(ba54338b1750435fa5051af844563833) Importer(815301076,1909f56bfc062723c751e8b465ee728b)
Start importing Assets/Store_Assets/Multistory Dungeons 2/Prefabs/Props/Furniture/Drawer_Preset_01.prefab using Guid(ba54338b1750435fa5051af844563833) Importer(815301076,1909f56bfc062723c751e8b465ee728b)  -> (artifact id: '0033eafd8e00328dc21f24a8bc45d29d') in 0.016149 seconds 
========================================================================
Received Import Request.
  Time since last request: 0.000037 seconds.
  path: Assets/Store_Assets/Multistory Dungeons 2/Prefabs/Props/Furniture/Cupboard_Preset_07.prefab
  artifactKey: Guid(05321276d9d746b7b382f6d02305b9c4) Importer(815301076,1909f56bfc062723c751e8b465ee728b)
Start importing Assets/Store_Assets/Multistory Dungeons 2/Prefabs/Props/Furniture/Cupboard_Preset_07.prefab using Guid(05321276d9d746b7b382f6d02305b9c4) Importer(815301076,1909f56bfc062723c751e8b465ee728b)  -> (artifact id: 'f68a6754be937f488ab654234121c603') in 0.004131 seconds 
========================================================================
Received Import Request.
  Time since last request: 0.000028 seconds.
  path: Assets/Store_Assets/Multistory Dungeons 2/Prefabs/Props/Furniture/Cupboard_Preset_02.prefab
  artifactKey: Guid(d3f5491481ca44e6a5445d9009794c0c) Importer(815301076,1909f56bfc062723c751e8b465ee728b)
Start importing Assets/Store_Assets/Multistory Dungeons 2/Prefabs/Props/Furniture/Cupboard_Preset_02.prefab using Guid(d3f5491481ca44e6a5445d9009794c0c) Importer(815301076,1909f56bfc062723c751e8b465ee728b)  -> (artifact id: 'e28f37cfd37d2ceb4091ca85000abe21') in 0.004574 seconds 
========================================================================
Received Import Request.
  Time since last request: 0.000046 seconds.
  path: Assets/Store_Assets/Multistory Dungeons 2/Prefabs/Props/Furniture/Drawer_01.prefab
  artifactKey: Guid(d8f3e38cbedc47d88632b646b8e53412) Importer(815301076,1909f56bfc062723c751e8b465ee728b)
Start importing Assets/Store_Assets/Multistory Dungeons 2/Prefabs/Props/Furniture/Drawer_01.prefab using Guid(d8f3e38cbedc47d88632b646b8e53412) Importer(815301076,1909f56bfc062723c751e8b465ee728b)  -> (artifact id: '2b434cd085da73aedd28e2389d64093f') in 0.003956 seconds 
========================================================================
Received Import Request.
  Time since last request: 0.000038 seconds.
  path: Assets/Store_Assets/Multistory Dungeons 2/Prefabs/Props/Furniture/Cupboard_Preset_04.prefab
  artifactKey: Guid(0f9a358951884939a03ac8f1035237f7) Importer(815301076,1909f56bfc062723c751e8b465ee728b)
Start importing Assets/Store_Assets/Multistory Dungeons 2/Prefabs/Props/Furniture/Cupboard_Preset_04.prefab using Guid(0f9a358951884939a03ac8f1035237f7) Importer(815301076,1909f56bfc062723c751e8b465ee728b)  -> (artifact id: 'fa23c33bc974766aae761cc546f68d30') in 0.004150 seconds 
========================================================================
Received Import Request.
  Time since last request: 6.263682 seconds.
  path: Assets/Store_Assets/Multistory Dungeons 2/Prefabs/Props/Books And Alchemy/Book_02.prefab
  artifactKey: Guid(525d19f14f3748b0b2fa10caecab6b1c) Importer(815301076,1909f56bfc062723c751e8b465ee728b)
Start importing Assets/Store_Assets/Multistory Dungeons 2/Prefabs/Props/Books And Alchemy/Book_02.prefab using Guid(525d19f14f3748b0b2fa10caecab6b1c) Importer(815301076,1909f56bfc062723c751e8b465ee728b)  -> (artifact id: '76e8558c7f24a9ee46bc007a8398b8cb') in 0.004241 seconds 
========================================================================
Received Import Request.
  Time since last request: 0.000031 seconds.
  path: Assets/Store_Assets/Multistory Dungeons 2/Prefabs/Props/Books And Alchemy/Glass_Jar_01.prefab
  artifactKey: Guid(452a86ca4bb346709707701376fdcd66) Importer(815301076,1909f56bfc062723c751e8b465ee728b)
Start importing Assets/Store_Assets/Multistory Dungeons 2/Prefabs/Props/Books And Alchemy/Glass_Jar_01.prefab using Guid(452a86ca4bb346709707701376fdcd66) Importer(815301076,1909f56bfc062723c751e8b465ee728b)  -> (artifact id: '1c20ea3e1633f199aa6ecb082f3eea86') in 0.004505 seconds 
========================================================================
Received Import Request.
  Time since last request: 0.000024 seconds.
  path: Assets/Store_Assets/Multistory Dungeons 2/Prefabs/Props/Books And Alchemy/Flask_01.prefab
  artifactKey: Guid(5d77920e991c410ab2bec909ec78a579) Importer(815301076,1909f56bfc062723c751e8b465ee728b)
Start importing Assets/Store_Assets/Multistory Dungeons 2/Prefabs/Props/Books And Alchemy/Flask_01.prefab using Guid(5d77920e991c410ab2bec909ec78a579) Importer(815301076,1909f56bfc062723c751e8b465ee728b)  -> (artifact id: 'de183c55af40e047c8d15915942a697f') in 0.004662 seconds 
========================================================================
Received Import Request.
  Time since last request: 0.000033 seconds.
  path: Assets/Store_Assets/Multistory Dungeons 2/Prefabs/Props/Books And Alchemy/Flask_03.prefab
  artifactKey: Guid(fd69dd2a121e4509a1e7ed3ab107ba7b) Importer(815301076,1909f56bfc062723c751e8b465ee728b)
Start importing Assets/Store_Assets/Multistory Dungeons 2/Prefabs/Props/Books And Alchemy/Flask_03.prefab using Guid(fd69dd2a121e4509a1e7ed3ab107ba7b) Importer(815301076,1909f56bfc062723c751e8b465ee728b)  -> (artifact id: '7b1046ce9e8ef7a269003a643d8144a9') in 0.004208 seconds 
========================================================================
Received Import Request.
  Time since last request: 0.000024 seconds.
  path: Assets/Store_Assets/Multistory Dungeons 2/Prefabs/Props/Books And Alchemy/Book_06.prefab
  artifactKey: Guid(147f183af15640289aa7154f0ea2de5c) Importer(815301076,1909f56bfc062723c751e8b465ee728b)
Start importing Assets/Store_Assets/Multistory Dungeons 2/Prefabs/Props/Books And Alchemy/Book_06.prefab using Guid(147f183af15640289aa7154f0ea2de5c) Importer(815301076,1909f56bfc062723c751e8b465ee728b)  -> (artifact id: 'a753eb73962d236696f123933a6be6b7') in 0.004699 seconds 
========================================================================
Received Import Request.
  Time since last request: 0.000021 seconds.
  path: Assets/Store_Assets/Multistory Dungeons 2/Prefabs/Props/Books And Alchemy/Books_Preset_01.prefab
  artifactKey: Guid(a4cadd393c8c41bd8946346a453ee36a) Importer(815301076,1909f56bfc062723c751e8b465ee728b)
Start importing Assets/Store_Assets/Multistory Dungeons 2/Prefabs/Props/Books And Alchemy/Books_Preset_01.prefab using Guid(a4cadd393c8c41bd8946346a453ee36a) Importer(815301076,1909f56bfc062723c751e8b465ee728b)  -> (artifact id: '40468f7f998729a9d18f321b45c441e0') in 0.004720 seconds 
========================================================================
Received Import Request.
  Time since last request: 0.000026 seconds.
  path: Assets/Store_Assets/Multistory Dungeons 2/Prefabs/Props/Books And Alchemy/Paper_02.prefab
  artifactKey: Guid(d8c1ecd27d8b494f99c904bd9a3be8bf) Importer(815301076,1909f56bfc062723c751e8b465ee728b)
Start importing Assets/Store_Assets/Multistory Dungeons 2/Prefabs/Props/Books And Alchemy/Paper_02.prefab using Guid(d8c1ecd27d8b494f99c904bd9a3be8bf) Importer(815301076,1909f56bfc062723c751e8b465ee728b)  -> (artifact id: '14bf7f17c4621501127934b50adbc5a4') in 0.004330 seconds 
========================================================================
Received Import Request.
  Time since last request: 0.000032 seconds.
  path: Assets/Store_Assets/Multistory Dungeons 2/Prefabs/Props/Books And Alchemy/Flask_02.prefab
  artifactKey: Guid(a9c924e80c494a0187ef4b735a3c46b8) Importer(815301076,1909f56bfc062723c751e8b465ee728b)
Start importing Assets/Store_Assets/Multistory Dungeons 2/Prefabs/Props/Books And Alchemy/Flask_02.prefab using Guid(a9c924e80c494a0187ef4b735a3c46b8) Importer(815301076,1909f56bfc062723c751e8b465ee728b)  -> (artifact id: 'e71fc625850fb942c2940424cebbc889') in 0.004234 seconds 
========================================================================
Received Import Request.
  Time since last request: 34.600338 seconds.
  path: Assets/Multistory Dungeons 2/Prefabs/Props/Books And Alchemy/Potion_01.prefab
  artifactKey: Guid(b5b903da71f948758cc8f65f59d30edc) Importer(815301076,1909f56bfc062723c751e8b465ee728b)
Start importing Assets/Multistory Dungeons 2/Prefabs/Props/Books And Alchemy/Potion_01.prefab using Guid(b5b903da71f948758cc8f65f59d30edc) Importer(815301076,1909f56bfc062723c751e8b465ee728b)  -> (artifact id: '085d90aab5dff0c900a255cec98adc9a') in 0.031233 seconds 
========================================================================
Received Import Request.
  Time since last request: 0.000031 seconds.
  path: Assets/Multistory Dungeons 2/Prefabs/Props/Books And Alchemy/Retort_Preset_01.prefab
  artifactKey: Guid(1f97f333a6bf4fba95ee13cc9b3df973) Importer(815301076,1909f56bfc062723c751e8b465ee728b)
Start importing Assets/Multistory Dungeons 2/Prefabs/Props/Books And Alchemy/Retort_Preset_01.prefab using Guid(1f97f333a6bf4fba95ee13cc9b3df973) Importer(815301076,1909f56bfc062723c751e8b465ee728b)  -> (artifact id: '76c57f74ca2069eb7482ce7b8d072fc6') in 0.019875 seconds 
========================================================================
Received Import Request.
  Time since last request: 0.000034 seconds.
  path: Assets/Multistory Dungeons 2/Prefabs/Props/Books And Alchemy/Stand_02.prefab
  artifactKey: Guid(56d044af64e145bb9ab7eb6ed864ba74) Importer(815301076,1909f56bfc062723c751e8b465ee728b)
Start importing Assets/Multistory Dungeons 2/Prefabs/Props/Books And Alchemy/Stand_02.prefab using Guid(56d044af64e145bb9ab7eb6ed864ba74) Importer(815301076,1909f56bfc062723c751e8b465ee728b)  -> (artifact id: 'd3d268239122c805d03f89210c185fd0') in 0.016121 seconds 
========================================================================
Received Import Request.
  Time since last request: 0.000048 seconds.
  path: Assets/Multistory Dungeons 2/Prefabs/Props/Books And Alchemy/Potion_04.prefab
  artifactKey: Guid(26cc087b299f42a4a1923da599fe03cc) Importer(815301076,1909f56bfc062723c751e8b465ee728b)
Start importing Assets/Multistory Dungeons 2/Prefabs/Props/Books And Alchemy/Potion_04.prefab using Guid(26cc087b299f42a4a1923da599fe03cc) Importer(815301076,1909f56bfc062723c751e8b465ee728b)  -> (artifact id: '796bf5412c67973db21af6a376fe439b') in 0.019102 seconds 
========================================================================
Received Import Request.
  Time since last request: 6.192924 seconds.
  path: Assets/Multistory Dungeons 2/Prefabs/Props/Furniture/Table_01.prefab
  artifactKey: Guid(7898d54b47c340b59a0491e6a61aded1) Importer(815301076,1909f56bfc062723c751e8b465ee728b)
Start importing Assets/Multistory Dungeons 2/Prefabs/Props/Furniture/Table_01.prefab using Guid(7898d54b47c340b59a0491e6a61aded1) Importer(815301076,1909f56bfc062723c751e8b465ee728b)  -> (artifact id: '0c65a9040a3976c4712825a6cd38a8b1') in 0.088746 seconds 
========================================================================
Received Import Request.
  Time since last request: 0.000060 seconds.
  path: Assets/Multistory Dungeons 2/Prefabs/Props/Furniture/Table_Wooden_02.prefab
  artifactKey: Guid(d608e743b49844edae196bc799723896) Importer(815301076,1909f56bfc062723c751e8b465ee728b)
Start importing Assets/Multistory Dungeons 2/Prefabs/Props/Furniture/Table_Wooden_02.prefab using Guid(d608e743b49844edae196bc799723896) Importer(815301076,1909f56bfc062723c751e8b465ee728b)  -> (artifact id: '7500e302e5b684393c3b7e42fdfce9d5') in 0.044663 seconds 
========================================================================
Received Import Request.
  Time since last request: 0.000042 seconds.
  path: Assets/Multistory Dungeons 2/Prefabs/Props/Furniture/Table_Preset_04.prefab
  artifactKey: Guid(10fa83c6e3d4469d8bd4bff9470da469) Importer(815301076,1909f56bfc062723c751e8b465ee728b)
Start importing Assets/Multistory Dungeons 2/Prefabs/Props/Furniture/Table_Preset_04.prefab using Guid(10fa83c6e3d4469d8bd4bff9470da469) Importer(815301076,1909f56bfc062723c751e8b465ee728b)  -> (artifact id: '3d9c940ed0cbeb8baeea84d46f4cba06') in 0.054572 seconds 
========================================================================
Received Import Request.
  Time since last request: 176.202318 seconds.
  path: Assets/Multistory Dungeons 2/Prefabs/Props/Barrel_02.prefab
  artifactKey: Guid(b15f5745a0d64fb5b2ae7554210dff7a) Importer(815301076,1909f56bfc062723c751e8b465ee728b)
Start importing Assets/Multistory Dungeons 2/Prefabs/Props/Barrel_02.prefab using Guid(b15f5745a0d64fb5b2ae7554210dff7a) Importer(815301076,1909f56bfc062723c751e8b465ee728b)  -> (artifact id: '9c60310cdd52cf73c0d2a89d2d54056c') in 0.252899 seconds 
========================================================================
Received Import Request.
  Time since last request: 0.000046 seconds.
  path: Assets/Multistory Dungeons 2/Prefabs/Props/Candles_05.prefab
  artifactKey: Guid(9787aadb1e7e4d40967ab15f624bffc9) Importer(815301076,1909f56bfc062723c751e8b465ee728b)
Start importing Assets/Multistory Dungeons 2/Prefabs/Props/Candles_05.prefab using Guid(9787aadb1e7e4d40967ab15f624bffc9) Importer(815301076,1909f56bfc062723c751e8b465ee728b)  -> (artifact id: '88b2eb54b2c461aa48b6619f5b758f4d') in 0.045244 seconds 
========================================================================
Received Import Request.
  Time since last request: 0.000031 seconds.
  path: Assets/Multistory Dungeons 2/Prefabs/Props/Lantern_Handheld_01.prefab
  artifactKey: Guid(c2b5621c0df447c6832963ba7245f335) Importer(815301076,1909f56bfc062723c751e8b465ee728b)
Start importing Assets/Multistory Dungeons 2/Prefabs/Props/Lantern_Handheld_01.prefab using Guid(c2b5621c0df447c6832963ba7245f335) Importer(815301076,1909f56bfc062723c751e8b465ee728b)  -> (artifact id: '675bab242ab6840b722b6b742a9d103c') in 0.022777 seconds 
========================================================================
Received Import Request.
  Time since last request: 0.000026 seconds.
  path: Assets/Multistory Dungeons 2/Prefabs/Props/Candlestick_01.prefab
  artifactKey: Guid(ba33a658c88349bb9fd179f37638e904) Importer(815301076,1909f56bfc062723c751e8b465ee728b)
Start importing Assets/Multistory Dungeons 2/Prefabs/Props/Candlestick_01.prefab using Guid(ba33a658c88349bb9fd179f37638e904) Importer(815301076,1909f56bfc062723c751e8b465ee728b)  -> (artifact id: '17685b7e45ec443d09ae73f877835d1c') in 0.021491 seconds 
========================================================================
Received Import Request.
  Time since last request: 0.000029 seconds.
  path: Assets/Multistory Dungeons 2/Prefabs/Props/Lantern_01.prefab
  artifactKey: Guid(17167dc6dc844dad8cef726ac45a016a) Importer(815301076,1909f56bfc062723c751e8b465ee728b)
Start importing Assets/Multistory Dungeons 2/Prefabs/Props/Lantern_01.prefab using Guid(17167dc6dc844dad8cef726ac45a016a) Importer(815301076,1909f56bfc062723c751e8b465ee728b)  -> (artifact id: '2b2aa0e43f4b67defd2fc755352b21e3') in 0.023837 seconds 
========================================================================
Received Import Request.
  Time since last request: 0.000033 seconds.
  path: Assets/Multistory Dungeons 2/Prefabs/Props/Candlestick_Floor_01_Lit.prefab
  artifactKey: Guid(aa299f61244143f084a68a37435cb7c4) Importer(815301076,1909f56bfc062723c751e8b465ee728b)
Start importing Assets/Multistory Dungeons 2/Prefabs/Props/Candlestick_Floor_01_Lit.prefab using Guid(aa299f61244143f084a68a37435cb7c4) Importer(815301076,1909f56bfc062723c751e8b465ee728b)  -> (artifact id: '3e49efef8503ce2647545177cb630b3d') in 0.031755 seconds 
========================================================================
Received Import Request.
  Time since last request: 0.000033 seconds.
  path: Assets/Multistory Dungeons 2/Prefabs/Props/Candles_01.prefab
  artifactKey: Guid(b83d1fb4a7e14defb6ab7dd86e0ff3af) Importer(815301076,1909f56bfc062723c751e8b465ee728b)
Start importing Assets/Multistory Dungeons 2/Prefabs/Props/Candles_01.prefab using Guid(b83d1fb4a7e14defb6ab7dd86e0ff3af) Importer(815301076,1909f56bfc062723c751e8b465ee728b)  -> (artifact id: '8765d98b13d7dfed4dfa8f292b9f96f9') in 0.034930 seconds 
========================================================================
Received Import Request.
  Time since last request: 0.000024 seconds.
  path: Assets/Multistory Dungeons 2/Prefabs/Props/Jugs_Preset_03.prefab
  artifactKey: Guid(46bf1c52d3624c7f815b3faaf29b4d83) Importer(815301076,1909f56bfc062723c751e8b465ee728b)
Start importing Assets/Multistory Dungeons 2/Prefabs/Props/Jugs_Preset_03.prefab using Guid(46bf1c52d3624c7f815b3faaf29b4d83) Importer(815301076,1909f56bfc062723c751e8b465ee728b)  -> (artifact id: '424652b350b8c3253060f734b9618fe9') in 0.031663 seconds 
========================================================================
Received Import Request.
  Time since last request: 0.000030 seconds.
  path: Assets/Multistory Dungeons 2/Prefabs/Props/Candle_04.prefab
  artifactKey: Guid(1960faf6eb584ed791bfca46bf40ecf4) Importer(815301076,1909f56bfc062723c751e8b465ee728b)
Start importing Assets/Multistory Dungeons 2/Prefabs/Props/Candle_04.prefab using Guid(1960faf6eb584ed791bfca46bf40ecf4) Importer(815301076,1909f56bfc062723c751e8b465ee728b)  -> (artifact id: 'f84f97248fd9e2c8a638d49877ae4b36') in 0.027235 seconds 
========================================================================
Received Import Request.
  Time since last request: 0.000029 seconds.
  path: Assets/Multistory Dungeons 2/Prefabs/Props/Candle_01.prefab
  artifactKey: Guid(f92572ee929e4eb7a01d7dfecc063a29) Importer(815301076,1909f56bfc062723c751e8b465ee728b)
Start importing Assets/Multistory Dungeons 2/Prefabs/Props/Candle_01.prefab using Guid(f92572ee929e4eb7a01d7dfecc063a29) Importer(815301076,1909f56bfc062723c751e8b465ee728b)  -> (artifact id: '1fa1ee5108cd0b0f9f5f3b572b5bd445') in 0.022825 seconds 
========================================================================
Received Import Request.
  Time since last request: 0.000035 seconds.
  path: Assets/Multistory Dungeons 2/Prefabs/Props/Torch_01.prefab
  artifactKey: Guid(c35b4f7b6db0440a8b9972af1d27adea) Importer(815301076,1909f56bfc062723c751e8b465ee728b)
Start importing Assets/Multistory Dungeons 2/Prefabs/Props/Torch_01.prefab using Guid(c35b4f7b6db0440a8b9972af1d27adea) Importer(815301076,1909f56bfc062723c751e8b465ee728b)  -> (artifact id: '11d8ce3b5759d44f6e2b86273c18e5e0') in 0.047195 seconds 
========================================================================
Received Import Request.
  Time since last request: 0.000048 seconds.
  path: Assets/Multistory Dungeons 2/Prefabs/Props/Candles_02.prefab
  artifactKey: Guid(502607ad5cbe456193f957ac30014e3a) Importer(815301076,1909f56bfc062723c751e8b465ee728b)
Start importing Assets/Multistory Dungeons 2/Prefabs/Props/Candles_02.prefab using Guid(502607ad5cbe456193f957ac30014e3a) Importer(815301076,1909f56bfc062723c751e8b465ee728b)  -> (artifact id: 'c8feb9b7ad2ee67f1618fac3466a4033') in 0.019447 seconds 
========================================================================
Received Import Request.
  Time since last request: 0.664200 seconds.
  path: Assets/Multistory Dungeons 2/Prefabs/Props/Treasure_Chest_01.prefab
  artifactKey: Guid(8ae5714440a54f42a374a1787987d54f) Importer(815301076,1909f56bfc062723c751e8b465ee728b)
Start importing Assets/Multistory Dungeons 2/Prefabs/Props/Treasure_Chest_01.prefab using Guid(8ae5714440a54f42a374a1787987d54f) Importer(815301076,1909f56bfc062723c751e8b465ee728b)  -> (artifact id: 'f5ecf928a5759f0eb784beea592ee0de') in 0.017508 seconds 
========================================================================
Received Import Request.
  Time since last request: 0.000029 seconds.
  path: Assets/Multistory Dungeons 2/Prefabs/Props/Treasure_Chest_Base_02.prefab
  artifactKey: Guid(f145d8a31a7a4126899cac55d3396d94) Importer(815301076,1909f56bfc062723c751e8b465ee728b)
Start importing Assets/Multistory Dungeons 2/Prefabs/Props/Treasure_Chest_Base_02.prefab using Guid(f145d8a31a7a4126899cac55d3396d94) Importer(815301076,1909f56bfc062723c751e8b465ee728b)  -> (artifact id: '25ddf66d46832f3a93d9570a29ca5651') in 0.015087 seconds 
========================================================================
Received Import Request.
  Time since last request: 3.586960 seconds.
  path: Assets/Multistory Dungeons 2/Prefabs/Props/Furniture/Bench_Wooden_01.prefab
  artifactKey: Guid(b8f3e8c6f9dc4b0cb6f7ee0bec988dcb) Importer(815301076,1909f56bfc062723c751e8b465ee728b)
Start importing Assets/Multistory Dungeons 2/Prefabs/Props/Furniture/Bench_Wooden_01.prefab using Guid(b8f3e8c6f9dc4b0cb6f7ee0bec988dcb) Importer(815301076,1909f56bfc062723c751e8b465ee728b)  -> (artifact id: 'f8568cd6f260b5103b50920f2d25e19a') in 0.019515 seconds 
========================================================================
Received Import Request.
  Time since last request: 0.000025 seconds.
  path: Assets/Multistory Dungeons 2/Prefabs/Props/Furniture/Drawer_Preset_01.prefab
  artifactKey: Guid(ba54338b1750435fa5051af844563833) Importer(815301076,1909f56bfc062723c751e8b465ee728b)
Start importing Assets/Multistory Dungeons 2/Prefabs/Props/Furniture/Drawer_Preset_01.prefab using Guid(ba54338b1750435fa5051af844563833) Importer(815301076,1909f56bfc062723c751e8b465ee728b)  -> (artifact id: '535b8c8f0598f60fb51dcd0635342204') in 0.484408 seconds 
========================================================================
Received Import Request.
  Time since last request: 0.000077 seconds.
  path: Assets/Multistory Dungeons 2/Prefabs/Props/Furniture/Drawer_Preset_02.prefab
  artifactKey: Guid(b2c20920a51e43e39c7bc73ae33fa1df) Importer(815301076,1909f56bfc062723c751e8b465ee728b)
Start importing Assets/Multistory Dungeons 2/Prefabs/Props/Furniture/Drawer_Preset_02.prefab using Guid(b2c20920a51e43e39c7bc73ae33fa1df) Importer(815301076,1909f56bfc062723c751e8b465ee728b)  -> (artifact id: 'd10aad804312ad8ca978a68bbb3f652a') in 0.052278 seconds 
Editor requested this worker to shutdown with reason: Scaling down because of idle timeout
AssetImportWorker is now disconnected from the server
Process exiting
Exiting without the bug reporter. Application will terminate with return code 0