Using pre-set license
Built from 'HEAD' branch; Version is '2021.3.12f1c2 (ffeb050254a0) revision 16771845'; Using compiler version '192829333'; Build Type 'Release'
OS: 'Windows 10  (10.0.19044) 64bit Professional' Language: 'zh' Physical Memory: 15787 MB
BatchMode: 1, IsHumanControllingUs: 0, StartBugReporterOnCrash: 0, Is64bit: 1, IsPro: 1

COMMAND LINE ARGUMENTS:
D:\UnityHub_Install_Location\2021.3.12f1c2\Editor\Unity.exe
-adb2
-batchMode
-noUpm
-name
AssetImportWorker7
-projectPath
D:/vrProject/My project
-logFile
Logs/AssetImportWorker7.log
-srvPort
65317
Successfully changed project path to: D:/vrProject/My project
D:/vrProject/My project
[UnityMemory] Configuration Parameters - Can be set up in boot.config
    "memorysetup-bucket-allocator-granularity=16"
    "memorysetup-bucket-allocator-bucket-count=8"
    "memorysetup-bucket-allocator-block-size=33554432"
    "memorysetup-bucket-allocator-block-count=8"
    "memorysetup-main-allocator-block-size=16777216"
    "memorysetup-thread-allocator-block-size=16777216"
    "memorysetup-gfx-main-allocator-block-size=16777216"
    "memorysetup-gfx-thread-allocator-block-size=16777216"
    "memorysetup-cache-allocator-block-size=4194304"
    "memorysetup-typetree-allocator-block-size=2097152"
    "memorysetup-profiler-bucket-allocator-granularity=16"
    "memorysetup-profiler-bucket-allocator-bucket-count=8"
    "memorysetup-profiler-bucket-allocator-block-size=33554432"
    "memorysetup-profiler-bucket-allocator-block-count=8"
    "memorysetup-profiler-allocator-block-size=16777216"
    "memorysetup-profiler-editor-allocator-block-size=1048576"
    "memorysetup-temp-allocator-size-main=16777216"
    "memorysetup-job-temp-allocator-block-size=2097152"
    "memorysetup-job-temp-allocator-block-size-background=1048576"
    "memorysetup-job-temp-allocator-reduction-small-platforms=262144"
    "memorysetup-temp-allocator-size-background-worker=32768"
    "memorysetup-temp-allocator-size-job-worker=262144"
    "memorysetup-temp-allocator-size-preload-manager=33554432"
    "memorysetup-temp-allocator-size-nav-mesh-worker=65536"
    "memorysetup-temp-allocator-size-audio-worker=65536"
    "memorysetup-temp-allocator-size-cloud-worker=32768"
    "memorysetup-temp-allocator-size-gi-baking-worker=262144"
    "memorysetup-temp-allocator-size-gfx=262144"
AS: AutoStreaming module initializing.
Refreshing native plugins compatible for Editor in 109.45 ms, found 12 plugins.
Preloading 1 native plugins for Editor in 0.83 ms.
Initialize engine version: 2021.3.12f1c2 (ffeb050254a0)
[Subsystems] Discovering subsystems at path D:/UnityHub_Install_Location/2021.3.12f1c2/Editor/Data/Resources/UnitySubsystems
[Subsystems] Discovering subsystems at path D:/vrProject/My project/Assets
GfxDevice: creating device client; threaded=0; jobified=0
Direct3D:
    Version:  Direct3D 11.0 [level 11.1]
    Renderer: NVIDIA GeForce GTX 1650 (ID=0x1f99)
    Vendor:   NVIDIA
    VRAM:     3962 MB
    Driver:   31.0.15.2225
Initialize mono
Mono path[0] = 'D:/UnityHub_Install_Location/2021.3.12f1c2/Editor/Data/Managed'
Mono path[1] = 'D:/UnityHub_Install_Location/2021.3.12f1c2/Editor/Data/MonoBleedingEdge/lib/mono/unityjit-win32'
Mono config path = 'D:/UnityHub_Install_Location/2021.3.12f1c2/Editor/Data/MonoBleedingEdge/etc'
Using monoOptions --debugger-agent=transport=dt_socket,embedding=1,server=y,suspend=n,address=127.0.0.1:56712
Begin MonoManager ReloadAssembly
Registering precompiled unity dll's ...
Register platform support module: D:/UnityHub_Install_Location/2021.3.12f1c2/Editor/Data/PlaybackEngines/AndroidPlayer/UnityEditor.Android.Extensions.dll
Register platform support module: D:/UnityHub_Install_Location/2021.3.12f1c2/Editor/Data/PlaybackEngines/WindowsStandaloneSupport/UnityEditor.WindowsStandalone.Extensions.dll
Registered in 0.004052 seconds.
Native extension for WindowsStandalone target not found
Native extension for Android target not found
Refreshing native plugins compatible for Editor in 98.08 ms, found 12 plugins.
Preloading 1 native plugins for Editor in 0.10 ms.
Mono: successfully reloaded assembly
- Completed reload, in  0.627 seconds
Domain Reload Profiling:
	ReloadAssembly (628ms)
		BeginReloadAssembly (65ms)
			ExecutionOrderSort (0ms)
			DisableScriptedObjects (0ms)
			BackupInstance (0ms)
			ReleaseScriptingObjects (0ms)
			CreateAndSetChildDomain (1ms)
		EndReloadAssembly (457ms)
			LoadAssemblies (62ms)
			RebuildTransferFunctionScriptingTraits (0ms)
			SetupTypeCache (95ms)
			ReleaseScriptCaches (0ms)
			RebuildScriptCaches (24ms)
			SetupLoadedEditorAssemblies (291ms)
				LogAssemblyErrors (0ms)
				InitializePlatformSupportModulesInManaged (57ms)
				SetLoadedEditorAssemblies (0ms)
				RefreshPlugins (98ms)
				BeforeProcessingInitializeOnLoad (1ms)
				ProcessInitializeOnLoadAttributes (89ms)
				ProcessInitializeOnLoadMethodAttributes (44ms)
				AfterProcessingInitializeOnLoad (0ms)
				EditorAssembliesLoaded (0ms)
			ExecutionOrderSort2 (0ms)
			AwakeInstancesAfterBackupRestoration (0ms)
Platform modules already initialized, skipping
Registering precompiled user dll's ...
Registered in 0.015985 seconds.
Begin MonoManager ReloadAssembly
Symbol file LoadedFromMemory doesn't match image D:\vrProject\My project\Library\PackageCache\com.unity.visualscripting@1.7.8\Editor\VisualScripting.Core\Dependencies\DotNetZip\Unity.VisualScripting.IonicZip.dll
Symbol file LoadedFromMemory doesn't match image D:\vrProject\My project\Library\PackageCache\com.unity.visualscripting@1.7.8\Editor\VisualScripting.Core\Dependencies\YamlDotNet\Unity.VisualScripting.YamlDotNet.dll
Native extension for WindowsStandalone target not found
Native extension for Android target not found
Refreshing native plugins compatible for Editor in 90.49 ms, found 12 plugins.
Preloading 1 native plugins for Editor in 0.11 ms.
Package Manager log level set to [2]
System.Reflection.TargetInvocationException: Exception has been thrown by the target of an invocation. ---> System.NullReferenceException: Object reference not set to an instance of an object
  at Unity.XR.Oculus.OculusLoader.AssetPathToAbsolutePath (System.String assetPath) [0x0003d] in D:\vrProject\My project\Library\PackageCache\com.unity.xr.oculus@3.0.2\Runtime\OculusLoader.cs:271 
  at Unity.XR.Oculus.OculusLoader.EditorLoadOVRPlugin () [0x0007b] in D:\vrProject\My project\Library\PackageCache\com.unity.xr.oculus@3.0.2\Runtime\OculusLoader.cs:256 
  at (wrapper managed-to-native) System.Reflection.RuntimeMethodInfo.InternalInvoke(System.Reflection.RuntimeMethodInfo,object,object[],System.Exception&)
  at System.Reflection.RuntimeMethodInfo.Invoke (System.Object obj, System.Reflection.BindingFlags invokeAttr, System.Reflection.Binder binder, System.Object[] parameters, System.Globalization.CultureInfo culture) [0x0006a] in <c9d3ffd4b98649ee9989e1908eaca019>:0 
   --- End of inner exception stack trace ---
  at System.Reflection.RuntimeMethodInfo.Invoke (System.Object obj, System.Reflection.BindingFlags invokeAttr, System.Reflection.Binder binder, System.Object[] parameters, System.Globalization.CultureInfo culture) [0x00083] in <c9d3ffd4b98649ee9989e1908eaca019>:0 
  at System.Reflection.MethodBase.Invoke (System.Object obj, System.Object[] parameters) [0x00000] in <c9d3ffd4b98649ee9989e1908eaca019>:0 
  at UnityEditor.EditorAssemblies.ProcessInitializeOnLoadMethodAttributes () [0x000a5] in <ff644ad2afd246129ad2e1e8da5c9aed>:0 
UnityEngine.StackTraceUtility:ExtractStackTrace ()
UnityEngine.DebugLogHandler:LogFormat (UnityEngine.LogType,UnityEngine.Object,string,object[])
UnityEngine.Logger:Log (UnityEngine.LogType,object)
UnityEngine.Debug:LogError (object)
UnityEditor.EditorAssemblies:ProcessInitializeOnLoadMethodAttributes ()

Mono: successfully reloaded assembly
- Completed reload, in  1.287 seconds
Domain Reload Profiling:
	ReloadAssembly (1288ms)
		BeginReloadAssembly (211ms)
			ExecutionOrderSort (0ms)
			DisableScriptedObjects (5ms)
			BackupInstance (0ms)
			ReleaseScriptingObjects (0ms)
			CreateAndSetChildDomain (130ms)
		EndReloadAssembly (963ms)
			LoadAssemblies (84ms)
			RebuildTransferFunctionScriptingTraits (0ms)
			SetupTypeCache (262ms)
			ReleaseScriptCaches (1ms)
			RebuildScriptCaches (55ms)
			SetupLoadedEditorAssemblies (508ms)
				LogAssemblyErrors (0ms)
				InitializePlatformSupportModulesInManaged (12ms)
				SetLoadedEditorAssemblies (0ms)
				RefreshPlugins (91ms)
				BeforeProcessingInitializeOnLoad (87ms)
				ProcessInitializeOnLoadAttributes (276ms)
				ProcessInitializeOnLoadMethodAttributes (34ms)
				AfterProcessingInitializeOnLoad (8ms)
				EditorAssembliesLoaded (0ms)
			ExecutionOrderSort2 (0ms)
			AwakeInstancesAfterBackupRestoration (7ms)
Platform modules already initialized, skipping
========================================================================
Worker process is ready to serve import requests
Launched and connected shader compiler UnityShaderCompiler.exe after 0.05 seconds
Refreshing native plugins compatible for Editor in 1.11 ms, found 12 plugins.
Preloading 1 native plugins for Editor in 0.20 ms.
Unloading 4143 Unused Serialized files (Serialized files now loaded: 0)
Unloading 53 unused Assets / (89.3 KB). Loaded Objects now: 4609.
Memory consumption went from 170.3 MB to 170.3 MB.
Total: 3.586700 ms (FindLiveObjects: 0.352900 ms CreateObjectMapping: 0.120200 ms MarkObjects: 2.971100 ms  DeleteObjects: 0.140700 ms)

AssetImportParameters requested are different than current active one (requested -> active):
  custom:video-decoder-ogg-theora: a1e56fd34408186e4bbccfd4996cb3dc -> 
  custom:container-muxer-webm: aa71ff27fc2769a1b78a27578f13a17b -> 
  custom:container-demuxer-webm: 4f35f7cbe854078d1ac9338744f61a02 -> 
  custom:video-encoder-webm-vp8: eb34c28f22e8b96e1ab97ce403110664 -> 
  custom:audio-encoder-webm-vorbis: bf7c407c2cedff20999df2af8eb42d56 -> 
  custom:framework-win-MediaFoundation: 216162199b28c13a410421893ffa2e32 -> 
  custom:container-demuxer-ogg: 62fdf1f143b41e24485cea50d1cbac27 -> 
  custom:video-decoder-webm-vp8: 9c59270c3fd7afecdb556c50c9e8de78 -> 
  custom:audio-decoder-ogg-vorbis: bf7c407c2cedff20999df2af8eb42d56 -> 
========================================================================
Received Import Request.
  Time since last request: 498287.148493 seconds.
  path: Assets/Store_Assets/Multistory Dungeons 2/Prefabs/Props/Furniture/Table_Preset_02.prefab
  artifactKey: Guid(4b15c1d3e1d14381be7a78f4ac797171) Importer(815301076,1909f56bfc062723c751e8b465ee728b)
Start importing Assets/Store_Assets/Multistory Dungeons 2/Prefabs/Props/Furniture/Table_Preset_02.prefab using Guid(4b15c1d3e1d14381be7a78f4ac797171) Importer(815301076,1909f56bfc062723c751e8b465ee728b)  -> (artifact id: 'ea575a4daa0b3e31a4b584f98de74050') in 0.275762 seconds 
========================================================================
Received Import Request.
  Time since last request: 0.000035 seconds.
  path: Assets/Store_Assets/Multistory Dungeons 2/Prefabs/Props/Furniture/Table_Preset_05.prefab
  artifactKey: Guid(ac54d2d6fecb48fe86a84515a8d01eb9) Importer(815301076,1909f56bfc062723c751e8b465ee728b)
Start importing Assets/Store_Assets/Multistory Dungeons 2/Prefabs/Props/Furniture/Table_Preset_05.prefab using Guid(ac54d2d6fecb48fe86a84515a8d01eb9) Importer(815301076,1909f56bfc062723c751e8b465ee728b)  -> (artifact id: 'e75812a4b08f29f11e4e4c8c50da0d49') in 0.053190 seconds 
========================================================================
Received Import Request.
  Time since last request: 0.000059 seconds.
  path: Assets/Store_Assets/Multistory Dungeons 2/Prefabs/Props/Furniture/Table_Preset_06.prefab
  artifactKey: Guid(1fba721680014217bdaceed4f6fe154d) Importer(815301076,1909f56bfc062723c751e8b465ee728b)
Start importing Assets/Store_Assets/Multistory Dungeons 2/Prefabs/Props/Furniture/Table_Preset_06.prefab using Guid(1fba721680014217bdaceed4f6fe154d) Importer(815301076,1909f56bfc062723c751e8b465ee728b)  -> (artifact id: 'a9d196e8e359bed553c2cbf952a61c29') in 0.053275 seconds 
========================================================================
Received Import Request.
  Time since last request: 37.290495 seconds.
  path: Assets/Store_Assets/Multistory Dungeons 2/Textures/Atlas_Props_01.psd
  artifactKey: Guid(ee6f3aaa6abf4ce1a3100b4b20eeca71) Importer(815301076,1909f56bfc062723c751e8b465ee728b)
Start importing Assets/Store_Assets/Multistory Dungeons 2/Textures/Atlas_Props_01.psd using Guid(ee6f3aaa6abf4ce1a3100b4b20eeca71) Importer(815301076,1909f56bfc062723c751e8b465ee728b)  -> (artifact id: 'b0bd23183ba72e9d648254844ea2b5f4') in 0.053146 seconds 
========================================================================
Received Import Request.
  Time since last request: 0.000033 seconds.
  path: Assets/Store_Assets/Multistory Dungeons 2/Textures/FX_Smoke_MD_01.psd
  artifactKey: Guid(b946e1039ab444399401facd2a6700e5) Importer(815301076,1909f56bfc062723c751e8b465ee728b)
Start importing Assets/Store_Assets/Multistory Dungeons 2/Textures/FX_Smoke_MD_01.psd using Guid(b946e1039ab444399401facd2a6700e5) Importer(815301076,1909f56bfc062723c751e8b465ee728b)  -> (artifact id: 'c12aa1fb8703f1630cce7df43bc03405') in 0.016571 seconds 
========================================================================
Received Import Request.
  Time since last request: 0.000027 seconds.
  path: Assets/Store_Assets/Multistory Dungeons 2/Textures/FX_Fire_01_MD.psd
  artifactKey: Guid(e9d99095e38043dbbcd6d8a2b2337c24) Importer(815301076,1909f56bfc062723c751e8b465ee728b)
Start importing Assets/Store_Assets/Multistory Dungeons 2/Textures/FX_Fire_01_MD.psd using Guid(e9d99095e38043dbbcd6d8a2b2337c24) Importer(815301076,1909f56bfc062723c751e8b465ee728b)  -> (artifact id: '2b340dc4688154789e588dd26c32f324') in 0.014307 seconds 
========================================================================
Received Import Request.
  Time since last request: 0.000026 seconds.
  path: Assets/Store_Assets/Multistory Dungeons 2/Textures/Atlas_Props_01_Normal.psd
  artifactKey: Guid(30417f1afd654f81abf01d532f1a9160) Importer(815301076,1909f56bfc062723c751e8b465ee728b)
Start importing Assets/Store_Assets/Multistory Dungeons 2/Textures/Atlas_Props_01_Normal.psd using Guid(30417f1afd654f81abf01d532f1a9160) Importer(815301076,1909f56bfc062723c751e8b465ee728b)  -> (artifact id: '37d3059ea222f2ec31f4e47de071a0a9') in 0.012269 seconds 
========================================================================
Received Import Request.
  Time since last request: 261.288118 seconds.
  path: Assets/Store_Assets/Assets_Beds/models/Materials/bed-2.mat
  artifactKey: Guid(072042d5d122d894a94eac32fad65eb2) Importer(815301076,1909f56bfc062723c751e8b465ee728b)
Start importing Assets/Store_Assets/Assets_Beds/models/Materials/bed-2.mat using Guid(072042d5d122d894a94eac32fad65eb2) Importer(815301076,1909f56bfc062723c751e8b465ee728b)  -> (artifact id: 'dd524878abc420baca3227050138cb4f') in 0.025554 seconds 
========================================================================
Received Import Request.
  Time since last request: 1.850100 seconds.
  path: Assets/Store_Assets/Assets_Beds/prefabs/bed2.prefab
  artifactKey: Guid(caab47fcd35786a4991e8727ed28fc62) Importer(815301076,1909f56bfc062723c751e8b465ee728b)
Start importing Assets/Store_Assets/Assets_Beds/prefabs/bed2.prefab using Guid(caab47fcd35786a4991e8727ed28fc62) Importer(815301076,1909f56bfc062723c751e8b465ee728b)  -> (artifact id: 'f24ded81730b1e667464a0f81c0e2fac') in 0.010839 seconds 
========================================================================
Received Import Request.
  Time since last request: 10.954742 seconds.
  path: Assets/Store_Assets/Assets_Beds/textures/bed-2.tga
  artifactKey: Guid(16e9cb2bcd17a914e99c00bc46daab6d) Importer(815301076,1909f56bfc062723c751e8b465ee728b)
Start importing Assets/Store_Assets/Assets_Beds/textures/bed-2.tga using Guid(16e9cb2bcd17a914e99c00bc46daab6d) Importer(815301076,1909f56bfc062723c751e8b465ee728b)  -> (artifact id: '7a847fabdd043a437c775f77853bfebe') in 0.010658 seconds 
========================================================================
Received Import Request.
  Time since last request: 30.018529 seconds.
  path: Assets/Store_Assets/Assets_Beds/_previews/medium.jpg
  artifactKey: Guid(e3f5ba789faed3548b896e6b5cd0d84e) Importer(815301076,1909f56bfc062723c751e8b465ee728b)
Start importing Assets/Store_Assets/Assets_Beds/_previews/medium.jpg using Guid(e3f5ba789faed3548b896e6b5cd0d84e) Importer(815301076,1909f56bfc062723c751e8b465ee728b)  -> (artifact id: 'f2fa68990c3923dd728b230e1582abdd') in 0.022016 seconds 
========================================================================
Received Import Request.
  Time since last request: 17.261136 seconds.
  path: Assets/Store_Assets/LowPolyMetalRack/Meshes/MetalRack_Pillar_Half.fbx
  artifactKey: Guid(8ff830e15454a4f47b196376ae0f4bd3) Importer(815301076,1909f56bfc062723c751e8b465ee728b)
Start importing Assets/Store_Assets/LowPolyMetalRack/Meshes/MetalRack_Pillar_Half.fbx using Guid(8ff830e15454a4f47b196376ae0f4bd3) Importer(815301076,1909f56bfc062723c751e8b465ee728b)  -> (artifact id: '999e84a743021c33dbadcdf026c71a9b') in 0.035226 seconds 
========================================================================
Received Import Request.
  Time since last request: 0.001259 seconds.
  path: Assets/Store_Assets/LowPolyMetalRack/Meshes/MetalRack_Shelf_Wire.fbx
  artifactKey: Guid(1dba39a88359dcc419b4301c5b219754) Importer(815301076,1909f56bfc062723c751e8b465ee728b)
Start importing Assets/Store_Assets/LowPolyMetalRack/Meshes/MetalRack_Shelf_Wire.fbx using Guid(1dba39a88359dcc419b4301c5b219754) Importer(815301076,1909f56bfc062723c751e8b465ee728b)  -> (artifact id: 'c5c5d037abfb6bff42e5589bc530def8') in 0.019481 seconds 
========================================================================
Received Import Request.
  Time since last request: 0.000030 seconds.
  path: Assets/Store_Assets/LowPolyMetalRack/Meshes/MetalRack_Shelf_Board_Half.fbx
  artifactKey: Guid(3be14c5f00d0926489fa74f0e879af67) Importer(815301076,1909f56bfc062723c751e8b465ee728b)
Start importing Assets/Store_Assets/LowPolyMetalRack/Meshes/MetalRack_Shelf_Board_Half.fbx using Guid(3be14c5f00d0926489fa74f0e879af67) Importer(815301076,1909f56bfc062723c751e8b465ee728b)  -> (artifact id: 'bf9bac3ea44733d608c5ddc62321cc3f') in 0.016813 seconds 
========================================================================
Received Import Request.
  Time since last request: 0.000028 seconds.
  path: Assets/Store_Assets/LowPolyMetalRack/Meshes/MetalRack_Sidebar_Half.fbx
  artifactKey: Guid(10ffac9c4a485f24683c75156ba68084) Importer(815301076,1909f56bfc062723c751e8b465ee728b)
Start importing Assets/Store_Assets/LowPolyMetalRack/Meshes/MetalRack_Sidebar_Half.fbx using Guid(10ffac9c4a485f24683c75156ba68084) Importer(815301076,1909f56bfc062723c751e8b465ee728b)  -> (artifact id: 'fe68c88c071260b72a861f0cc6152e49') in 0.013676 seconds 
========================================================================
Received Import Request.
  Time since last request: 0.732584 seconds.
  path: Assets/Store_Assets/LowPolyMetalRack/Prefabs/BoardShelf B.prefab
  artifactKey: Guid(c9afdd67ad4cdcd4e959f33a8aaba450) Importer(815301076,1909f56bfc062723c751e8b465ee728b)
Start importing Assets/Store_Assets/LowPolyMetalRack/Prefabs/BoardShelf B.prefab using Guid(c9afdd67ad4cdcd4e959f33a8aaba450) Importer(815301076,1909f56bfc062723c751e8b465ee728b)  -> (artifact id: '4d9d5dd92583787e5f8a22f07de3a80e') in 0.011338 seconds 
========================================================================
Received Import Request.
  Time since last request: 0.000036 seconds.
  path: Assets/Store_Assets/LowPolyMetalRack/Prefabs/MetalRack_Sidebar.prefab
  artifactKey: Guid(3f305bcb96009bd4fbd0d226d69b00ec) Importer(815301076,1909f56bfc062723c751e8b465ee728b)
Start importing Assets/Store_Assets/LowPolyMetalRack/Prefabs/MetalRack_Sidebar.prefab using Guid(3f305bcb96009bd4fbd0d226d69b00ec) Importer(815301076,1909f56bfc062723c751e8b465ee728b)  -> (artifact id: 'e7fd43e92be4ccdb85752c3c561aba13') in 0.010004 seconds 
========================================================================
Received Import Request.
  Time since last request: 0.000031 seconds.
  path: Assets/Store_Assets/LowPolyMetalRack/Prefabs/MetalRack_Pillar_Half.prefab
  artifactKey: Guid(448480d381d0acc4bb33c2b37e0c1190) Importer(815301076,1909f56bfc062723c751e8b465ee728b)
Start importing Assets/Store_Assets/LowPolyMetalRack/Prefabs/MetalRack_Pillar_Half.prefab using Guid(448480d381d0acc4bb33c2b37e0c1190) Importer(815301076,1909f56bfc062723c751e8b465ee728b)  -> (artifact id: 'e5a98fe359e245c7eb767715eaddcaaa') in 0.008866 seconds 
========================================================================
Received Import Request.
  Time since last request: 0.000071 seconds.
  path: Assets/Store_Assets/LowPolyMetalRack/Prefabs/MetalRack_Shelf_Board_Half.prefab
  artifactKey: Guid(7c5ea4eb1941980429abac9d717329c7) Importer(815301076,1909f56bfc062723c751e8b465ee728b)
Start importing Assets/Store_Assets/LowPolyMetalRack/Prefabs/MetalRack_Shelf_Board_Half.prefab using Guid(7c5ea4eb1941980429abac9d717329c7) Importer(815301076,1909f56bfc062723c751e8b465ee728b)  -> (artifact id: 'bb853e9b9db5c2ed82fb8f0aa64d37f9') in 0.009463 seconds 
========================================================================
Received Import Request.
  Time since last request: 0.000038 seconds.
  path: Assets/Store_Assets/LowPolyMetalRack/Prefabs/MetalRack_Shelf_Wire_Half.prefab
  artifactKey: Guid(594456c76fa0ba3488ee0de0cefa2153) Importer(815301076,1909f56bfc062723c751e8b465ee728b)
Start importing Assets/Store_Assets/LowPolyMetalRack/Prefabs/MetalRack_Shelf_Wire_Half.prefab using Guid(594456c76fa0ba3488ee0de0cefa2153) Importer(815301076,1909f56bfc062723c751e8b465ee728b)  -> (artifact id: '9fc94b5c5d358299a6b9bcafc47036e8') in 0.008802 seconds 
========================================================================
Received Import Request.
  Time since last request: 0.000033 seconds.
  path: Assets/Store_Assets/LowPolyMetalRack/Prefabs/MetalRack_Shelf_Wire.prefab
  artifactKey: Guid(9c6784651c8d1964eb6ca5f37c68d7e4) Importer(815301076,1909f56bfc062723c751e8b465ee728b)
Start importing Assets/Store_Assets/LowPolyMetalRack/Prefabs/MetalRack_Shelf_Wire.prefab using Guid(9c6784651c8d1964eb6ca5f37c68d7e4) Importer(815301076,1909f56bfc062723c751e8b465ee728b)  -> (artifact id: '948587b4f3ba7c5b789a2617b52782e3') in 0.009489 seconds 
========================================================================
Received Import Request.
  Time since last request: 0.000036 seconds.
  path: Assets/Store_Assets/LowPolyMetalRack/Prefabs/WireShelf D.prefab
  artifactKey: Guid(de4ad9755eec954419b90cef170ea41f) Importer(815301076,1909f56bfc062723c751e8b465ee728b)
Start importing Assets/Store_Assets/LowPolyMetalRack/Prefabs/WireShelf D.prefab using Guid(de4ad9755eec954419b90cef170ea41f) Importer(815301076,1909f56bfc062723c751e8b465ee728b)  -> (artifact id: '6df3d2e3f7b08e17461c2d129edcbaab') in 0.012127 seconds 
========================================================================
Received Import Request.
  Time since last request: 0.000039 seconds.
  path: Assets/Store_Assets/LowPolyMetalRack/Prefabs/WireShelf B.prefab
  artifactKey: Guid(3aa5281aec313c043b3e82745af1ae17) Importer(815301076,1909f56bfc062723c751e8b465ee728b)
Start importing Assets/Store_Assets/LowPolyMetalRack/Prefabs/WireShelf B.prefab using Guid(3aa5281aec313c043b3e82745af1ae17) Importer(815301076,1909f56bfc062723c751e8b465ee728b)  -> (artifact id: '68e9e09e556f75881ac055a1b0fb3ce3') in 0.012014 seconds 
Editor requested this worker to shutdown with reason: Scaling down because of idle timeout
AssetImportWorker is now disconnected from the server
Process exiting
Exiting without the bug reporter. Application will terminate with return code 0