Using pre-set license
Built from 'HEAD' branch; Version is '2021.3.12f1c2 (ffeb050254a0) revision 16771845'; Using compiler version '192829333'; Build Type 'Release'
OS: 'Windows 10  (10.0.19044) 64bit Professional' Language: 'zh' Physical Memory: 15787 MB
BatchMode: 1, IsHumanControllingUs: 0, StartBugReporterOnCrash: 0, Is64bit: 1, IsPro: 1

COMMAND LINE ARGUMENTS:
D:\UnityHub_Install_Location\2021.3.12f1c2\Editor\Unity.exe
-adb2
-batchMode
-noUpm
-name
AssetImportWorker8
-projectPath
D:/vrProject/My project
-logFile
Logs/AssetImportWorker8.log
-srvPort
65317
Successfully changed project path to: D:/vrProject/My project
D:/vrProject/My project
[UnityMemory] Configuration Parameters - Can be set up in boot.config
    "memorysetup-bucket-allocator-granularity=16"
    "memorysetup-bucket-allocator-bucket-count=8"
    "memorysetup-bucket-allocator-block-size=33554432"
    "memorysetup-bucket-allocator-block-count=8"
    "memorysetup-main-allocator-block-size=16777216"
    "memorysetup-thread-allocator-block-size=16777216"
    "memorysetup-gfx-main-allocator-block-size=16777216"
    "memorysetup-gfx-thread-allocator-block-size=16777216"
    "memorysetup-cache-allocator-block-size=4194304"
    "memorysetup-typetree-allocator-block-size=2097152"
    "memorysetup-profiler-bucket-allocator-granularity=16"
    "memorysetup-profiler-bucket-allocator-bucket-count=8"
    "memorysetup-profiler-bucket-allocator-block-size=33554432"
    "memorysetup-profiler-bucket-allocator-block-count=8"
    "memorysetup-profiler-allocator-block-size=16777216"
    "memorysetup-profiler-editor-allocator-block-size=1048576"
    "memorysetup-temp-allocator-size-main=16777216"
    "memorysetup-job-temp-allocator-block-size=2097152"
    "memorysetup-job-temp-allocator-block-size-background=1048576"
    "memorysetup-job-temp-allocator-reduction-small-platforms=262144"
    "memorysetup-temp-allocator-size-background-worker=32768"
    "memorysetup-temp-allocator-size-job-worker=262144"
    "memorysetup-temp-allocator-size-preload-manager=33554432"
    "memorysetup-temp-allocator-size-nav-mesh-worker=65536"
    "memorysetup-temp-allocator-size-audio-worker=65536"
    "memorysetup-temp-allocator-size-cloud-worker=32768"
    "memorysetup-temp-allocator-size-gi-baking-worker=262144"
    "memorysetup-temp-allocator-size-gfx=262144"
AS: AutoStreaming module initializing.
Refreshing native plugins compatible for Editor in 107.79 ms, found 12 plugins.
Preloading 1 native plugins for Editor in 0.80 ms.
Initialize engine version: 2021.3.12f1c2 (ffeb050254a0)
[Subsystems] Discovering subsystems at path D:/UnityHub_Install_Location/2021.3.12f1c2/Editor/Data/Resources/UnitySubsystems
[Subsystems] Discovering subsystems at path D:/vrProject/My project/Assets
GfxDevice: creating device client; threaded=0; jobified=0
Direct3D:
    Version:  Direct3D 11.0 [level 11.1]
    Renderer: NVIDIA GeForce GTX 1650 (ID=0x1f99)
    Vendor:   NVIDIA
    VRAM:     3962 MB
    Driver:   31.0.15.2225
Initialize mono
Mono path[0] = 'D:/UnityHub_Install_Location/2021.3.12f1c2/Editor/Data/Managed'
Mono path[1] = 'D:/UnityHub_Install_Location/2021.3.12f1c2/Editor/Data/MonoBleedingEdge/lib/mono/unityjit-win32'
Mono config path = 'D:/UnityHub_Install_Location/2021.3.12f1c2/Editor/Data/MonoBleedingEdge/etc'
Using monoOptions --debugger-agent=transport=dt_socket,embedding=1,server=y,suspend=n,address=127.0.0.1:56492
Begin MonoManager ReloadAssembly
Registering precompiled unity dll's ...
Register platform support module: D:/UnityHub_Install_Location/2021.3.12f1c2/Editor/Data/PlaybackEngines/AndroidPlayer/UnityEditor.Android.Extensions.dll
Register platform support module: D:/UnityHub_Install_Location/2021.3.12f1c2/Editor/Data/PlaybackEngines/WindowsStandaloneSupport/UnityEditor.WindowsStandalone.Extensions.dll
Registered in 0.003845 seconds.
Native extension for WindowsStandalone target not found
Native extension for Android target not found
Refreshing native plugins compatible for Editor in 97.41 ms, found 12 plugins.
Preloading 1 native plugins for Editor in 0.08 ms.
Mono: successfully reloaded assembly
- Completed reload, in  0.636 seconds
Domain Reload Profiling:
	ReloadAssembly (636ms)
		BeginReloadAssembly (62ms)
			ExecutionOrderSort (0ms)
			DisableScriptedObjects (0ms)
			BackupInstance (0ms)
			ReleaseScriptingObjects (0ms)
			CreateAndSetChildDomain (1ms)
		EndReloadAssembly (473ms)
			LoadAssemblies (59ms)
			RebuildTransferFunctionScriptingTraits (0ms)
			SetupTypeCache (106ms)
			ReleaseScriptCaches (0ms)
			RebuildScriptCaches (28ms)
			SetupLoadedEditorAssemblies (287ms)
				LogAssemblyErrors (0ms)
				InitializePlatformSupportModulesInManaged (51ms)
				SetLoadedEditorAssemblies (0ms)
				RefreshPlugins (98ms)
				BeforeProcessingInitializeOnLoad (1ms)
				ProcessInitializeOnLoadAttributes (90ms)
				ProcessInitializeOnLoadMethodAttributes (46ms)
				AfterProcessingInitializeOnLoad (0ms)
				EditorAssembliesLoaded (0ms)
			ExecutionOrderSort2 (0ms)
			AwakeInstancesAfterBackupRestoration (0ms)
Platform modules already initialized, skipping
Registering precompiled user dll's ...
Registered in 0.016171 seconds.
Begin MonoManager ReloadAssembly
Symbol file LoadedFromMemory doesn't match image D:\vrProject\My project\Library\PackageCache\com.unity.visualscripting@1.7.8\Editor\VisualScripting.Core\Dependencies\DotNetZip\Unity.VisualScripting.IonicZip.dll
Symbol file LoadedFromMemory doesn't match image D:\vrProject\My project\Library\PackageCache\com.unity.visualscripting@1.7.8\Editor\VisualScripting.Core\Dependencies\YamlDotNet\Unity.VisualScripting.YamlDotNet.dll
Native extension for WindowsStandalone target not found
Native extension for Android target not found
Refreshing native plugins compatible for Editor in 94.03 ms, found 12 plugins.
Preloading 1 native plugins for Editor in 0.11 ms.
Package Manager log level set to [2]
System.Reflection.TargetInvocationException: Exception has been thrown by the target of an invocation. ---> System.NullReferenceException: Object reference not set to an instance of an object
  at Unity.XR.Oculus.OculusLoader.AssetPathToAbsolutePath (System.String assetPath) [0x0003d] in D:\vrProject\My project\Library\PackageCache\com.unity.xr.oculus@3.0.2\Runtime\OculusLoader.cs:271 
  at Unity.XR.Oculus.OculusLoader.EditorLoadOVRPlugin () [0x0007b] in D:\vrProject\My project\Library\PackageCache\com.unity.xr.oculus@3.0.2\Runtime\OculusLoader.cs:256 
  at (wrapper managed-to-native) System.Reflection.RuntimeMethodInfo.InternalInvoke(System.Reflection.RuntimeMethodInfo,object,object[],System.Exception&)
  at System.Reflection.RuntimeMethodInfo.Invoke (System.Object obj, System.Reflection.BindingFlags invokeAttr, System.Reflection.Binder binder, System.Object[] parameters, System.Globalization.CultureInfo culture) [0x0006a] in <c9d3ffd4b98649ee9989e1908eaca019>:0 
   --- End of inner exception stack trace ---
  at System.Reflection.RuntimeMethodInfo.Invoke (System.Object obj, System.Reflection.BindingFlags invokeAttr, System.Reflection.Binder binder, System.Object[] parameters, System.Globalization.CultureInfo culture) [0x00083] in <c9d3ffd4b98649ee9989e1908eaca019>:0 
  at System.Reflection.MethodBase.Invoke (System.Object obj, System.Object[] parameters) [0x00000] in <c9d3ffd4b98649ee9989e1908eaca019>:0 
  at UnityEditor.EditorAssemblies.ProcessInitializeOnLoadMethodAttributes () [0x000a5] in <ff644ad2afd246129ad2e1e8da5c9aed>:0 
UnityEngine.StackTraceUtility:ExtractStackTrace ()
UnityEngine.DebugLogHandler:LogFormat (UnityEngine.LogType,UnityEngine.Object,string,object[])
UnityEngine.Logger:Log (UnityEngine.LogType,object)
UnityEngine.Debug:LogError (object)
UnityEditor.EditorAssemblies:ProcessInitializeOnLoadMethodAttributes ()

Mono: successfully reloaded assembly
- Completed reload, in  1.292 seconds
Domain Reload Profiling:
	ReloadAssembly (1293ms)
		BeginReloadAssembly (210ms)
			ExecutionOrderSort (0ms)
			DisableScriptedObjects (5ms)
			BackupInstance (0ms)
			ReleaseScriptingObjects (0ms)
			CreateAndSetChildDomain (127ms)
		EndReloadAssembly (965ms)
			LoadAssemblies (81ms)
			RebuildTransferFunctionScriptingTraits (0ms)
			SetupTypeCache (262ms)
			ReleaseScriptCaches (1ms)
			RebuildScriptCaches (55ms)
			SetupLoadedEditorAssemblies (509ms)
				LogAssemblyErrors (0ms)
				InitializePlatformSupportModulesInManaged (13ms)
				SetLoadedEditorAssemblies (0ms)
				RefreshPlugins (94ms)
				BeforeProcessingInitializeOnLoad (86ms)
				ProcessInitializeOnLoadAttributes (273ms)
				ProcessInitializeOnLoadMethodAttributes (36ms)
				AfterProcessingInitializeOnLoad (8ms)
				EditorAssembliesLoaded (0ms)
			ExecutionOrderSort2 (0ms)
			AwakeInstancesAfterBackupRestoration (7ms)
Platform modules already initialized, skipping
========================================================================
Worker process is ready to serve import requests
Launched and connected shader compiler UnityShaderCompiler.exe after 0.05 seconds
Refreshing native plugins compatible for Editor in 0.96 ms, found 12 plugins.
Preloading 1 native plugins for Editor in 0.11 ms.
Unloading 4143 Unused Serialized files (Serialized files now loaded: 0)
Unloading 53 unused Assets / (89.3 KB). Loaded Objects now: 4609.
Memory consumption went from 170.3 MB to 170.3 MB.
Total: 4.299900 ms (FindLiveObjects: 0.492600 ms CreateObjectMapping: 0.299100 ms MarkObjects: 3.380300 ms  DeleteObjects: 0.126100 ms)

AssetImportParameters requested are different than current active one (requested -> active):
  custom:video-decoder-ogg-theora: a1e56fd34408186e4bbccfd4996cb3dc -> 
  custom:container-muxer-webm: aa71ff27fc2769a1b78a27578f13a17b -> 
  custom:container-demuxer-webm: 4f35f7cbe854078d1ac9338744f61a02 -> 
  custom:video-encoder-webm-vp8: eb34c28f22e8b96e1ab97ce403110664 -> 
  custom:audio-encoder-webm-vorbis: bf7c407c2cedff20999df2af8eb42d56 -> 
  custom:framework-win-MediaFoundation: 216162199b28c13a410421893ffa2e32 -> 
  custom:container-demuxer-ogg: 62fdf1f143b41e24485cea50d1cbac27 -> 
  custom:video-decoder-webm-vp8: 9c59270c3fd7afecdb556c50c9e8de78 -> 
  custom:audio-decoder-ogg-vorbis: bf7c407c2cedff20999df2af8eb42d56 -> 
========================================================================
Received Import Request.
  Time since last request: 498287.147139 seconds.
  path: Assets/Store_Assets/Multistory Dungeons 2/Prefabs/Props/Furniture/Shelf_Preset_04.prefab
  artifactKey: Guid(d7a5e14202ef45918353047c81112c8a) Importer(815301076,1909f56bfc062723c751e8b465ee728b)
Start importing Assets/Store_Assets/Multistory Dungeons 2/Prefabs/Props/Furniture/Shelf_Preset_04.prefab using Guid(d7a5e14202ef45918353047c81112c8a) Importer(815301076,1909f56bfc062723c751e8b465ee728b)  -> (artifact id: '25151b95a3469e7e9dd0a4428866a52f') in 0.270551 seconds 
========================================================================
Received Import Request.
  Time since last request: 0.000032 seconds.
  path: Assets/Store_Assets/Multistory Dungeons 2/Prefabs/Props/Furniture/Table_Wooden_02.prefab
  artifactKey: Guid(d608e743b49844edae196bc799723896) Importer(815301076,1909f56bfc062723c751e8b465ee728b)
Start importing Assets/Store_Assets/Multistory Dungeons 2/Prefabs/Props/Furniture/Table_Wooden_02.prefab using Guid(d608e743b49844edae196bc799723896) Importer(815301076,1909f56bfc062723c751e8b465ee728b)  -> (artifact id: '502c8bb0783debcd127f26b8e904e654') in 0.042397 seconds 
========================================================================
Received Import Request.
  Time since last request: 0.000043 seconds.
  path: Assets/Store_Assets/Multistory Dungeons 2/Prefabs/Props/Furniture/Table_Preset_03.prefab
  artifactKey: Guid(065f770c0c58456e929d9ea17079d78d) Importer(815301076,1909f56bfc062723c751e8b465ee728b)
Start importing Assets/Store_Assets/Multistory Dungeons 2/Prefabs/Props/Furniture/Table_Preset_03.prefab using Guid(065f770c0c58456e929d9ea17079d78d) Importer(815301076,1909f56bfc062723c751e8b465ee728b)  -> (artifact id: '7d17aacd811d1e352fe8ee0c38515232') in 0.054877 seconds 
========================================================================
Received Import Request.
  Time since last request: 37.273114 seconds.
  path: Assets/Store_Assets/Multistory Dungeons 2/Textures
  artifactKey: Guid(a35373551a24e9849a3128bf3b9c5eb4) Importer(815301076,1909f56bfc062723c751e8b465ee728b)
Start importing Assets/Store_Assets/Multistory Dungeons 2/Textures using Guid(a35373551a24e9849a3128bf3b9c5eb4) Importer(815301076,1909f56bfc062723c751e8b465ee728b)  -> (artifact id: 'd4d2054f8a5d0a093365b799f5091d56') in 0.001570 seconds 
========================================================================
Received Import Request.
  Time since last request: 0.027572 seconds.
  path: Assets/Store_Assets/Multistory Dungeons 2/Textures/Atlas_Furniture_01.psd
  artifactKey: Guid(6bb141450ca141dda58e257cb9ed61df) Importer(815301076,1909f56bfc062723c751e8b465ee728b)
Start importing Assets/Store_Assets/Multistory Dungeons 2/Textures/Atlas_Furniture_01.psd using Guid(6bb141450ca141dda58e257cb9ed61df) Importer(815301076,1909f56bfc062723c751e8b465ee728b)  -> (artifact id: 'c17934cec5828ede96f55e03be80cd27') in 0.102300 seconds 
========================================================================
Received Import Request.
  Time since last request: 0.000035 seconds.
  path: Assets/Store_Assets/Multistory Dungeons 2/Textures/Atlas_Props_01_Specular.psd
  artifactKey: Guid(4338fee117284677837ee007a11ed407) Importer(815301076,1909f56bfc062723c751e8b465ee728b)
Start importing Assets/Store_Assets/Multistory Dungeons 2/Textures/Atlas_Props_01_Specular.psd using Guid(4338fee117284677837ee007a11ed407) Importer(815301076,1909f56bfc062723c751e8b465ee728b)  -> (artifact id: 'bed4fa140ebf124e417e359806635f22') in 0.009066 seconds 
========================================================================
Received Import Request.
  Time since last request: 8.836323 seconds.
  path: Assets/Store_Assets/Multistory Dungeons 2/Scenes
  artifactKey: Guid(dbc50bc34bb8cf344b1ab2dba1a28cdd) Importer(815301076,1909f56bfc062723c751e8b465ee728b)
Start importing Assets/Store_Assets/Multistory Dungeons 2/Scenes using Guid(dbc50bc34bb8cf344b1ab2dba1a28cdd) Importer(815301076,1909f56bfc062723c751e8b465ee728b)  -> (artifact id: 'c1ed2caf926dbf9e6985f39a97673049') in 0.001800 seconds 
========================================================================
Received Import Request.
  Time since last request: 245.675686 seconds.
  path: Assets/Store_Assets/Assets_Beds/models
  artifactKey: Guid(9edfdb139e6065941a510a18f2a33384) Importer(815301076,1909f56bfc062723c751e8b465ee728b)
Start importing Assets/Store_Assets/Assets_Beds/models using Guid(9edfdb139e6065941a510a18f2a33384) Importer(815301076,1909f56bfc062723c751e8b465ee728b)  -> (artifact id: '7c3a7c7950f283bb53fc656b5204f143') in 0.002172 seconds 
========================================================================
Received Import Request.
  Time since last request: 0.067187 seconds.
  path: Assets/Store_Assets/Assets_Beds/models/beds.FBX
  artifactKey: Guid(0105052dd69ade14babc338971f8f6a1) Importer(815301076,1909f56bfc062723c751e8b465ee728b)
Start importing Assets/Store_Assets/Assets_Beds/models/beds.FBX using Guid(0105052dd69ade14babc338971f8f6a1) Importer(815301076,1909f56bfc062723c751e8b465ee728b)  -> (artifact id: 'f6f6f214aebc4eff3ba4e20d9e3c56df') in 0.061158 seconds 
========================================================================
Received Import Request.
  Time since last request: 6.584887 seconds.
  path: Assets/Store_Assets/Assets_Beds/models/Materials
  artifactKey: Guid(6436e4764a9d9fb44ad87f9802dab009) Importer(815301076,1909f56bfc062723c751e8b465ee728b)
Start importing Assets/Store_Assets/Assets_Beds/models/Materials using Guid(6436e4764a9d9fb44ad87f9802dab009) Importer(815301076,1909f56bfc062723c751e8b465ee728b)  -> (artifact id: 'fe7076a8a6672c0cf665f71261bfe619') in 0.001656 seconds 
========================================================================
Received Import Request.
  Time since last request: 0.033531 seconds.
  path: Assets/Store_Assets/Assets_Beds/models/Materials/bed-1.mat
  artifactKey: Guid(631a3e9bacfd7c04691647f5606e62fb) Importer(815301076,1909f56bfc062723c751e8b465ee728b)
Start importing Assets/Store_Assets/Assets_Beds/models/Materials/bed-1.mat using Guid(631a3e9bacfd7c04691647f5606e62fb) Importer(815301076,1909f56bfc062723c751e8b465ee728b)  -> (artifact id: '0fed2d1f5db0778561af953de1153d43') in 0.025820 seconds 
========================================================================
Received Import Request.
  Time since last request: 0.000019 seconds.
  path: Assets/Store_Assets/Assets_Beds/models/Materials/bed-3.mat
  artifactKey: Guid(01840954da4f26e47a5f3199ae8e68f5) Importer(815301076,1909f56bfc062723c751e8b465ee728b)
Start importing Assets/Store_Assets/Assets_Beds/models/Materials/bed-3.mat using Guid(01840954da4f26e47a5f3199ae8e68f5) Importer(815301076,1909f56bfc062723c751e8b465ee728b)  -> (artifact id: 'b6cc618cce0b36b90c0421dd38b2d675') in 0.009712 seconds 
========================================================================
Received Import Request.
  Time since last request: 1.699940 seconds.
  path: Assets/Store_Assets/Assets_Beds/prefabs
  artifactKey: Guid(24886d8d40c471a489a29609b1d75e77) Importer(815301076,1909f56bfc062723c751e8b465ee728b)
Start importing Assets/Store_Assets/Assets_Beds/prefabs using Guid(24886d8d40c471a489a29609b1d75e77) Importer(815301076,1909f56bfc062723c751e8b465ee728b)  -> (artifact id: 'dff98b452939bc37cb4227d971e72340') in 0.002008 seconds 
========================================================================
Received Import Request.
  Time since last request: 0.128448 seconds.
  path: Assets/Store_Assets/Assets_Beds/prefabs/bed1.prefab
  artifactKey: Guid(facee757a98c3154c83c22c6299ef380) Importer(815301076,1909f56bfc062723c751e8b465ee728b)
Start importing Assets/Store_Assets/Assets_Beds/prefabs/bed1.prefab using Guid(facee757a98c3154c83c22c6299ef380) Importer(815301076,1909f56bfc062723c751e8b465ee728b)  -> (artifact id: '4ec05f3640964de490be6d82f4c39227') in 0.009452 seconds 
========================================================================
Received Import Request.
  Time since last request: 0.000030 seconds.
  path: Assets/Store_Assets/Assets_Beds/prefabs/bed_frame.prefab
  artifactKey: Guid(1da67dcf0dc91a745a078e8dbc92a146) Importer(815301076,1909f56bfc062723c751e8b465ee728b)
Start importing Assets/Store_Assets/Assets_Beds/prefabs/bed_frame.prefab using Guid(1da67dcf0dc91a745a078e8dbc92a146) Importer(815301076,1909f56bfc062723c751e8b465ee728b)  -> (artifact id: '80df341026b87ec9672ecb758732b716') in 0.009163 seconds 
========================================================================
Received Import Request.
  Time since last request: 10.858316 seconds.
  path: Assets/Store_Assets/Assets_Beds/textures
  artifactKey: Guid(4504cfb1d6881be468a106e8dfa2d4ef) Importer(815301076,1909f56bfc062723c751e8b465ee728b)
Start importing Assets/Store_Assets/Assets_Beds/textures using Guid(4504cfb1d6881be468a106e8dfa2d4ef) Importer(815301076,1909f56bfc062723c751e8b465ee728b)  -> (artifact id: 'a5076a21cd8cc7ac6045dbd9728aa376') in 0.002170 seconds 
========================================================================
Received Import Request.
  Time since last request: 0.075103 seconds.
  path: Assets/Store_Assets/Assets_Beds/textures/bed-1.tga
  artifactKey: Guid(db6dd793252de6b4e9a53add7824f64b) Importer(815301076,1909f56bfc062723c751e8b465ee728b)
Start importing Assets/Store_Assets/Assets_Beds/textures/bed-1.tga using Guid(db6dd793252de6b4e9a53add7824f64b) Importer(815301076,1909f56bfc062723c751e8b465ee728b)  -> (artifact id: 'a16a02d8b68485f3d1003e053d2e94a8') in 0.010925 seconds 
========================================================================
Received Import Request.
  Time since last request: 0.000024 seconds.
  path: Assets/Store_Assets/Assets_Beds/textures/bed-3.tga
  artifactKey: Guid(0dc6ad3c94370ac4d8446d800d6d86ba) Importer(815301076,1909f56bfc062723c751e8b465ee728b)
Start importing Assets/Store_Assets/Assets_Beds/textures/bed-3.tga using Guid(0dc6ad3c94370ac4d8446d800d6d86ba) Importer(815301076,1909f56bfc062723c751e8b465ee728b)  -> (artifact id: '29caaf1868618ca2eaf8183233fbc82b') in 0.009814 seconds 
========================================================================
Received Import Request.
  Time since last request: 10.377465 seconds.
  path: Assets/Store_Assets/Assets_Beds
  artifactKey: Guid(bafcd2708ba91b04e8f01fd05664d276) Importer(815301076,1909f56bfc062723c751e8b465ee728b)
Start importing Assets/Store_Assets/Assets_Beds using Guid(bafcd2708ba91b04e8f01fd05664d276) Importer(815301076,1909f56bfc062723c751e8b465ee728b)  -> (artifact id: '6f596615f6d91dd632542053d642a4c9') in 0.002042 seconds 
========================================================================
Received Import Request.
  Time since last request: 19.618211 seconds.
  path: Assets/Store_Assets/Assets_Beds/_previews/large.jpg
  artifactKey: Guid(cdd7fb978877d2343b0d285084e33243) Importer(815301076,1909f56bfc062723c751e8b465ee728b)
Start importing Assets/Store_Assets/Assets_Beds/_previews/large.jpg using Guid(cdd7fb978877d2343b0d285084e33243) Importer(815301076,1909f56bfc062723c751e8b465ee728b)  -> (artifact id: '2b49cdf1d252080a589e1612201e3195') in 0.018025 seconds 
========================================================================
Received Import Request.
  Time since last request: 0.000044 seconds.
  path: Assets/Store_Assets/Assets_Beds/_previews/small.jpg
  artifactKey: Guid(79600345ad774c64fbc76de8510a91ee) Importer(815301076,1909f56bfc062723c751e8b465ee728b)
Start importing Assets/Store_Assets/Assets_Beds/_previews/small.jpg using Guid(79600345ad774c64fbc76de8510a91ee) Importer(815301076,1909f56bfc062723c751e8b465ee728b)  -> (artifact id: '1f4548a35ec8e0755651fce713f610b1') in 0.009508 seconds 
========================================================================
Received Import Request.
  Time since last request: 17.251098 seconds.
  path: Assets/Store_Assets/LowPolyMetalRack/Meshes/MetalRack_Pillar.fbx
  artifactKey: Guid(89964166cb8819647bfa7965d33aed81) Importer(815301076,1909f56bfc062723c751e8b465ee728b)
Start importing Assets/Store_Assets/LowPolyMetalRack/Meshes/MetalRack_Pillar.fbx using Guid(89964166cb8819647bfa7965d33aed81) Importer(815301076,1909f56bfc062723c751e8b465ee728b)  -> (artifact id: 'ec36b2620eb05c922911d73f7efa801d') in 0.023824 seconds 
========================================================================
Received Import Request.
  Time since last request: 0.011045 seconds.
  path: Assets/Store_Assets/LowPolyMetalRack/Meshes/MetalRack_Shelf_Wire_Half.fbx
  artifactKey: Guid(62c48e6d144f9ea49beeb1e5e4c1bd22) Importer(815301076,1909f56bfc062723c751e8b465ee728b)
Start importing Assets/Store_Assets/LowPolyMetalRack/Meshes/MetalRack_Shelf_Wire_Half.fbx using Guid(62c48e6d144f9ea49beeb1e5e4c1bd22) Importer(815301076,1909f56bfc062723c751e8b465ee728b)  -> (artifact id: '5a6df4dd86b39290d7cdcecd704d65f2') in 0.020735 seconds 
========================================================================
Received Import Request.
  Time since last request: 0.000031 seconds.
  path: Assets/Store_Assets/LowPolyMetalRack/Meshes/MetalRack_Sidebar.fbx
  artifactKey: Guid(8a1b9daddc53e3a45893810ee14aa07f) Importer(815301076,1909f56bfc062723c751e8b465ee728b)
Start importing Assets/Store_Assets/LowPolyMetalRack/Meshes/MetalRack_Sidebar.fbx using Guid(8a1b9daddc53e3a45893810ee14aa07f) Importer(815301076,1909f56bfc062723c751e8b465ee728b)  -> (artifact id: 'bb15b104a7a8b8a9b08b5611bb04c7f3') in 0.016089 seconds 
========================================================================
Received Import Request.
  Time since last request: 0.000032 seconds.
  path: Assets/Store_Assets/LowPolyMetalRack/Meshes/MetalRack_Shelf_Board.fbx
  artifactKey: Guid(b319eba54bd12b647881d0669f512150) Importer(815301076,1909f56bfc062723c751e8b465ee728b)
Start importing Assets/Store_Assets/LowPolyMetalRack/Meshes/MetalRack_Shelf_Board.fbx using Guid(b319eba54bd12b647881d0669f512150) Importer(815301076,1909f56bfc062723c751e8b465ee728b)  -> (artifact id: '54ac061a8d21a4d28bd7167b00e6c03f') in 0.014149 seconds 
========================================================================
Received Import Request.
  Time since last request: 0.730611 seconds.
  path: Assets/Store_Assets/LowPolyMetalRack/Prefabs/BoardShelf A.prefab
  artifactKey: Guid(f02daa782477b7948800b34fd6d04504) Importer(815301076,1909f56bfc062723c751e8b465ee728b)
Start importing Assets/Store_Assets/LowPolyMetalRack/Prefabs/BoardShelf A.prefab using Guid(f02daa782477b7948800b34fd6d04504) Importer(815301076,1909f56bfc062723c751e8b465ee728b)  -> (artifact id: 'e1da1612fdc3e53fd831b0d2773030c9') in 0.011159 seconds 
========================================================================
Received Import Request.
  Time since last request: 0.000027 seconds.
  path: Assets/Store_Assets/LowPolyMetalRack/Prefabs/MetalRack_Shelf_Board.prefab
  artifactKey: Guid(a43ed23400e84184da4519fc0c41ae9f) Importer(815301076,1909f56bfc062723c751e8b465ee728b)
Start importing Assets/Store_Assets/LowPolyMetalRack/Prefabs/MetalRack_Shelf_Board.prefab using Guid(a43ed23400e84184da4519fc0c41ae9f) Importer(815301076,1909f56bfc062723c751e8b465ee728b)  -> (artifact id: '83a672c1c209973584f79d91512b317d') in 0.009901 seconds 
========================================================================
Received Import Request.
  Time since last request: 0.000033 seconds.
  path: Assets/Store_Assets/LowPolyMetalRack/Prefabs/WireShelf C.prefab
  artifactKey: Guid(c0376f38f6e735e48b8e9eec6ba3517c) Importer(815301076,1909f56bfc062723c751e8b465ee728b)
Start importing Assets/Store_Assets/LowPolyMetalRack/Prefabs/WireShelf C.prefab using Guid(c0376f38f6e735e48b8e9eec6ba3517c) Importer(815301076,1909f56bfc062723c751e8b465ee728b)  -> (artifact id: '2ef0d039943d6fcd3beac9eb4ae102f9') in 0.011380 seconds 
========================================================================
Received Import Request.
  Time since last request: 0.000086 seconds.
  path: Assets/Store_Assets/LowPolyMetalRack/Prefabs/BoardShelf D.prefab
  artifactKey: Guid(ef27fec05dc353e47afc629dbf165b17) Importer(815301076,1909f56bfc062723c751e8b465ee728b)
Start importing Assets/Store_Assets/LowPolyMetalRack/Prefabs/BoardShelf D.prefab using Guid(ef27fec05dc353e47afc629dbf165b17) Importer(815301076,1909f56bfc062723c751e8b465ee728b)  -> (artifact id: 'dd42f4e858ef9fe1e13093b84473f568') in 0.011660 seconds 
========================================================================
Received Import Request.
  Time since last request: 0.000036 seconds.
  path: Assets/Store_Assets/LowPolyMetalRack/Prefabs/BoardShelf C.prefab
  artifactKey: Guid(215fceb8eccbc54409e145f16c2b0f8c) Importer(815301076,1909f56bfc062723c751e8b465ee728b)
Start importing Assets/Store_Assets/LowPolyMetalRack/Prefabs/BoardShelf C.prefab using Guid(215fceb8eccbc54409e145f16c2b0f8c) Importer(815301076,1909f56bfc062723c751e8b465ee728b)  -> (artifact id: '8b327fc6ef9da689dfe5dd7156e70e59') in 0.011499 seconds 
========================================================================
Received Import Request.
  Time since last request: 0.000031 seconds.
  path: Assets/Store_Assets/LowPolyMetalRack/Prefabs/MetalRack_Sidebar_Half.prefab
  artifactKey: Guid(f4150ef658b855d4a8f725e20efdde87) Importer(815301076,1909f56bfc062723c751e8b465ee728b)
Start importing Assets/Store_Assets/LowPolyMetalRack/Prefabs/MetalRack_Sidebar_Half.prefab using Guid(f4150ef658b855d4a8f725e20efdde87) Importer(815301076,1909f56bfc062723c751e8b465ee728b)  -> (artifact id: 'f63db41d8741e17da4cd26af971504f6') in 0.009424 seconds 
========================================================================
Received Import Request.
  Time since last request: 0.000027 seconds.
  path: Assets/Store_Assets/LowPolyMetalRack/Prefabs/MetalRack_Pillar.prefab
  artifactKey: Guid(5f2ae6346e69da14fa8d0f6307dc3f4a) Importer(815301076,1909f56bfc062723c751e8b465ee728b)
Start importing Assets/Store_Assets/LowPolyMetalRack/Prefabs/MetalRack_Pillar.prefab using Guid(5f2ae6346e69da14fa8d0f6307dc3f4a) Importer(815301076,1909f56bfc062723c751e8b465ee728b)  -> (artifact id: '994424836de138fc4cad87ca895c0695') in 0.009912 seconds 
========================================================================
Received Import Request.
  Time since last request: 0.000056 seconds.
  path: Assets/Store_Assets/LowPolyMetalRack/Prefabs/WireShelf A.prefab
  artifactKey: Guid(e0df056cb971262478a1794140c50c44) Importer(815301076,1909f56bfc062723c751e8b465ee728b)
Start importing Assets/Store_Assets/LowPolyMetalRack/Prefabs/WireShelf A.prefab using Guid(e0df056cb971262478a1794140c50c44) Importer(815301076,1909f56bfc062723c751e8b465ee728b)  -> (artifact id: '9c31433690c02c45a7288850f64c06a3') in 0.010990 seconds 
========================================================================
Received Import Request.
  Time since last request: 45.914140 seconds.
  path: Assets/Store_Assets/LowPolyMetalRack/Materials/Metal.mat
  artifactKey: Guid(0c09a6b84917c964f90ce139dcebad7e) Importer(815301076,1909f56bfc062723c751e8b465ee728b)
Start importing Assets/Store_Assets/LowPolyMetalRack/Materials/Metal.mat using Guid(0c09a6b84917c964f90ce139dcebad7e) Importer(815301076,1909f56bfc062723c751e8b465ee728b)  -> (artifact id: '86d143d824666fffcae4f31a12c896e5') in 0.009214 seconds 
========================================================================
Received Import Request.
  Time since last request: 50.727034 seconds.
  path: Assets/Store_Assets/Assets_Beds/_previews
  artifactKey: Guid(47d3c7e7511f8fb44a3585da2aac6ddd) Importer(815301076,1909f56bfc062723c751e8b465ee728b)
Start importing Assets/Store_Assets/Assets_Beds/_previews using Guid(47d3c7e7511f8fb44a3585da2aac6ddd) Importer(815301076,1909f56bfc062723c751e8b465ee728b)  -> (artifact id: '933ec56996a63db8fff05bf5fed1b457') in 0.002858 seconds 
========================================================================
Received Import Request.
  Time since last request: 1.086294 seconds.
  path: Assets/Store_Assets/Assets_Beds/_previews/Materials
  artifactKey: Guid(7c8d859f00af0344aa5df8bd68ac1fdd) Importer(815301076,1909f56bfc062723c751e8b465ee728b)
Start importing Assets/Store_Assets/Assets_Beds/_previews/Materials using Guid(7c8d859f00af0344aa5df8bd68ac1fdd) Importer(815301076,1909f56bfc062723c751e8b465ee728b)  -> (artifact id: 'd806cb4df405c6737017928882fe35dc') in 0.001644 seconds 
========================================================================
Received Import Request.
  Time since last request: 0.055097 seconds.
  path: Assets/Store_Assets/Assets_Beds/_previews/Materials/medium.mat
  artifactKey: Guid(5691c4d3b19409f47aad778367a8b87f) Importer(815301076,1909f56bfc062723c751e8b465ee728b)
Start importing Assets/Store_Assets/Assets_Beds/_previews/Materials/medium.mat using Guid(5691c4d3b19409f47aad778367a8b87f) Importer(815301076,1909f56bfc062723c751e8b465ee728b)  -> (artifact id: '5c918311969e59a6ede1d7b889037b81') in 0.008936 seconds 
========================================================================
Received Import Request.
  Time since last request: 6.190849 seconds.
  path: Assets/ExampleAssets/Materials
  artifactKey: Guid(7e2c000a47cf74a35ba28043f5839c1e) Importer(815301076,1909f56bfc062723c751e8b465ee728b)
Start importing Assets/ExampleAssets/Materials using Guid(7e2c000a47cf74a35ba28043f5839c1e) Importer(815301076,1909f56bfc062723c751e8b465ee728b)  -> (artifact id: 'f4a69abcc307f7b56fffddadefc993d4') in 0.001761 seconds 
========================================================================
Received Import Request.
  Time since last request: 8.898561 seconds.
  path: Assets/Store_Assets/LowPolyMetalRack
  artifactKey: Guid(d6efcdce42285ad468a28298175b683f) Importer(815301076,1909f56bfc062723c751e8b465ee728b)
Start importing Assets/Store_Assets/LowPolyMetalRack using Guid(d6efcdce42285ad468a28298175b683f) Importer(815301076,1909f56bfc062723c751e8b465ee728b)  -> (artifact id: '93249a0ae4bf32383cdc5d46f57df045') in 0.002036 seconds 
========================================================================
Received Import Request.
  Time since last request: 18.734195 seconds.
  path: Assets/Store_Assets/LowPolyMetalRack/Prefabs
  artifactKey: Guid(ce21d2686e5d5d4458bf1b85cad18bd8) Importer(815301076,1909f56bfc062723c751e8b465ee728b)
Start importing Assets/Store_Assets/LowPolyMetalRack/Prefabs using Guid(ce21d2686e5d5d4458bf1b85cad18bd8) Importer(815301076,1909f56bfc062723c751e8b465ee728b)  -> (artifact id: '657b456a4574bb274bfe1563e96e8c62') in 0.001605 seconds 
========================================================================
Received Import Request.
  Time since last request: 337.712960 seconds.
  path: Assets/JaneArtWork/Models
  artifactKey: Guid(98d8b260283c1e7469167c117ff655d7) Importer(815301076,1909f56bfc062723c751e8b465ee728b)
Start importing Assets/JaneArtWork/Models using Guid(98d8b260283c1e7469167c117ff655d7) Importer(815301076,1909f56bfc062723c751e8b465ee728b)  -> (artifact id: 'e564e7a3bd2efff9b50304e16d272579') in 0.003197 seconds 
========================================================================
Received Import Request.
  Time since last request: 0.368580 seconds.
  path: Assets/JaneArtWork/Prefabs
  artifactKey: Guid(fa5b31f83f9ae3f4d9b52b8b0645afe4) Importer(815301076,1909f56bfc062723c751e8b465ee728b)
Start importing Assets/JaneArtWork/Prefabs using Guid(fa5b31f83f9ae3f4d9b52b8b0645afe4) Importer(815301076,1909f56bfc062723c751e8b465ee728b)  -> (artifact id: 'aabb9219a7e685d77785662ececbd849') in 0.001561 seconds 
========================================================================
Received Import Request.
  Time since last request: 0.047853 seconds.
  path: Assets/JaneArtWork/Prefabs/Bed_1_size_01 1.prefab
  artifactKey: Guid(e7574fe140aa3b8468b3c07a2bcd360a) Importer(815301076,1909f56bfc062723c751e8b465ee728b)
Start importing Assets/JaneArtWork/Prefabs/Bed_1_size_01 1.prefab using Guid(e7574fe140aa3b8468b3c07a2bcd360a) Importer(815301076,1909f56bfc062723c751e8b465ee728b)  -> (artifact id: '4b87fbbb4750d851f2be233930a71b5d') in 0.015094 seconds 
========================================================================
Received Import Request.
  Time since last request: 0.001373 seconds.
  path: Assets/JaneArtWork/Prefabs/Bed_1_size_01.prefab
  artifactKey: Guid(67469aacd6f1ffe4ba13030851ac2589) Importer(815301076,1909f56bfc062723c751e8b465ee728b)
Start importing Assets/JaneArtWork/Prefabs/Bed_1_size_01.prefab using Guid(67469aacd6f1ffe4ba13030851ac2589) Importer(815301076,1909f56bfc062723c751e8b465ee728b)  -> (artifact id: '09c5a28c1079eae0ada1732f03fd8fc1') in 0.013051 seconds 
========================================================================
Received Import Request.
  Time since last request: 0.001791 seconds.
  path: Assets/JaneArtWork/Prefabs/Bed_1_size_02 2.prefab
  artifactKey: Guid(261d60d96d982b4489ab1482bee68c47) Importer(815301076,1909f56bfc062723c751e8b465ee728b)
Start importing Assets/JaneArtWork/Prefabs/Bed_1_size_02 2.prefab using Guid(261d60d96d982b4489ab1482bee68c47) Importer(815301076,1909f56bfc062723c751e8b465ee728b)  -> (artifact id: '9fbbbadbb3398ad8472d8660bfe6f022') in 0.012421 seconds 
========================================================================
Received Import Request.
  Time since last request: 0.000025 seconds.
  path: Assets/JaneArtWork/Prefabs/Bed_1_size_04.prefab
  artifactKey: Guid(fa89f151f35210a4983e1de5ea73bbb0) Importer(815301076,1909f56bfc062723c751e8b465ee728b)
Start importing Assets/JaneArtWork/Prefabs/Bed_1_size_04.prefab using Guid(fa89f151f35210a4983e1de5ea73bbb0) Importer(815301076,1909f56bfc062723c751e8b465ee728b)  -> (artifact id: '31555c96bbffca4f0528933c0db8fa1a') in 0.013197 seconds 
========================================================================
Received Import Request.
  Time since last request: 0.000031 seconds.
  path: Assets/JaneArtWork/Prefabs/Bed_1_size_03 1.prefab
  artifactKey: Guid(7189c4f2526a9bb46ae5cc8d3f170190) Importer(815301076,1909f56bfc062723c751e8b465ee728b)
Start importing Assets/JaneArtWork/Prefabs/Bed_1_size_03 1.prefab using Guid(7189c4f2526a9bb46ae5cc8d3f170190) Importer(815301076,1909f56bfc062723c751e8b465ee728b)  -> (artifact id: 'ffd4e45da139690f9e2f9b8dd6eb593d') in 0.016969 seconds 
========================================================================
Received Import Request.
  Time since last request: 0.000029 seconds.
  path: Assets/JaneArtWork/Prefabs/Headboard_2.prefab
  artifactKey: Guid(a5608604f1e84a247b32b5fd453570a4) Importer(815301076,1909f56bfc062723c751e8b465ee728b)
Start importing Assets/JaneArtWork/Prefabs/Headboard_2.prefab using Guid(a5608604f1e84a247b32b5fd453570a4) Importer(815301076,1909f56bfc062723c751e8b465ee728b)  -> (artifact id: '93e0371887e7315060b39a66847c0b51') in 0.016754 seconds 
========================================================================
Received Import Request.
  Time since last request: 0.000030 seconds.
  path: Assets/JaneArtWork/Prefabs/Pillow_4.prefab
  artifactKey: Guid(96601b29b22d1f842aa50afa24fda550) Importer(815301076,1909f56bfc062723c751e8b465ee728b)
Start importing Assets/JaneArtWork/Prefabs/Pillow_4.prefab using Guid(96601b29b22d1f842aa50afa24fda550) Importer(815301076,1909f56bfc062723c751e8b465ee728b)  -> (artifact id: 'bbd9933285a9a7b1b7e1900ade6f5ccb') in 0.017413 seconds 
========================================================================
Received Import Request.
  Time since last request: 0.000051 seconds.
  path: Assets/JaneArtWork/Prefabs/Headboard_1.prefab
  artifactKey: Guid(d4f035b0be738be4a93070c1cf45662d) Importer(815301076,1909f56bfc062723c751e8b465ee728b)
Start importing Assets/JaneArtWork/Prefabs/Headboard_1.prefab using Guid(d4f035b0be738be4a93070c1cf45662d) Importer(815301076,1909f56bfc062723c751e8b465ee728b)  -> (artifact id: 'dc862e84e2bbc741d69db097ac9d565c') in 0.014502 seconds 
========================================================================
Received Import Request.
  Time since last request: 0.000032 seconds.
  path: Assets/JaneArtWork/Prefabs/Bed_frame.prefab
  artifactKey: Guid(61931460fda2f6f48940f6ab75cd87e6) Importer(815301076,1909f56bfc062723c751e8b465ee728b)
Start importing Assets/JaneArtWork/Prefabs/Bed_frame.prefab using Guid(61931460fda2f6f48940f6ab75cd87e6) Importer(815301076,1909f56bfc062723c751e8b465ee728b)  -> (artifact id: 'a33d7eed8ecce1d137f40e0db5efd85e') in 0.015864 seconds 
========================================================================
Received Import Request.
  Time since last request: 0.000046 seconds.
  path: Assets/JaneArtWork/Prefabs/Pillow_2.prefab
  artifactKey: Guid(8c8200837ca2763419079ca03af215ec) Importer(815301076,1909f56bfc062723c751e8b465ee728b)
Start importing Assets/JaneArtWork/Prefabs/Pillow_2.prefab using Guid(8c8200837ca2763419079ca03af215ec) Importer(815301076,1909f56bfc062723c751e8b465ee728b)  -> (artifact id: 'fd83a86e824fa1e963a75908f600e464') in 0.017347 seconds 
========================================================================
Received Import Request.
  Time since last request: 0.000034 seconds.
  path: Assets/JaneArtWork/Prefabs/Bed_1_size_03 3.prefab
  artifactKey: Guid(5a8f4d9eb31bd5b49ad4a19e32fd9ca9) Importer(815301076,1909f56bfc062723c751e8b465ee728b)
Start importing Assets/JaneArtWork/Prefabs/Bed_1_size_03 3.prefab using Guid(5a8f4d9eb31bd5b49ad4a19e32fd9ca9) Importer(815301076,1909f56bfc062723c751e8b465ee728b)  -> (artifact id: '6b2850dea5030f5c05f44ba9acdfdd2e') in 0.018461 seconds 
========================================================================
Received Import Request.
  Time since last request: 0.000028 seconds.
  path: Assets/JaneArtWork/Prefabs/Pillow_1.prefab
  artifactKey: Guid(4415c3d5fc247154195e8911a5d86830) Importer(815301076,1909f56bfc062723c751e8b465ee728b)
Start importing Assets/JaneArtWork/Prefabs/Pillow_1.prefab using Guid(4415c3d5fc247154195e8911a5d86830) Importer(815301076,1909f56bfc062723c751e8b465ee728b)  -> (artifact id: 'b008f5a625060d47979a83c392bea225') in 0.011412 seconds 
========================================================================
Received Import Request.
  Time since last request: 0.000075 seconds.
  path: Assets/JaneArtWork/Prefabs/Bed_1_size_04 2.prefab
  artifactKey: Guid(a0c567b946439d347b47d3c6c9464748) Importer(815301076,1909f56bfc062723c751e8b465ee728b)
Start importing Assets/JaneArtWork/Prefabs/Bed_1_size_04 2.prefab using Guid(a0c567b946439d347b47d3c6c9464748) Importer(815301076,1909f56bfc062723c751e8b465ee728b)  -> (artifact id: '3d6d00dde9f8898daac2d746fb32d949') in 0.015974 seconds 
========================================================================
Received Import Request.
  Time since last request: 0.000042 seconds.
  path: Assets/JaneArtWork/Prefabs/Bed_1_size_01 4.prefab
  artifactKey: Guid(3b01a78023e012847acdde0ecee1ba0e) Importer(815301076,1909f56bfc062723c751e8b465ee728b)
Start importing Assets/JaneArtWork/Prefabs/Bed_1_size_01 4.prefab using Guid(3b01a78023e012847acdde0ecee1ba0e) Importer(815301076,1909f56bfc062723c751e8b465ee728b)  -> (artifact id: '9494f2748c1dbc9bdabe28dc1be1f551') in 0.011788 seconds 
========================================================================
Received Import Request.
  Time since last request: 0.000117 seconds.
  path: Assets/JaneArtWork/Prefabs/Bed_1_size_03 2.prefab
  artifactKey: Guid(3ce7f8eeb1ad89045b497eb5345e877e) Importer(815301076,1909f56bfc062723c751e8b465ee728b)
Start importing Assets/JaneArtWork/Prefabs/Bed_1_size_03 2.prefab using Guid(3ce7f8eeb1ad89045b497eb5345e877e) Importer(815301076,1909f56bfc062723c751e8b465ee728b)  -> (artifact id: 'b0b65e2d1564bef859b9e225dd2b095f') in 0.012205 seconds 
========================================================================
Received Import Request.
  Time since last request: 0.000036 seconds.
  path: Assets/JaneArtWork/Prefabs/Bed_1_size_04 4.prefab
  artifactKey: Guid(0df0c00b6bf3d5543aef00ed13bc18ec) Importer(815301076,1909f56bfc062723c751e8b465ee728b)
Start importing Assets/JaneArtWork/Prefabs/Bed_1_size_04 4.prefab using Guid(0df0c00b6bf3d5543aef00ed13bc18ec) Importer(815301076,1909f56bfc062723c751e8b465ee728b)  -> (artifact id: '9778f6b3e23843345b9df64cd3f9237b') in 0.011433 seconds 
Editor requested this worker to shutdown with reason: Scaling down because of idle timeout
AssetImportWorker is now disconnected from the server
Process exiting
Exiting without the bug reporter. Application will terminate with return code 0