Using pre-set license
Built from 'HEAD' branch; Version is '2021.3.12f1c2 (ffeb050254a0) revision 16771845'; Using compiler version '192829333'; Build Type 'Release'
OS: 'Windows 10  (10.0.19044) 64bit Professional' Language: 'zh' Physical Memory: 15787 MB
BatchMode: 1, IsHumanControllingUs: 0, StartBugReporterOnCrash: 0, Is64bit: 1, IsPro: 1

COMMAND LINE ARGUMENTS:
D:\UnityHub_Install_Location\2021.3.12f1c2\Editor\Unity.exe
-adb2
-batchMode
-noUpm
-name
AssetImportWorker5
-projectPath
D:/vrProject/My project
-logFile
Logs/AssetImportWorker5.log
-srvPort
65317
Successfully changed project path to: D:/vrProject/My project
D:/vrProject/My project
[UnityMemory] Configuration Parameters - Can be set up in boot.config
    "memorysetup-bucket-allocator-granularity=16"
    "memorysetup-bucket-allocator-bucket-count=8"
    "memorysetup-bucket-allocator-block-size=33554432"
    "memorysetup-bucket-allocator-block-count=8"
    "memorysetup-main-allocator-block-size=16777216"
    "memorysetup-thread-allocator-block-size=16777216"
    "memorysetup-gfx-main-allocator-block-size=16777216"
    "memorysetup-gfx-thread-allocator-block-size=16777216"
    "memorysetup-cache-allocator-block-size=4194304"
    "memorysetup-typetree-allocator-block-size=2097152"
    "memorysetup-profiler-bucket-allocator-granularity=16"
    "memorysetup-profiler-bucket-allocator-bucket-count=8"
    "memorysetup-profiler-bucket-allocator-block-size=33554432"
    "memorysetup-profiler-bucket-allocator-block-count=8"
    "memorysetup-profiler-allocator-block-size=16777216"
    "memorysetup-profiler-editor-allocator-block-size=1048576"
    "memorysetup-temp-allocator-size-main=16777216"
    "memorysetup-job-temp-allocator-block-size=2097152"
    "memorysetup-job-temp-allocator-block-size-background=1048576"
    "memorysetup-job-temp-allocator-reduction-small-platforms=262144"
    "memorysetup-temp-allocator-size-background-worker=32768"
    "memorysetup-temp-allocator-size-job-worker=262144"
    "memorysetup-temp-allocator-size-preload-manager=33554432"
    "memorysetup-temp-allocator-size-nav-mesh-worker=65536"
    "memorysetup-temp-allocator-size-audio-worker=65536"
    "memorysetup-temp-allocator-size-cloud-worker=32768"
    "memorysetup-temp-allocator-size-gi-baking-worker=262144"
    "memorysetup-temp-allocator-size-gfx=262144"
AS: AutoStreaming module initializing.
Refreshing native plugins compatible for Editor in 106.60 ms, found 12 plugins.
Preloading 1 native plugins for Editor in 0.84 ms.
Initialize engine version: 2021.3.12f1c2 (ffeb050254a0)
[Subsystems] Discovering subsystems at path D:/UnityHub_Install_Location/2021.3.12f1c2/Editor/Data/Resources/UnitySubsystems
[Subsystems] Discovering subsystems at path D:/vrProject/My project/Assets
GfxDevice: creating device client; threaded=0; jobified=0
Direct3D:
    Version:  Direct3D 11.0 [level 11.1]
    Renderer: NVIDIA GeForce GTX 1650 (ID=0x1f99)
    Vendor:   NVIDIA
    VRAM:     3962 MB
    Driver:   31.0.15.2225
Initialize mono
Mono path[0] = 'D:/UnityHub_Install_Location/2021.3.12f1c2/Editor/Data/Managed'
Mono path[1] = 'D:/UnityHub_Install_Location/2021.3.12f1c2/Editor/Data/MonoBleedingEdge/lib/mono/unityjit-win32'
Mono config path = 'D:/UnityHub_Install_Location/2021.3.12f1c2/Editor/Data/MonoBleedingEdge/etc'
Using monoOptions --debugger-agent=transport=dt_socket,embedding=1,server=y,suspend=n,address=127.0.0.1:56176
Begin MonoManager ReloadAssembly
Registering precompiled unity dll's ...
Register platform support module: D:/UnityHub_Install_Location/2021.3.12f1c2/Editor/Data/PlaybackEngines/AndroidPlayer/UnityEditor.Android.Extensions.dll
Register platform support module: D:/UnityHub_Install_Location/2021.3.12f1c2/Editor/Data/PlaybackEngines/WindowsStandaloneSupport/UnityEditor.WindowsStandalone.Extensions.dll
Registered in 0.004218 seconds.
Native extension for WindowsStandalone target not found
Native extension for Android target not found
Refreshing native plugins compatible for Editor in 94.77 ms, found 12 plugins.
Preloading 1 native plugins for Editor in 0.11 ms.
Mono: successfully reloaded assembly
- Completed reload, in  0.634 seconds
Domain Reload Profiling:
	ReloadAssembly (634ms)
		BeginReloadAssembly (63ms)
			ExecutionOrderSort (0ms)
			DisableScriptedObjects (0ms)
			BackupInstance (0ms)
			ReleaseScriptingObjects (0ms)
			CreateAndSetChildDomain (1ms)
		EndReloadAssembly (469ms)
			LoadAssemblies (60ms)
			RebuildTransferFunctionScriptingTraits (0ms)
			SetupTypeCache (113ms)
			ReleaseScriptCaches (0ms)
			RebuildScriptCaches (25ms)
			SetupLoadedEditorAssemblies (281ms)
				LogAssemblyErrors (0ms)
				InitializePlatformSupportModulesInManaged (53ms)
				SetLoadedEditorAssemblies (0ms)
				RefreshPlugins (95ms)
				BeforeProcessingInitializeOnLoad (1ms)
				ProcessInitializeOnLoadAttributes (90ms)
				ProcessInitializeOnLoadMethodAttributes (42ms)
				AfterProcessingInitializeOnLoad (0ms)
				EditorAssembliesLoaded (0ms)
			ExecutionOrderSort2 (0ms)
			AwakeInstancesAfterBackupRestoration (0ms)
Platform modules already initialized, skipping
Registering precompiled user dll's ...
Registered in 0.015697 seconds.
Begin MonoManager ReloadAssembly
Symbol file LoadedFromMemory doesn't match image D:\vrProject\My project\Library\PackageCache\com.unity.visualscripting@1.7.8\Editor\VisualScripting.Core\Dependencies\DotNetZip\Unity.VisualScripting.IonicZip.dll
Symbol file LoadedFromMemory doesn't match image D:\vrProject\My project\Library\PackageCache\com.unity.visualscripting@1.7.8\Editor\VisualScripting.Core\Dependencies\YamlDotNet\Unity.VisualScripting.YamlDotNet.dll
Native extension for WindowsStandalone target not found
Native extension for Android target not found
Refreshing native plugins compatible for Editor in 96.64 ms, found 12 plugins.
Preloading 1 native plugins for Editor in 0.14 ms.
Package Manager log level set to [2]
System.Reflection.TargetInvocationException: Exception has been thrown by the target of an invocation. ---> System.NullReferenceException: Object reference not set to an instance of an object
  at Unity.XR.Oculus.OculusLoader.AssetPathToAbsolutePath (System.String assetPath) [0x0003d] in D:\vrProject\My project\Library\PackageCache\com.unity.xr.oculus@3.0.2\Runtime\OculusLoader.cs:271 
  at Unity.XR.Oculus.OculusLoader.EditorLoadOVRPlugin () [0x0007b] in D:\vrProject\My project\Library\PackageCache\com.unity.xr.oculus@3.0.2\Runtime\OculusLoader.cs:256 
  at (wrapper managed-to-native) System.Reflection.RuntimeMethodInfo.InternalInvoke(System.Reflection.RuntimeMethodInfo,object,object[],System.Exception&)
  at System.Reflection.RuntimeMethodInfo.Invoke (System.Object obj, System.Reflection.BindingFlags invokeAttr, System.Reflection.Binder binder, System.Object[] parameters, System.Globalization.CultureInfo culture) [0x0006a] in <c9d3ffd4b98649ee9989e1908eaca019>:0 
   --- End of inner exception stack trace ---
  at System.Reflection.RuntimeMethodInfo.Invoke (System.Object obj, System.Reflection.BindingFlags invokeAttr, System.Reflection.Binder binder, System.Object[] parameters, System.Globalization.CultureInfo culture) [0x00083] in <c9d3ffd4b98649ee9989e1908eaca019>:0 
  at System.Reflection.MethodBase.Invoke (System.Object obj, System.Object[] parameters) [0x00000] in <c9d3ffd4b98649ee9989e1908eaca019>:0 
  at UnityEditor.EditorAssemblies.ProcessInitializeOnLoadMethodAttributes () [0x000a5] in <ff644ad2afd246129ad2e1e8da5c9aed>:0 
UnityEngine.StackTraceUtility:ExtractStackTrace ()
UnityEngine.DebugLogHandler:LogFormat (UnityEngine.LogType,UnityEngine.Object,string,object[])
UnityEngine.Logger:Log (UnityEngine.LogType,object)
UnityEngine.Debug:LogError (object)
UnityEditor.EditorAssemblies:ProcessInitializeOnLoadMethodAttributes ()

Mono: successfully reloaded assembly
- Completed reload, in  1.372 seconds
Domain Reload Profiling:
	ReloadAssembly (1373ms)
		BeginReloadAssembly (214ms)
			ExecutionOrderSort (0ms)
			DisableScriptedObjects (5ms)
			BackupInstance (0ms)
			ReleaseScriptingObjects (0ms)
			CreateAndSetChildDomain (132ms)
		EndReloadAssembly (1047ms)
			LoadAssemblies (83ms)
			RebuildTransferFunctionScriptingTraits (0ms)
			SetupTypeCache (277ms)
			ReleaseScriptCaches (1ms)
			RebuildScriptCaches (66ms)
			SetupLoadedEditorAssemblies (564ms)
				LogAssemblyErrors (0ms)
				InitializePlatformSupportModulesInManaged (12ms)
				SetLoadedEditorAssemblies (0ms)
				RefreshPlugins (97ms)
				BeforeProcessingInitializeOnLoad (104ms)
				ProcessInitializeOnLoadAttributes (306ms)
				ProcessInitializeOnLoadMethodAttributes (36ms)
				AfterProcessingInitializeOnLoad (8ms)
				EditorAssembliesLoaded (0ms)
			ExecutionOrderSort2 (0ms)
			AwakeInstancesAfterBackupRestoration (7ms)
Platform modules already initialized, skipping
========================================================================
Worker process is ready to serve import requests
Launched and connected shader compiler UnityShaderCompiler.exe after 0.06 seconds
Refreshing native plugins compatible for Editor in 1.22 ms, found 12 plugins.
Preloading 1 native plugins for Editor in 0.13 ms.
Unloading 4143 Unused Serialized files (Serialized files now loaded: 0)
Unloading 53 unused Assets / (89.5 KB). Loaded Objects now: 4606.
Memory consumption went from 169.8 MB to 169.7 MB.
Total: 4.086100 ms (FindLiveObjects: 0.368400 ms CreateObjectMapping: 0.111400 ms MarkObjects: 3.446300 ms  DeleteObjects: 0.158400 ms)

AssetImportParameters requested are different than current active one (requested -> active):
  custom:video-decoder-ogg-theora: a1e56fd34408186e4bbccfd4996cb3dc -> 
  custom:container-muxer-webm: aa71ff27fc2769a1b78a27578f13a17b -> 
  custom:container-demuxer-webm: 4f35f7cbe854078d1ac9338744f61a02 -> 
  custom:video-encoder-webm-vp8: eb34c28f22e8b96e1ab97ce403110664 -> 
  custom:audio-encoder-webm-vorbis: bf7c407c2cedff20999df2af8eb42d56 -> 
  custom:framework-win-MediaFoundation: 216162199b28c13a410421893ffa2e32 -> 
  custom:container-demuxer-ogg: 62fdf1f143b41e24485cea50d1cbac27 -> 
  custom:video-decoder-webm-vp8: 9c59270c3fd7afecdb556c50c9e8de78 -> 
  custom:audio-decoder-ogg-vorbis: bf7c407c2cedff20999df2af8eb42d56 -> 
========================================================================
Received Import Request.
  Time since last request: 498265.547195 seconds.
  path: Assets/Store_Assets/Multistory Dungeons 2/Prefabs/Props/Books And Alchemy/Potion_01.prefab
  artifactKey: Guid(b5b903da71f948758cc8f65f59d30edc) Importer(815301076,1909f56bfc062723c751e8b465ee728b)
Start importing Assets/Store_Assets/Multistory Dungeons 2/Prefabs/Props/Books And Alchemy/Potion_01.prefab using Guid(b5b903da71f948758cc8f65f59d30edc) Importer(815301076,1909f56bfc062723c751e8b465ee728b)  -> (artifact id: '84347e41a8f98775a03557527eaec003') in 0.142837 seconds 
========================================================================
Received Import Request.
  Time since last request: 0.000039 seconds.
  path: Assets/Store_Assets/Multistory Dungeons 2/Prefabs/Props/Books And Alchemy/Potion_Blue_01.prefab
  artifactKey: Guid(6a61beb91ee14785add56c8d67ee6e6a) Importer(815301076,1909f56bfc062723c751e8b465ee728b)
Start importing Assets/Store_Assets/Multistory Dungeons 2/Prefabs/Props/Books And Alchemy/Potion_Blue_01.prefab using Guid(6a61beb91ee14785add56c8d67ee6e6a) Importer(815301076,1909f56bfc062723c751e8b465ee728b)  -> (artifact id: '9d4eb30ea53816816c67d12a31c96060') in 0.046121 seconds 
========================================================================
Received Import Request.
  Time since last request: 0.000044 seconds.
  path: Assets/Store_Assets/Multistory Dungeons 2/Prefabs/Props/Books And Alchemy/Scale_01.prefab
  artifactKey: Guid(710caedd8bff451d82b2ab398533e070) Importer(815301076,1909f56bfc062723c751e8b465ee728b)
Start importing Assets/Store_Assets/Multistory Dungeons 2/Prefabs/Props/Books And Alchemy/Scale_01.prefab using Guid(710caedd8bff451d82b2ab398533e070) Importer(815301076,1909f56bfc062723c751e8b465ee728b)  -> (artifact id: 'ac9bd3904d5e9a2e505ea9782afc1fee') in 0.017921 seconds 
========================================================================
Received Import Request.
  Time since last request: 0.000044 seconds.
  path: Assets/Store_Assets/Multistory Dungeons 2/Prefabs/Props/Books And Alchemy/Potion_02.prefab
  artifactKey: Guid(95df6f7f30e343db95014a0a7537ce7d) Importer(815301076,1909f56bfc062723c751e8b465ee728b)
Start importing Assets/Store_Assets/Multistory Dungeons 2/Prefabs/Props/Books And Alchemy/Potion_02.prefab using Guid(95df6f7f30e343db95014a0a7537ce7d) Importer(815301076,1909f56bfc062723c751e8b465ee728b)  -> (artifact id: '29d108357c8d2088e32920b7e78a39f9') in 0.015086 seconds 
========================================================================
Received Import Request.
  Time since last request: 0.000034 seconds.
  path: Assets/Store_Assets/Multistory Dungeons 2/Prefabs/Props/Books And Alchemy/Potion_03.prefab
  artifactKey: Guid(702c6bea8ac34b64bc7b7584ede296ab) Importer(815301076,1909f56bfc062723c751e8b465ee728b)
Start importing Assets/Store_Assets/Multistory Dungeons 2/Prefabs/Props/Books And Alchemy/Potion_03.prefab using Guid(702c6bea8ac34b64bc7b7584ede296ab) Importer(815301076,1909f56bfc062723c751e8b465ee728b)  -> (artifact id: 'ef4e8a26b74c09d7503d143a99da1383') in 0.016939 seconds 
========================================================================
Received Import Request.
  Time since last request: 0.000033 seconds.
  path: Assets/Store_Assets/Multistory Dungeons 2/Prefabs/Props/Books And Alchemy/Potion_04.prefab
  artifactKey: Guid(26cc087b299f42a4a1923da599fe03cc) Importer(815301076,1909f56bfc062723c751e8b465ee728b)
Start importing Assets/Store_Assets/Multistory Dungeons 2/Prefabs/Props/Books And Alchemy/Potion_04.prefab using Guid(26cc087b299f42a4a1923da599fe03cc) Importer(815301076,1909f56bfc062723c751e8b465ee728b)  -> (artifact id: 'dfa43a24e4cd9d8ea66a20797dd7313d') in 0.016594 seconds 
========================================================================
Received Import Request.
  Time since last request: 0.000038 seconds.
  path: Assets/Store_Assets/Multistory Dungeons 2/Prefabs/Props/Books And Alchemy/Potion_Red_01.prefab
  artifactKey: Guid(aaa89c406a964d7780afb86370e3860d) Importer(815301076,1909f56bfc062723c751e8b465ee728b)
Start importing Assets/Store_Assets/Multistory Dungeons 2/Prefabs/Props/Books And Alchemy/Potion_Red_01.prefab using Guid(aaa89c406a964d7780afb86370e3860d) Importer(815301076,1909f56bfc062723c751e8b465ee728b)  -> (artifact id: 'c319b0f09f7341e2ec34063bb68a74e6') in 0.017233 seconds 
========================================================================
Received Import Request.
  Time since last request: 21.282224 seconds.
  path: Assets/Store_Assets/Multistory Dungeons 2/Prefabs/Props/Furniture/Table_Preset_01.prefab
  artifactKey: Guid(1c622154ca804fc7884d0df9b51f903d) Importer(815301076,1909f56bfc062723c751e8b465ee728b)
Start importing Assets/Store_Assets/Multistory Dungeons 2/Prefabs/Props/Furniture/Table_Preset_01.prefab using Guid(1c622154ca804fc7884d0df9b51f903d) Importer(815301076,1909f56bfc062723c751e8b465ee728b)  -> (artifact id: '83d6dc4c244f04952504813116dd7719') in 0.336650 seconds 
========================================================================
Received Import Request.
  Time since last request: 0.000096 seconds.
  path: Assets/Store_Assets/Multistory Dungeons 2/Prefabs/Props/Furniture/Table_Preset_04.prefab
  artifactKey: Guid(10fa83c6e3d4469d8bd4bff9470da469) Importer(815301076,1909f56bfc062723c751e8b465ee728b)
Start importing Assets/Store_Assets/Multistory Dungeons 2/Prefabs/Props/Furniture/Table_Preset_04.prefab using Guid(10fa83c6e3d4469d8bd4bff9470da469) Importer(815301076,1909f56bfc062723c751e8b465ee728b)  -> (artifact id: '596d266bc5d2972b5c193ddf8fc93852') in 0.061768 seconds 
========================================================================
Received Import Request.
  Time since last request: 37.281380 seconds.
  path: Assets/Store_Assets/Multistory Dungeons 2/Textures/Atlas_Furniture_01_Specular.psd
  artifactKey: Guid(a09fb697519a4141b657b2a14a901ee0) Importer(815301076,1909f56bfc062723c751e8b465ee728b)
Start importing Assets/Store_Assets/Multistory Dungeons 2/Textures/Atlas_Furniture_01_Specular.psd using Guid(a09fb697519a4141b657b2a14a901ee0) Importer(815301076,1909f56bfc062723c751e8b465ee728b)  -> (artifact id: 'befc2136317a03db051709f341448dd4') in 0.053278 seconds 
========================================================================
Received Import Request.
  Time since last request: 0.000057 seconds.
  path: Assets/Store_Assets/Multistory Dungeons 2/Textures/FX_Candle_Fire_MD_01.psd
  artifactKey: Guid(fa9528801bfb4b5f9474b939048aacdb) Importer(815301076,1909f56bfc062723c751e8b465ee728b)
Start importing Assets/Store_Assets/Multistory Dungeons 2/Textures/FX_Candle_Fire_MD_01.psd using Guid(fa9528801bfb4b5f9474b939048aacdb) Importer(815301076,1909f56bfc062723c751e8b465ee728b)  -> (artifact id: '4aabd98ab2863738ace60002106aa34c') in 0.011271 seconds 
========================================================================
Received Import Request.
  Time since last request: 0.000032 seconds.
  path: Assets/Store_Assets/Multistory Dungeons 2/Textures/FX_Halo_MD_01.psd
  artifactKey: Guid(a173d92367364427b85b75417d68db5f) Importer(815301076,1909f56bfc062723c751e8b465ee728b)
Start importing Assets/Store_Assets/Multistory Dungeons 2/Textures/FX_Halo_MD_01.psd using Guid(a173d92367364427b85b75417d68db5f) Importer(815301076,1909f56bfc062723c751e8b465ee728b)  -> (artifact id: 'ed51d65cda27099084fd33f6026f0a53') in 0.012812 seconds 
========================================================================
Received Import Request.
  Time since last request: 0.000029 seconds.
  path: Assets/Store_Assets/Multistory Dungeons 2/Textures/Atlas_Props_02_Specular.psd
  artifactKey: Guid(57d83ff8241d40f7adc94897a9bd289e) Importer(815301076,1909f56bfc062723c751e8b465ee728b)
Start importing Assets/Store_Assets/Multistory Dungeons 2/Textures/Atlas_Props_02_Specular.psd using Guid(57d83ff8241d40f7adc94897a9bd289e) Importer(815301076,1909f56bfc062723c751e8b465ee728b)  -> (artifact id: 'c8d44c89da3efca0ef4ebb1fbba6f3a3') in 0.010876 seconds 
Editor requested this worker to shutdown with reason: Scaling down because of idle timeout
AssetImportWorker is now disconnected from the server
Process exiting
Exiting without the bug reporter. Application will terminate with return code 0