Using pre-set license
Built from 'HEAD' branch; Version is '2021.3.12f1c2 (ffeb050254a0) revision 16771845'; Using compiler version '192829333'; Build Type 'Release'
OS: 'Windows 10  (10.0.19044) 64bit Professional' Language: 'zh' Physical Memory: 15787 MB
BatchMode: 1, IsHumanControllingUs: 0, StartBugReporterOnCrash: 0, Is64bit: 1, IsPro: 1

COMMAND LINE ARGUMENTS:
D:\UnityHub_Install_Location\2021.3.12f1c2\Editor\Unity.exe
-adb2
-batchMode
-noUpm
-name
AssetImportWorker6
-projectPath
D:/vrProject/My project
-logFile
Logs/AssetImportWorker6.log
-srvPort
65317
Successfully changed project path to: D:/vrProject/My project
D:/vrProject/My project
[UnityMemory] Configuration Parameters - Can be set up in boot.config
    "memorysetup-bucket-allocator-granularity=16"
    "memorysetup-bucket-allocator-bucket-count=8"
    "memorysetup-bucket-allocator-block-size=33554432"
    "memorysetup-bucket-allocator-block-count=8"
    "memorysetup-main-allocator-block-size=16777216"
    "memorysetup-thread-allocator-block-size=16777216"
    "memorysetup-gfx-main-allocator-block-size=16777216"
    "memorysetup-gfx-thread-allocator-block-size=16777216"
    "memorysetup-cache-allocator-block-size=4194304"
    "memorysetup-typetree-allocator-block-size=2097152"
    "memorysetup-profiler-bucket-allocator-granularity=16"
    "memorysetup-profiler-bucket-allocator-bucket-count=8"
    "memorysetup-profiler-bucket-allocator-block-size=33554432"
    "memorysetup-profiler-bucket-allocator-block-count=8"
    "memorysetup-profiler-allocator-block-size=16777216"
    "memorysetup-profiler-editor-allocator-block-size=1048576"
    "memorysetup-temp-allocator-size-main=16777216"
    "memorysetup-job-temp-allocator-block-size=2097152"
    "memorysetup-job-temp-allocator-block-size-background=1048576"
    "memorysetup-job-temp-allocator-reduction-small-platforms=262144"
    "memorysetup-temp-allocator-size-background-worker=32768"
    "memorysetup-temp-allocator-size-job-worker=262144"
    "memorysetup-temp-allocator-size-preload-manager=33554432"
    "memorysetup-temp-allocator-size-nav-mesh-worker=65536"
    "memorysetup-temp-allocator-size-audio-worker=65536"
    "memorysetup-temp-allocator-size-cloud-worker=32768"
    "memorysetup-temp-allocator-size-gi-baking-worker=262144"
    "memorysetup-temp-allocator-size-gfx=262144"
AS: AutoStreaming module initializing.
Refreshing native plugins compatible for Editor in 106.10 ms, found 12 plugins.
Preloading 1 native plugins for Editor in 0.83 ms.
Initialize engine version: 2021.3.12f1c2 (ffeb050254a0)
[Subsystems] Discovering subsystems at path D:/UnityHub_Install_Location/2021.3.12f1c2/Editor/Data/Resources/UnitySubsystems
[Subsystems] Discovering subsystems at path D:/vrProject/My project/Assets
GfxDevice: creating device client; threaded=0; jobified=0
Direct3D:
    Version:  Direct3D 11.0 [level 11.1]
    Renderer: NVIDIA GeForce GTX 1650 (ID=0x1f99)
    Vendor:   NVIDIA
    VRAM:     3962 MB
    Driver:   31.0.15.2225
Initialize mono
Mono path[0] = 'D:/UnityHub_Install_Location/2021.3.12f1c2/Editor/Data/Managed'
Mono path[1] = 'D:/UnityHub_Install_Location/2021.3.12f1c2/Editor/Data/MonoBleedingEdge/lib/mono/unityjit-win32'
Mono config path = 'D:/UnityHub_Install_Location/2021.3.12f1c2/Editor/Data/MonoBleedingEdge/etc'
Using monoOptions --debugger-agent=transport=dt_socket,embedding=1,server=y,suspend=n,address=127.0.0.1:56664
Begin MonoManager ReloadAssembly
Registering precompiled unity dll's ...
Register platform support module: D:/UnityHub_Install_Location/2021.3.12f1c2/Editor/Data/PlaybackEngines/AndroidPlayer/UnityEditor.Android.Extensions.dll
Register platform support module: D:/UnityHub_Install_Location/2021.3.12f1c2/Editor/Data/PlaybackEngines/WindowsStandaloneSupport/UnityEditor.WindowsStandalone.Extensions.dll
Registered in 0.003988 seconds.
Native extension for WindowsStandalone target not found
Native extension for Android target not found
Refreshing native plugins compatible for Editor in 94.69 ms, found 12 plugins.
Preloading 1 native plugins for Editor in 0.10 ms.
Mono: successfully reloaded assembly
- Completed reload, in  0.646 seconds
Domain Reload Profiling:
	ReloadAssembly (646ms)
		BeginReloadAssembly (63ms)
			ExecutionOrderSort (0ms)
			DisableScriptedObjects (0ms)
			BackupInstance (0ms)
			ReleaseScriptingObjects (0ms)
			CreateAndSetChildDomain (1ms)
		EndReloadAssembly (470ms)
			LoadAssemblies (60ms)
			RebuildTransferFunctionScriptingTraits (0ms)
			SetupTypeCache (106ms)
			ReleaseScriptCaches (0ms)
			RebuildScriptCaches (27ms)
			SetupLoadedEditorAssemblies (287ms)
				LogAssemblyErrors (0ms)
				InitializePlatformSupportModulesInManaged (51ms)
				SetLoadedEditorAssemblies (0ms)
				RefreshPlugins (95ms)
				BeforeProcessingInitializeOnLoad (1ms)
				ProcessInitializeOnLoadAttributes (94ms)
				ProcessInitializeOnLoadMethodAttributes (46ms)
				AfterProcessingInitializeOnLoad (0ms)
				EditorAssembliesLoaded (0ms)
			ExecutionOrderSort2 (0ms)
			AwakeInstancesAfterBackupRestoration (0ms)
Platform modules already initialized, skipping
Registering precompiled user dll's ...
Registered in 0.016237 seconds.
Begin MonoManager ReloadAssembly
Symbol file LoadedFromMemory doesn't match image D:\vrProject\My project\Library\PackageCache\com.unity.visualscripting@1.7.8\Editor\VisualScripting.Core\Dependencies\DotNetZip\Unity.VisualScripting.IonicZip.dll
Symbol file LoadedFromMemory doesn't match image D:\vrProject\My project\Library\PackageCache\com.unity.visualscripting@1.7.8\Editor\VisualScripting.Core\Dependencies\YamlDotNet\Unity.VisualScripting.YamlDotNet.dll
Native extension for WindowsStandalone target not found
Native extension for Android target not found
Refreshing native plugins compatible for Editor in 101.00 ms, found 12 plugins.
Preloading 1 native plugins for Editor in 0.14 ms.
Package Manager log level set to [2]
System.Reflection.TargetInvocationException: Exception has been thrown by the target of an invocation. ---> System.NullReferenceException: Object reference not set to an instance of an object
  at Unity.XR.Oculus.OculusLoader.AssetPathToAbsolutePath (System.String assetPath) [0x0003d] in D:\vrProject\My project\Library\PackageCache\com.unity.xr.oculus@3.0.2\Runtime\OculusLoader.cs:271 
  at Unity.XR.Oculus.OculusLoader.EditorLoadOVRPlugin () [0x0007b] in D:\vrProject\My project\Library\PackageCache\com.unity.xr.oculus@3.0.2\Runtime\OculusLoader.cs:256 
  at (wrapper managed-to-native) System.Reflection.RuntimeMethodInfo.InternalInvoke(System.Reflection.RuntimeMethodInfo,object,object[],System.Exception&)
  at System.Reflection.RuntimeMethodInfo.Invoke (System.Object obj, System.Reflection.BindingFlags invokeAttr, System.Reflection.Binder binder, System.Object[] parameters, System.Globalization.CultureInfo culture) [0x0006a] in <c9d3ffd4b98649ee9989e1908eaca019>:0 
   --- End of inner exception stack trace ---
  at System.Reflection.RuntimeMethodInfo.Invoke (System.Object obj, System.Reflection.BindingFlags invokeAttr, System.Reflection.Binder binder, System.Object[] parameters, System.Globalization.CultureInfo culture) [0x00083] in <c9d3ffd4b98649ee9989e1908eaca019>:0 
  at System.Reflection.MethodBase.Invoke (System.Object obj, System.Object[] parameters) [0x00000] in <c9d3ffd4b98649ee9989e1908eaca019>:0 
  at UnityEditor.EditorAssemblies.ProcessInitializeOnLoadMethodAttributes () [0x000a5] in <ff644ad2afd246129ad2e1e8da5c9aed>:0 
UnityEngine.StackTraceUtility:ExtractStackTrace ()
UnityEngine.DebugLogHandler:LogFormat (UnityEngine.LogType,UnityEngine.Object,string,object[])
UnityEngine.Logger:Log (UnityEngine.LogType,object)
UnityEngine.Debug:LogError (object)
UnityEditor.EditorAssemblies:ProcessInitializeOnLoadMethodAttributes ()

Mono: successfully reloaded assembly
- Completed reload, in  1.350 seconds
Domain Reload Profiling:
	ReloadAssembly (1351ms)
		BeginReloadAssembly (204ms)
			ExecutionOrderSort (0ms)
			DisableScriptedObjects (5ms)
			BackupInstance (0ms)
			ReleaseScriptingObjects (0ms)
			CreateAndSetChildDomain (124ms)
		EndReloadAssembly (1033ms)
			LoadAssemblies (78ms)
			RebuildTransferFunctionScriptingTraits (0ms)
			SetupTypeCache (293ms)
			ReleaseScriptCaches (1ms)
			RebuildScriptCaches (64ms)
			SetupLoadedEditorAssemblies (535ms)
				LogAssemblyErrors (0ms)
				InitializePlatformSupportModulesInManaged (21ms)
				SetLoadedEditorAssemblies (0ms)
				RefreshPlugins (101ms)
				BeforeProcessingInitializeOnLoad (94ms)
				ProcessInitializeOnLoadAttributes (277ms)
				ProcessInitializeOnLoadMethodAttributes (33ms)
				AfterProcessingInitializeOnLoad (7ms)
				EditorAssembliesLoaded (0ms)
			ExecutionOrderSort2 (0ms)
			AwakeInstancesAfterBackupRestoration (6ms)
Platform modules already initialized, skipping
========================================================================
Worker process is ready to serve import requests
Launched and connected shader compiler UnityShaderCompiler.exe after 0.07 seconds
Refreshing native plugins compatible for Editor in 1.04 ms, found 12 plugins.
Preloading 1 native plugins for Editor in 0.14 ms.
Unloading 4143 Unused Serialized files (Serialized files now loaded: 0)
Unloading 53 unused Assets / (89.5 KB). Loaded Objects now: 4606.
Memory consumption went from 169.8 MB to 169.7 MB.
Total: 3.590600 ms (FindLiveObjects: 0.353600 ms CreateObjectMapping: 0.117100 ms MarkObjects: 2.979300 ms  DeleteObjects: 0.139000 ms)

AssetImportParameters requested are different than current active one (requested -> active):
  custom:video-decoder-ogg-theora: a1e56fd34408186e4bbccfd4996cb3dc -> 
  custom:container-muxer-webm: aa71ff27fc2769a1b78a27578f13a17b -> 
  custom:container-demuxer-webm: 4f35f7cbe854078d1ac9338744f61a02 -> 
  custom:video-encoder-webm-vp8: eb34c28f22e8b96e1ab97ce403110664 -> 
  custom:audio-encoder-webm-vorbis: bf7c407c2cedff20999df2af8eb42d56 -> 
  custom:framework-win-MediaFoundation: 216162199b28c13a410421893ffa2e32 -> 
  custom:container-demuxer-ogg: 62fdf1f143b41e24485cea50d1cbac27 -> 
  custom:video-decoder-webm-vp8: 9c59270c3fd7afecdb556c50c9e8de78 -> 
  custom:audio-decoder-ogg-vorbis: bf7c407c2cedff20999df2af8eb42d56 -> 
========================================================================
Received Import Request.
  Time since last request: 498263.372464 seconds.
  path: Assets/Store_Assets/Multistory Dungeons 2/Prefabs/Props/Books And Alchemy
  artifactKey: Guid(087b2dc80b1d49ccbb24d014ca5f5bc9) Importer(815301076,1909f56bfc062723c751e8b465ee728b)
Start importing Assets/Store_Assets/Multistory Dungeons 2/Prefabs/Props/Books And Alchemy using Guid(087b2dc80b1d49ccbb24d014ca5f5bc9) Importer(815301076,1909f56bfc062723c751e8b465ee728b)  -> (artifact id: '4c33a7c5b752388c30441e75a0d7c347') in 0.008769 seconds 
========================================================================
Received Import Request.
  Time since last request: 2.159271 seconds.
  path: Assets/Store_Assets/Multistory Dungeons 2/Prefabs/Props/Books And Alchemy/Paper_Preset_01.prefab
  artifactKey: Guid(86e6f19df467456c98668b86a7963358) Importer(815301076,1909f56bfc062723c751e8b465ee728b)
Start importing Assets/Store_Assets/Multistory Dungeons 2/Prefabs/Props/Books And Alchemy/Paper_Preset_01.prefab using Guid(86e6f19df467456c98668b86a7963358) Importer(815301076,1909f56bfc062723c751e8b465ee728b)  -> (artifact id: '65238a877bbf57cf1c552e86a13b91e8') in 0.141851 seconds 
========================================================================
Received Import Request.
  Time since last request: 0.000031 seconds.
  path: Assets/Store_Assets/Multistory Dungeons 2/Prefabs/Props/Books And Alchemy/Retort_Preset_01.prefab
  artifactKey: Guid(1f97f333a6bf4fba95ee13cc9b3df973) Importer(815301076,1909f56bfc062723c751e8b465ee728b)
Start importing Assets/Store_Assets/Multistory Dungeons 2/Prefabs/Props/Books And Alchemy/Retort_Preset_01.prefab using Guid(1f97f333a6bf4fba95ee13cc9b3df973) Importer(815301076,1909f56bfc062723c751e8b465ee728b)  -> (artifact id: 'cec3620223be209c6ef8c1de36e87de6') in 0.055414 seconds 
========================================================================
Received Import Request.
  Time since last request: 0.000048 seconds.
  path: Assets/Store_Assets/Multistory Dungeons 2/Prefabs/Props/Books And Alchemy/Stand_02.prefab
  artifactKey: Guid(56d044af64e145bb9ab7eb6ed864ba74) Importer(815301076,1909f56bfc062723c751e8b465ee728b)
Start importing Assets/Store_Assets/Multistory Dungeons 2/Prefabs/Props/Books And Alchemy/Stand_02.prefab using Guid(56d044af64e145bb9ab7eb6ed864ba74) Importer(815301076,1909f56bfc062723c751e8b465ee728b)  -> (artifact id: 'cf0b9bd988c4994a438e359dc2c23574') in 0.015213 seconds 
========================================================================
Received Import Request.
  Time since last request: 0.000065 seconds.
  path: Assets/Store_Assets/Multistory Dungeons 2/Prefabs/Props/Books And Alchemy/Sandglass_01.prefab
  artifactKey: Guid(d0e39f206f1e4ca082d2fd38f5475d00) Importer(815301076,1909f56bfc062723c751e8b465ee728b)
Start importing Assets/Store_Assets/Multistory Dungeons 2/Prefabs/Props/Books And Alchemy/Sandglass_01.prefab using Guid(d0e39f206f1e4ca082d2fd38f5475d00) Importer(815301076,1909f56bfc062723c751e8b465ee728b)  -> (artifact id: '326dbded3b993419302dab992e7a86f6') in 0.016170 seconds 
========================================================================
Received Import Request.
  Time since last request: 0.000050 seconds.
  path: Assets/Store_Assets/Multistory Dungeons 2/Prefabs/Props/Books And Alchemy/Scroll_01.prefab
  artifactKey: Guid(b750cae05681454bba80ad81d7252818) Importer(815301076,1909f56bfc062723c751e8b465ee728b)
Start importing Assets/Store_Assets/Multistory Dungeons 2/Prefabs/Props/Books And Alchemy/Scroll_01.prefab using Guid(b750cae05681454bba80ad81d7252818) Importer(815301076,1909f56bfc062723c751e8b465ee728b)  -> (artifact id: '5bda56e907964583a497907343f133ce') in 0.026949 seconds 
========================================================================
Received Import Request.
  Time since last request: 0.000055 seconds.
  path: Assets/Store_Assets/Multistory Dungeons 2/Prefabs/Props/Books And Alchemy/Stand_01.prefab
  artifactKey: Guid(3e0ed916ce4c426c887d47337b536aba) Importer(815301076,1909f56bfc062723c751e8b465ee728b)
Start importing Assets/Store_Assets/Multistory Dungeons 2/Prefabs/Props/Books And Alchemy/Stand_01.prefab using Guid(3e0ed916ce4c426c887d47337b536aba) Importer(815301076,1909f56bfc062723c751e8b465ee728b)  -> (artifact id: '9311e0bf39f6ad143b93fc79ad128ae5') in 0.016001 seconds 
========================================================================
Received Import Request.
  Time since last request: 21.290312 seconds.
  path: Assets/Store_Assets/Multistory Dungeons 2/Prefabs/Props/Furniture/Table_01.prefab
  artifactKey: Guid(7898d54b47c340b59a0491e6a61aded1) Importer(815301076,1909f56bfc062723c751e8b465ee728b)
Start importing Assets/Store_Assets/Multistory Dungeons 2/Prefabs/Props/Furniture/Table_01.prefab using Guid(7898d54b47c340b59a0491e6a61aded1) Importer(815301076,1909f56bfc062723c751e8b465ee728b)  -> (artifact id: '73bd21daa0d9f99bb6ee0f5ee7aeedf3') in 0.322703 seconds 
========================================================================
Received Import Request.
  Time since last request: 0.000081 seconds.
  path: Assets/Store_Assets/Multistory Dungeons 2/Prefabs/Props/Furniture/Table_Preset_07.prefab
  artifactKey: Guid(ebca31b02b704c8fba1ab8328306f126) Importer(815301076,1909f56bfc062723c751e8b465ee728b)
Start importing Assets/Store_Assets/Multistory Dungeons 2/Prefabs/Props/Furniture/Table_Preset_07.prefab using Guid(ebca31b02b704c8fba1ab8328306f126) Importer(815301076,1909f56bfc062723c751e8b465ee728b)  -> (artifact id: '928eb2c33aa9ece074256d6802c2d2ec') in 0.055718 seconds 
========================================================================
Received Import Request.
  Time since last request: 37.303627 seconds.
  path: Assets/Store_Assets/Multistory Dungeons 2/Textures/Atlas_Furniture_01_Normal.psd
  artifactKey: Guid(e2a78d032f964db9aa0405d80f0ed07e) Importer(815301076,1909f56bfc062723c751e8b465ee728b)
Start importing Assets/Store_Assets/Multistory Dungeons 2/Textures/Atlas_Furniture_01_Normal.psd using Guid(e2a78d032f964db9aa0405d80f0ed07e) Importer(815301076,1909f56bfc062723c751e8b465ee728b)  -> (artifact id: '19738217f30423b4a2b53770ad98f912') in 0.049906 seconds 
========================================================================
Received Import Request.
  Time since last request: 0.000026 seconds.
  path: Assets/Store_Assets/Multistory Dungeons 2/Textures/Atlas_Props_02.psd
  artifactKey: Guid(96674c4c0c3248708166abf9d9fd90a7) Importer(815301076,1909f56bfc062723c751e8b465ee728b)
Start importing Assets/Store_Assets/Multistory Dungeons 2/Textures/Atlas_Props_02.psd using Guid(96674c4c0c3248708166abf9d9fd90a7) Importer(815301076,1909f56bfc062723c751e8b465ee728b)  -> (artifact id: '95bf0cab221f11a1abcaa3471546fcb5') in 0.019598 seconds 
========================================================================
Received Import Request.
  Time since last request: 0.000024 seconds.
  path: Assets/Store_Assets/Multistory Dungeons 2/Textures/Atlas_Props_01_Emission.psd
  artifactKey: Guid(f72c851730284549a28937da858ba501) Importer(815301076,1909f56bfc062723c751e8b465ee728b)
Start importing Assets/Store_Assets/Multistory Dungeons 2/Textures/Atlas_Props_01_Emission.psd using Guid(f72c851730284549a28937da858ba501) Importer(815301076,1909f56bfc062723c751e8b465ee728b)  -> (artifact id: '5acba4fee360387f44bf765dedc523bd') in 0.010176 seconds 
========================================================================
Received Import Request.
  Time since last request: 0.000026 seconds.
  path: Assets/Store_Assets/Multistory Dungeons 2/Textures/Atlas_Props_02_Normal.psd
  artifactKey: Guid(031998b9a91d4ceb9ef8aa85d4a1e4b9) Importer(815301076,1909f56bfc062723c751e8b465ee728b)
Start importing Assets/Store_Assets/Multistory Dungeons 2/Textures/Atlas_Props_02_Normal.psd using Guid(031998b9a91d4ceb9ef8aa85d4a1e4b9) Importer(815301076,1909f56bfc062723c751e8b465ee728b)  -> (artifact id: '34ecff92fd6915e532321f9f284f820f') in 0.010471 seconds 
Editor requested this worker to shutdown with reason: Scaling down because of idle timeout
AssetImportWorker is now disconnected from the server
Process exiting
Exiting without the bug reporter. Application will terminate with return code 0