Using pre-set license
Built from 'HEAD' branch; Version is '2021.3.12f1c2 (ffeb050254a0) revision 16771845'; Using compiler version '192829333'; Build Type 'Release'
OS: 'Windows 10  (10.0.19044) 64bit Professional' Language: 'zh' Physical Memory: 15787 MB
BatchMode: 1, IsHumanControllingUs: 0, StartBugReporterOnCrash: 0, Is64bit: 1, IsPro: 1

COMMAND LINE ARGUMENTS:
D:\UnityHub_Install_Location\2021.3.12f1c2\Editor\Unity.exe
-adb2
-batchMode
-noUpm
-name
AssetImportWorker10
-projectPath
D:/vrProject/My project
-logFile
Logs/AssetImportWorker10.log
-srvPort
65317
Successfully changed project path to: D:/vrProject/My project
D:/vrProject/My project
[UnityMemory] Configuration Parameters - Can be set up in boot.config
    "memorysetup-bucket-allocator-granularity=16"
    "memorysetup-bucket-allocator-bucket-count=8"
    "memorysetup-bucket-allocator-block-size=33554432"
    "memorysetup-bucket-allocator-block-count=8"
    "memorysetup-main-allocator-block-size=16777216"
    "memorysetup-thread-allocator-block-size=16777216"
    "memorysetup-gfx-main-allocator-block-size=16777216"
    "memorysetup-gfx-thread-allocator-block-size=16777216"
    "memorysetup-cache-allocator-block-size=4194304"
    "memorysetup-typetree-allocator-block-size=2097152"
    "memorysetup-profiler-bucket-allocator-granularity=16"
    "memorysetup-profiler-bucket-allocator-bucket-count=8"
    "memorysetup-profiler-bucket-allocator-block-size=33554432"
    "memorysetup-profiler-bucket-allocator-block-count=8"
    "memorysetup-profiler-allocator-block-size=16777216"
    "memorysetup-profiler-editor-allocator-block-size=1048576"
    "memorysetup-temp-allocator-size-main=16777216"
    "memorysetup-job-temp-allocator-block-size=2097152"
    "memorysetup-job-temp-allocator-block-size-background=1048576"
    "memorysetup-job-temp-allocator-reduction-small-platforms=262144"
    "memorysetup-temp-allocator-size-background-worker=32768"
    "memorysetup-temp-allocator-size-job-worker=262144"
    "memorysetup-temp-allocator-size-preload-manager=33554432"
    "memorysetup-temp-allocator-size-nav-mesh-worker=65536"
    "memorysetup-temp-allocator-size-audio-worker=65536"
    "memorysetup-temp-allocator-size-cloud-worker=32768"
    "memorysetup-temp-allocator-size-gi-baking-worker=262144"
    "memorysetup-temp-allocator-size-gfx=262144"
AS: AutoStreaming module initializing.
Refreshing native plugins compatible for Editor in 109.60 ms, found 12 plugins.
Preloading 1 native plugins for Editor in 0.80 ms.
Initialize engine version: 2021.3.12f1c2 (ffeb050254a0)
[Subsystems] Discovering subsystems at path D:/UnityHub_Install_Location/2021.3.12f1c2/Editor/Data/Resources/UnitySubsystems
[Subsystems] Discovering subsystems at path D:/vrProject/My project/Assets
GfxDevice: creating device client; threaded=0; jobified=0
Direct3D:
    Version:  Direct3D 11.0 [level 11.1]
    Renderer: NVIDIA GeForce GTX 1650 (ID=0x1f99)
    Vendor:   NVIDIA
    VRAM:     3962 MB
    Driver:   31.0.15.2225
Initialize mono
Mono path[0] = 'D:/UnityHub_Install_Location/2021.3.12f1c2/Editor/Data/Managed'
Mono path[1] = 'D:/UnityHub_Install_Location/2021.3.12f1c2/Editor/Data/MonoBleedingEdge/lib/mono/unityjit-win32'
Mono config path = 'D:/UnityHub_Install_Location/2021.3.12f1c2/Editor/Data/MonoBleedingEdge/etc'
Using monoOptions --debugger-agent=transport=dt_socket,embedding=1,server=y,suspend=n,address=127.0.0.1:56136
Begin MonoManager ReloadAssembly
Registering precompiled unity dll's ...
Register platform support module: D:/UnityHub_Install_Location/2021.3.12f1c2/Editor/Data/PlaybackEngines/AndroidPlayer/UnityEditor.Android.Extensions.dll
Register platform support module: D:/UnityHub_Install_Location/2021.3.12f1c2/Editor/Data/PlaybackEngines/WindowsStandaloneSupport/UnityEditor.WindowsStandalone.Extensions.dll
Registered in 0.004301 seconds.
Native extension for WindowsStandalone target not found
Native extension for Android target not found
Refreshing native plugins compatible for Editor in 108.94 ms, found 12 plugins.
Preloading 1 native plugins for Editor in 0.12 ms.
Mono: successfully reloaded assembly
- Completed reload, in  0.692 seconds
Domain Reload Profiling:
	ReloadAssembly (693ms)
		BeginReloadAssembly (66ms)
			ExecutionOrderSort (0ms)
			DisableScriptedObjects (0ms)
			BackupInstance (0ms)
			ReleaseScriptingObjects (0ms)
			CreateAndSetChildDomain (1ms)
		EndReloadAssembly (512ms)
			LoadAssemblies (62ms)
			RebuildTransferFunctionScriptingTraits (0ms)
			SetupTypeCache (111ms)
			ReleaseScriptCaches (0ms)
			RebuildScriptCaches (29ms)
			SetupLoadedEditorAssemblies (317ms)
				LogAssemblyErrors (0ms)
				InitializePlatformSupportModulesInManaged (61ms)
				SetLoadedEditorAssemblies (0ms)
				RefreshPlugins (109ms)
				BeforeProcessingInitializeOnLoad (1ms)
				ProcessInitializeOnLoadAttributes (96ms)
				ProcessInitializeOnLoadMethodAttributes (49ms)
				AfterProcessingInitializeOnLoad (0ms)
				EditorAssembliesLoaded (0ms)
			ExecutionOrderSort2 (0ms)
			AwakeInstancesAfterBackupRestoration (0ms)
Platform modules already initialized, skipping
Registering precompiled user dll's ...
Registered in 0.020430 seconds.
Begin MonoManager ReloadAssembly
Symbol file LoadedFromMemory doesn't match image D:\vrProject\My project\Library\PackageCache\com.unity.visualscripting@1.7.8\Editor\VisualScripting.Core\Dependencies\DotNetZip\Unity.VisualScripting.IonicZip.dll
Symbol file LoadedFromMemory doesn't match image D:\vrProject\My project\Library\PackageCache\com.unity.visualscripting@1.7.8\Editor\VisualScripting.Core\Dependencies\YamlDotNet\Unity.VisualScripting.YamlDotNet.dll
Native extension for WindowsStandalone target not found
Native extension for Android target not found
Refreshing native plugins compatible for Editor in 97.89 ms, found 12 plugins.
Preloading 1 native plugins for Editor in 0.10 ms.
Package Manager log level set to [2]
System.Reflection.TargetInvocationException: Exception has been thrown by the target of an invocation. ---> System.NullReferenceException: Object reference not set to an instance of an object
  at Unity.XR.Oculus.OculusLoader.AssetPathToAbsolutePath (System.String assetPath) [0x0003d] in D:\vrProject\My project\Library\PackageCache\com.unity.xr.oculus@3.0.2\Runtime\OculusLoader.cs:271 
  at Unity.XR.Oculus.OculusLoader.EditorLoadOVRPlugin () [0x0007b] in D:\vrProject\My project\Library\PackageCache\com.unity.xr.oculus@3.0.2\Runtime\OculusLoader.cs:256 
  at (wrapper managed-to-native) System.Reflection.RuntimeMethodInfo.InternalInvoke(System.Reflection.RuntimeMethodInfo,object,object[],System.Exception&)
  at System.Reflection.RuntimeMethodInfo.Invoke (System.Object obj, System.Reflection.BindingFlags invokeAttr, System.Reflection.Binder binder, System.Object[] parameters, System.Globalization.CultureInfo culture) [0x0006a] in <c9d3ffd4b98649ee9989e1908eaca019>:0 
   --- End of inner exception stack trace ---
  at System.Reflection.RuntimeMethodInfo.Invoke (System.Object obj, System.Reflection.BindingFlags invokeAttr, System.Reflection.Binder binder, System.Object[] parameters, System.Globalization.CultureInfo culture) [0x00083] in <c9d3ffd4b98649ee9989e1908eaca019>:0 
  at System.Reflection.MethodBase.Invoke (System.Object obj, System.Object[] parameters) [0x00000] in <c9d3ffd4b98649ee9989e1908eaca019>:0 
  at UnityEditor.EditorAssemblies.ProcessInitializeOnLoadMethodAttributes () [0x000a5] in <ff644ad2afd246129ad2e1e8da5c9aed>:0 
UnityEngine.StackTraceUtility:ExtractStackTrace ()
UnityEngine.DebugLogHandler:LogFormat (UnityEngine.LogType,UnityEngine.Object,string,object[])
UnityEngine.Logger:Log (UnityEngine.LogType,object)
UnityEngine.Debug:LogError (object)
UnityEditor.EditorAssemblies:ProcessInitializeOnLoadMethodAttributes ()

Mono: successfully reloaded assembly
- Completed reload, in  1.316 seconds
Domain Reload Profiling:
	ReloadAssembly (1317ms)
		BeginReloadAssembly (229ms)
			ExecutionOrderSort (0ms)
			DisableScriptedObjects (5ms)
			BackupInstance (0ms)
			ReleaseScriptingObjects (0ms)
			CreateAndSetChildDomain (140ms)
		EndReloadAssembly (976ms)
			LoadAssemblies (83ms)
			RebuildTransferFunctionScriptingTraits (0ms)
			SetupTypeCache (271ms)
			ReleaseScriptCaches (1ms)
			RebuildScriptCaches (56ms)
			SetupLoadedEditorAssemblies (520ms)
				LogAssemblyErrors (0ms)
				InitializePlatformSupportModulesInManaged (11ms)
				SetLoadedEditorAssemblies (0ms)
				RefreshPlugins (98ms)
				BeforeProcessingInitializeOnLoad (85ms)
				ProcessInitializeOnLoadAttributes (283ms)
				ProcessInitializeOnLoadMethodAttributes (35ms)
				AfterProcessingInitializeOnLoad (8ms)
				EditorAssembliesLoaded (0ms)
			ExecutionOrderSort2 (0ms)
			AwakeInstancesAfterBackupRestoration (7ms)
Platform modules already initialized, skipping
========================================================================
Worker process is ready to serve import requests
Launched and connected shader compiler UnityShaderCompiler.exe after 0.05 seconds
Refreshing native plugins compatible for Editor in 0.94 ms, found 12 plugins.
Preloading 1 native plugins for Editor in 0.11 ms.
Unloading 4143 Unused Serialized files (Serialized files now loaded: 0)
Unloading 53 unused Assets / (89.3 KB). Loaded Objects now: 4609.
Memory consumption went from 170.4 MB to 170.3 MB.
Total: 3.288200 ms (FindLiveObjects: 0.367200 ms CreateObjectMapping: 0.108100 ms MarkObjects: 2.687100 ms  DeleteObjects: 0.124600 ms)

AssetImportParameters requested are different than current active one (requested -> active):
  custom:video-decoder-ogg-theora: a1e56fd34408186e4bbccfd4996cb3dc -> 
  custom:container-muxer-webm: aa71ff27fc2769a1b78a27578f13a17b -> 
  custom:container-demuxer-webm: 4f35f7cbe854078d1ac9338744f61a02 -> 
  custom:video-encoder-webm-vp8: eb34c28f22e8b96e1ab97ce403110664 -> 
  custom:audio-encoder-webm-vorbis: bf7c407c2cedff20999df2af8eb42d56 -> 
  custom:framework-win-MediaFoundation: 216162199b28c13a410421893ffa2e32 -> 
  custom:container-demuxer-ogg: 62fdf1f143b41e24485cea50d1cbac27 -> 
  custom:video-decoder-webm-vp8: 9c59270c3fd7afecdb556c50c9e8de78 -> 
  custom:audio-decoder-ogg-vorbis: bf7c407c2cedff20999df2af8eb42d56 -> 
========================================================================
Received Import Request.
  Time since last request: 498693.329981 seconds.
  path: Assets/Store_Assets/LowPolyMetalRack/Materials/Wood.mat
  artifactKey: Guid(611c78498eea40c4d8d913e50f7f94d7) Importer(815301076,1909f56bfc062723c751e8b465ee728b)
Start importing Assets/Store_Assets/LowPolyMetalRack/Materials/Wood.mat using Guid(611c78498eea40c4d8d913e50f7f94d7) Importer(815301076,1909f56bfc062723c751e8b465ee728b)  -> (artifact id: '593cbb14650bb1382c547d67b34123c5') in 0.113950 seconds 
========================================================================
Received Import Request.
  Time since last request: 423.786193 seconds.
  path: Assets/JaneArtWork/Prefabs/Bed_1_size_01 2.prefab
  artifactKey: Guid(87ab465002e6914488ebfe5e92b8bef6) Importer(815301076,1909f56bfc062723c751e8b465ee728b)
Start importing Assets/JaneArtWork/Prefabs/Bed_1_size_01 2.prefab using Guid(87ab465002e6914488ebfe5e92b8bef6) Importer(815301076,1909f56bfc062723c751e8b465ee728b)  -> (artifact id: '64f3fde1e6414e185e6fda3324a75fa7') in 0.028470 seconds 
========================================================================
Received Import Request.
  Time since last request: 0.006884 seconds.
  path: Assets/JaneArtWork/Prefabs/Bed_1_size_02 1.prefab
  artifactKey: Guid(df49e44fdab461d41b702ac84a337423) Importer(815301076,1909f56bfc062723c751e8b465ee728b)
Start importing Assets/JaneArtWork/Prefabs/Bed_1_size_02 1.prefab using Guid(df49e44fdab461d41b702ac84a337423) Importer(815301076,1909f56bfc062723c751e8b465ee728b)  -> (artifact id: 'f5972c93721b5dcf36f83668e3d5e6ee') in 0.018071 seconds 
========================================================================
Received Import Request.
  Time since last request: 0.000028 seconds.
  path: Assets/JaneArtWork/Prefabs/Bed_1_size_04 1.prefab
  artifactKey: Guid(657189fc4e5416b42be544809806232d) Importer(815301076,1909f56bfc062723c751e8b465ee728b)
Start importing Assets/JaneArtWork/Prefabs/Bed_1_size_04 1.prefab using Guid(657189fc4e5416b42be544809806232d) Importer(815301076,1909f56bfc062723c751e8b465ee728b)  -> (artifact id: 'db17fed36e47cf5529029a69d66f33d6') in 0.021520 seconds 
========================================================================
Received Import Request.
  Time since last request: 0.000028 seconds.
  path: Assets/JaneArtWork/Prefabs/Bed_1_size_04 3.prefab
  artifactKey: Guid(19ab304741d5e98429741b9336e4ee82) Importer(815301076,1909f56bfc062723c751e8b465ee728b)
Start importing Assets/JaneArtWork/Prefabs/Bed_1_size_04 3.prefab using Guid(19ab304741d5e98429741b9336e4ee82) Importer(815301076,1909f56bfc062723c751e8b465ee728b)  -> (artifact id: 'ba596b9f47600185c19d1a8726f28b9b') in 0.016908 seconds 
========================================================================
Received Import Request.
  Time since last request: 0.000028 seconds.
  path: Assets/JaneArtWork/Prefabs/Bed_1_size_02 4.prefab
  artifactKey: Guid(2beb24fed81751042883ac795d34f8e9) Importer(815301076,1909f56bfc062723c751e8b465ee728b)
Start importing Assets/JaneArtWork/Prefabs/Bed_1_size_02 4.prefab using Guid(2beb24fed81751042883ac795d34f8e9) Importer(815301076,1909f56bfc062723c751e8b465ee728b)  -> (artifact id: '71c613f4515ee01a3e2f25b0718d918c') in 0.017509 seconds 
========================================================================
Received Import Request.
  Time since last request: 0.000066 seconds.
  path: Assets/JaneArtWork/Prefabs/Duvet.prefab
  artifactKey: Guid(e07d05f890140804ead49127836ecdaa) Importer(815301076,1909f56bfc062723c751e8b465ee728b)
Start importing Assets/JaneArtWork/Prefabs/Duvet.prefab using Guid(e07d05f890140804ead49127836ecdaa) Importer(815301076,1909f56bfc062723c751e8b465ee728b)  -> (artifact id: '3e33dbf552fa7bcc441671c2ee665c20') in 0.016019 seconds 
========================================================================
Received Import Request.
  Time since last request: 0.000034 seconds.
  path: Assets/JaneArtWork/Prefabs/Bed_1_size_03 4.prefab
  artifactKey: Guid(371e69b9023003f43b68aef174c1140e) Importer(815301076,1909f56bfc062723c751e8b465ee728b)
Start importing Assets/JaneArtWork/Prefabs/Bed_1_size_03 4.prefab using Guid(371e69b9023003f43b68aef174c1140e) Importer(815301076,1909f56bfc062723c751e8b465ee728b)  -> (artifact id: 'f218a3c732e7f523b049b2e10379be2c') in 0.019453 seconds 
========================================================================
Received Import Request.
  Time since last request: 0.000064 seconds.
  path: Assets/JaneArtWork/Prefabs/Bed_Leg.prefab
  artifactKey: Guid(cbf688496728d6648945a5ae54510020) Importer(815301076,1909f56bfc062723c751e8b465ee728b)
Start importing Assets/JaneArtWork/Prefabs/Bed_Leg.prefab using Guid(cbf688496728d6648945a5ae54510020) Importer(815301076,1909f56bfc062723c751e8b465ee728b)  -> (artifact id: 'bd766e5cc11d0617cac3adacd38073d0') in 0.019716 seconds 
========================================================================
Received Import Request.
  Time since last request: 0.000051 seconds.
  path: Assets/JaneArtWork/Prefabs/Bed_1_size_02.prefab
  artifactKey: Guid(3b79654784d6a444890868f6490c3297) Importer(815301076,1909f56bfc062723c751e8b465ee728b)
Start importing Assets/JaneArtWork/Prefabs/Bed_1_size_02.prefab using Guid(3b79654784d6a444890868f6490c3297) Importer(815301076,1909f56bfc062723c751e8b465ee728b)  -> (artifact id: 'afcdb56f61245c9edaeaa9b5501b6e88') in 0.021328 seconds 
========================================================================
Received Import Request.
  Time since last request: 0.000028 seconds.
  path: Assets/JaneArtWork/Prefabs/Bedspread.prefab
  artifactKey: Guid(739bd16b77d98d64d8c314fd0a8fc2ef) Importer(815301076,1909f56bfc062723c751e8b465ee728b)
Start importing Assets/JaneArtWork/Prefabs/Bedspread.prefab using Guid(739bd16b77d98d64d8c314fd0a8fc2ef) Importer(815301076,1909f56bfc062723c751e8b465ee728b)  -> (artifact id: 'b3f5a3212c9e40084f17dbf4db5e3979') in 0.010703 seconds 
========================================================================
Received Import Request.
  Time since last request: 0.000038 seconds.
  path: Assets/JaneArtWork/Prefabs/Mattress.prefab
  artifactKey: Guid(f49c2e0b8cfbbbf40af4dc1522b43129) Importer(815301076,1909f56bfc062723c751e8b465ee728b)
Start importing Assets/JaneArtWork/Prefabs/Mattress.prefab using Guid(f49c2e0b8cfbbbf40af4dc1522b43129) Importer(815301076,1909f56bfc062723c751e8b465ee728b)  -> (artifact id: 'a498cb894a88997c38f22f7a92dc8eda') in 0.017441 seconds 
========================================================================
Received Import Request.
  Time since last request: 0.000040 seconds.
  path: Assets/JaneArtWork/Prefabs/Bed_1_size_03.prefab
  artifactKey: Guid(48023f3228be6174eb5c8c1f0b48294e) Importer(815301076,1909f56bfc062723c751e8b465ee728b)
Start importing Assets/JaneArtWork/Prefabs/Bed_1_size_03.prefab using Guid(48023f3228be6174eb5c8c1f0b48294e) Importer(815301076,1909f56bfc062723c751e8b465ee728b)  -> (artifact id: '1e3f60efd738265966f895ae711447d3') in 0.012221 seconds 
========================================================================
Received Import Request.
  Time since last request: 0.000032 seconds.
  path: Assets/JaneArtWork/Prefabs/Bed_1_size_01 3.prefab
  artifactKey: Guid(7709053421b6f7f41b9cdd328dade50c) Importer(815301076,1909f56bfc062723c751e8b465ee728b)
Start importing Assets/JaneArtWork/Prefabs/Bed_1_size_01 3.prefab using Guid(7709053421b6f7f41b9cdd328dade50c) Importer(815301076,1909f56bfc062723c751e8b465ee728b)  -> (artifact id: '7f93f8f20a68e4ffa9dd9a9de7cf9890') in 0.011548 seconds 
========================================================================
Received Import Request.
  Time since last request: 0.000049 seconds.
  path: Assets/JaneArtWork/Prefabs/Bed_1_size_02 3.prefab
  artifactKey: Guid(be9593269a8166f48b298aad447f2e2f) Importer(815301076,1909f56bfc062723c751e8b465ee728b)
Start importing Assets/JaneArtWork/Prefabs/Bed_1_size_02 3.prefab using Guid(be9593269a8166f48b298aad447f2e2f) Importer(815301076,1909f56bfc062723c751e8b465ee728b)  -> (artifact id: 'c1e9e8095ee74debb4aedac249821f74') in 0.011960 seconds 
========================================================================
Received Import Request.
  Time since last request: 0.000068 seconds.
  path: Assets/JaneArtWork/Prefabs/Pillow_3.prefab
  artifactKey: Guid(bfecbfaa4096a114898b4445e2cc1c5a) Importer(815301076,1909f56bfc062723c751e8b465ee728b)
Start importing Assets/JaneArtWork/Prefabs/Pillow_3.prefab using Guid(bfecbfaa4096a114898b4445e2cc1c5a) Importer(815301076,1909f56bfc062723c751e8b465ee728b)  -> (artifact id: '50f5ef29c3fe4a7a9fdcb7388aaa3a49') in 0.008516 seconds 
Editor requested this worker to shutdown with reason: Scaling down because of idle timeout
AssetImportWorker is now disconnected from the server
Process exiting
Exiting without the bug reporter. Application will terminate with return code 0